<?xml version="1.0" encoding="UTF-8"?>
<coverage generated="1747396302448" clover="3.2.0">
  <project timestamp="1747396302448" name="All files">
    <metrics statements="1084" coveredstatements="1061" conditionals="80" coveredconditionals="75" methods="160" coveredmethods="150" elements="1324" coveredelements="1286" complexity="0" loc="1084" ncloc="1084" packages="20" files="69" classes="69"/>
    <package name="api.controllers">
      <metrics statements="81" coveredstatements="81" conditionals="1" coveredconditionals="1" methods="22" coveredmethods="22"/>
      <file name="auth.controller.ts" path="/Users/feroxes/development/projects/green-tower/green-tower-server/src/api/controllers/auth.controller.ts">
        <metrics statements="31" coveredstatements="31" conditionals="1" coveredconditionals="1" methods="7" coveredmethods="7"/>
        <line num="1" count="20" type="stmt"/>
        <line num="4" count="20" type="stmt"/>
        <line num="6" count="20" type="stmt"/>
        <line num="8" count="20" type="stmt"/>
        <line num="12" count="20" type="stmt"/>
        <line num="15" count="20" type="stmt"/>
        <line num="16" count="20" type="stmt"/>
        <line num="19" count="20" type="stmt"/>
        <line num="20" count="90" type="stmt"/>
        <line num="25" count="20" type="stmt"/>
        <line num="26" count="109" type="stmt"/>
        <line num="28" count="105" type="stmt"/>
        <line num="34" count="105" type="stmt"/>
        <line num="36" count="105" type="stmt"/>
        <line num="44" count="20" type="stmt"/>
        <line num="49" count="3" type="stmt"/>
        <line num="50" count="3" type="stmt"/>
        <line num="52" count="3" type="stmt"/>
        <line num="60" count="3" type="stmt"/>
        <line num="65" count="20" type="stmt"/>
        <line num="66" count="1" type="stmt"/>
        <line num="67" count="1" type="cond" truecount="1" falsecount="0"/>
        <line num="68" count="1" type="stmt"/>
        <line num="70" count="1" type="stmt"/>
        <line num="71" count="1" type="stmt"/>
        <line num="72" count="1" type="stmt"/>
        <line num="76" count="20" type="stmt"/>
        <line num="77" count="112" type="stmt"/>
        <line num="78" count="112" type="stmt"/>
        <line num="82" count="20" type="stmt"/>
        <line num="83" count="4" type="stmt"/>
      </file>
      <file name="farm.controller.ts" path="/Users/feroxes/development/projects/green-tower/green-tower-server/src/api/controllers/farm.controller.ts">
        <metrics statements="10" coveredstatements="10" conditionals="0" coveredconditionals="0" methods="2" coveredmethods="2"/>
        <line num="1" count="20" type="stmt"/>
        <line num="3" count="20" type="stmt"/>
        <line num="4" count="20" type="stmt"/>
        <line num="6" count="20" type="stmt"/>
        <line num="8" count="20" type="stmt"/>
        <line num="12" count="20" type="stmt"/>
        <line num="16" count="20" type="stmt"/>
        <line num="17" count="20" type="stmt"/>
        <line num="21" count="20" type="stmt"/>
        <line num="22" count="5" type="stmt"/>
      </file>
      <file name="plant.controller.ts" path="/Users/feroxes/development/projects/green-tower/green-tower-server/src/api/controllers/plant.controller.ts">
        <metrics statements="19" coveredstatements="19" conditionals="0" coveredconditionals="0" methods="6" coveredmethods="6"/>
        <line num="1" count="20" type="stmt"/>
        <line num="3" count="20" type="stmt"/>
        <line num="4" count="20" type="stmt"/>
        <line num="5" count="20" type="stmt"/>
        <line num="7" count="20" type="stmt"/>
        <line num="9" count="20" type="stmt"/>
        <line num="13" count="20" type="stmt"/>
        <line num="17" count="20" type="stmt"/>
        <line num="18" count="20" type="stmt"/>
        <line num="22" count="20" type="stmt"/>
        <line num="23" count="79" type="stmt"/>
        <line num="28" count="20" type="stmt"/>
        <line num="29" count="4" type="stmt"/>
        <line num="34" count="20" type="stmt"/>
        <line num="35" count="3" type="stmt"/>
        <line num="40" count="20" type="stmt"/>
        <line num="41" count="4" type="stmt"/>
        <line num="46" count="20" type="stmt"/>
        <line num="47" count="3" type="stmt"/>
      </file>
      <file name="user.controller.ts" path="/Users/feroxes/development/projects/green-tower/green-tower-server/src/api/controllers/user.controller.ts">
        <metrics statements="21" coveredstatements="21" conditionals="0" coveredconditionals="0" methods="7" coveredmethods="7"/>
        <line num="1" count="20" type="stmt"/>
        <line num="3" count="20" type="stmt"/>
        <line num="4" count="20" type="stmt"/>
        <line num="5" count="20" type="stmt"/>
        <line num="7" count="20" type="stmt"/>
        <line num="9" count="20" type="stmt"/>
        <line num="13" count="20" type="stmt"/>
        <line num="17" count="20" type="stmt"/>
        <line num="18" count="20" type="stmt"/>
        <line num="22" count="20" type="stmt"/>
        <line num="23" count="36" type="stmt"/>
        <line num="28" count="20" type="stmt"/>
        <line num="29" count="6" type="stmt"/>
        <line num="34" count="20" type="stmt"/>
        <line num="35" count="7" type="stmt"/>
        <line num="40" count="20" type="stmt"/>
        <line num="41" count="6" type="stmt"/>
        <line num="46" count="20" type="stmt"/>
        <line num="47" count="6" type="stmt"/>
        <line num="52" count="20" type="stmt"/>
        <line num="53" count="1" type="stmt"/>
      </file>
    </package>
    <package name="api.dtos">
      <metrics statements="97" coveredstatements="94" conditionals="0" coveredconditionals="0" methods="6" coveredmethods="0"/>
      <file name="auth.dto.ts" path="/Users/feroxes/development/projects/green-tower/green-tower-server/src/api/dtos/auth.dto.ts">
        <metrics statements="21" coveredstatements="21" conditionals="0" coveredconditionals="0" methods="2" coveredmethods="0"/>
        <line num="1" count="20" type="stmt"/>
        <line num="5" count="20" type="stmt"/>
        <line num="10" count="20" type="stmt"/>
        <line num="16" count="20" type="stmt"/>
        <line num="21" count="20" type="stmt"/>
        <line num="27" count="20" type="stmt"/>
        <line num="33" count="20" type="stmt"/>
        <line num="38" count="20" type="stmt"/>
        <line num="41" count="20" type="stmt"/>
        <line num="45" count="20" type="stmt"/>
        <line num="51" count="20" type="stmt"/>
        <line num="54" count="20" type="stmt"/>
        <line num="56" count="20" type="stmt"/>
        <line num="59" count="20" type="stmt"/>
        <line num="62" count="20" type="stmt"/>
        <line num="65" count="20" type="stmt"/>
        <line num="68" count="20" type="stmt"/>
        <line num="71" count="20" type="stmt"/>
        <line num="76" count="20" type="stmt"/>
        <line num="79" count="20" type="stmt"/>
        <line num="84" count="20" type="stmt"/>
      </file>
      <file name="farm.dto.ts" path="/Users/feroxes/development/projects/green-tower/green-tower-server/src/api/dtos/farm.dto.ts">
        <metrics statements="3" coveredstatements="3" conditionals="0" coveredconditionals="0" methods="0" coveredmethods="0"/>
        <line num="1" count="20" type="stmt"/>
        <line num="3" count="20" type="stmt"/>
        <line num="6" count="20" type="stmt"/>
      </file>
      <file name="plant.dto.ts" path="/Users/feroxes/development/projects/green-tower/green-tower-server/src/api/dtos/plant.dto.ts">
        <metrics statements="46" coveredstatements="43" conditionals="0" coveredconditionals="0" methods="3" coveredmethods="0"/>
        <line num="1" count="20" type="stmt"/>
        <line num="2" count="20" type="stmt"/>
        <line num="17" count="20" type="stmt"/>
        <line num="19" count="20" type="stmt"/>
        <line num="21" count="20" type="stmt"/>
        <line num="23" count="20" type="stmt"/>
        <line num="28" count="20" type="stmt"/>
        <line num="33" count="20" type="stmt"/>
        <line num="38" count="20" type="stmt"/>
        <line num="43" count="20" type="stmt"/>
        <line num="47" count="20" type="stmt"/>
        <line num="51" count="20" type="stmt"/>
        <line num="55" count="20" type="stmt"/>
        <line num="59" count="20" type="stmt"/>
        <line num="62" count="20" type="stmt"/>
        <line num="66" count="20" type="stmt"/>
        <line num="70" count="20" type="stmt"/>
        <line num="72" count="20" type="stmt"/>
        <line num="75" count="20" type="stmt"/>
        <line num="80" count="20" type="stmt"/>
        <line num="85" count="20" type="stmt"/>
        <line num="90" count="20" type="stmt"/>
        <line num="95" count="20" type="stmt"/>
        <line num="99" count="20" type="stmt"/>
        <line num="103" count="20" type="stmt"/>
        <line num="107" count="20" type="stmt"/>
        <line num="111" count="20" type="stmt"/>
        <line num="114" count="20" type="stmt"/>
        <line num="118" count="20" type="stmt"/>
        <line num="122" count="20" type="stmt"/>
        <line num="125" count="20" type="stmt"/>
        <line num="128" count="20" type="stmt"/>
        <line num="131" count="20" type="stmt"/>
        <line num="134" count="20" type="stmt"/>
        <line num="137" count="20" type="stmt"/>
        <line num="140" count="20" type="stmt"/>
        <line num="144" count="20" type="stmt"/>
        <line num="147" count="20" type="stmt"/>
        <line num="150" count="20" type="stmt"/>
        <line num="153" count="20" type="stmt"/>
        <line num="156" count="0" type="stmt"/>
        <line num="157" count="20" type="stmt"/>
        <line num="161" count="0" type="stmt"/>
        <line num="162" count="20" type="stmt"/>
        <line num="166" count="0" type="stmt"/>
        <line num="167" count="20" type="stmt"/>
      </file>
      <file name="user.dto.ts" path="/Users/feroxes/development/projects/green-tower/green-tower-server/src/api/dtos/user.dto.ts">
        <metrics statements="27" coveredstatements="27" conditionals="0" coveredconditionals="0" methods="1" coveredmethods="0"/>
        <line num="1" count="20" type="stmt"/>
        <line num="3" count="20" type="stmt"/>
        <line num="7" count="20" type="stmt"/>
        <line num="12" count="20" type="stmt"/>
        <line num="18" count="20" type="stmt"/>
        <line num="23" count="20" type="stmt"/>
        <line num="29" count="20" type="stmt"/>
        <line num="32" count="20" type="stmt"/>
        <line num="35" count="20" type="stmt"/>
        <line num="40" count="20" type="stmt"/>
        <line num="46" count="20" type="stmt"/>
        <line num="51" count="20" type="stmt"/>
        <line num="57" count="20" type="stmt"/>
        <line num="60" count="20" type="stmt"/>
        <line num="65" count="20" type="stmt"/>
        <line num="68" count="20" type="stmt"/>
        <line num="71" count="20" type="stmt"/>
        <line num="76" count="20" type="stmt"/>
        <line num="81" count="20" type="stmt"/>
        <line num="84" count="20" type="stmt"/>
        <line num="87" count="20" type="stmt"/>
        <line num="90" count="20" type="stmt"/>
        <line num="93" count="20" type="stmt"/>
        <line num="96" count="20" type="stmt"/>
        <line num="99" count="20" type="stmt"/>
        <line num="102" count="20" type="stmt"/>
        <line num="105" count="20" type="stmt"/>
      </file>
    </package>
    <package name="api.errors">
      <metrics statements="106" coveredstatements="106" conditionals="1" coveredconditionals="1" methods="23" coveredmethods="23"/>
      <file name="auth.errors.ts" path="/Users/feroxes/development/projects/green-tower/green-tower-server/src/api/errors/auth.errors.ts">
        <metrics statements="24" coveredstatements="24" conditionals="0" coveredconditionals="0" methods="4" coveredmethods="4"/>
        <line num="1" count="20" type="stmt"/>
        <line num="3" count="20" type="stmt"/>
        <line num="5" count="20" type="stmt"/>
        <line num="7" count="20" type="stmt"/>
        <line num="10" count="20" type="stmt"/>
        <line num="16" count="20" type="stmt"/>
        <line num="22" count="20" type="stmt"/>
        <line num="31" count="20" type="stmt"/>
        <line num="34" count="20" type="stmt"/>
        <line num="36" count="20" type="stmt"/>
        <line num="43" count="20" type="stmt"/>
        <line num="45" count="20" type="stmt"/>
        <line num="48" count="20" type="stmt"/>
        <line num="54" count="20" type="stmt"/>
        <line num="60" count="20" type="stmt"/>
        <line num="67" count="20" type="stmt"/>
        <line num="69" count="20" type="stmt"/>
        <line num="72" count="20" type="stmt"/>
        <line num="73" count="20" type="stmt"/>
        <line num="78" count="20" type="stmt"/>
        <line num="85" count="20" type="stmt"/>
        <line num="86" count="20" type="stmt"/>
        <line num="87" count="20" type="stmt"/>
        <line num="88" count="20" type="stmt"/>
      </file>
      <file name="base.error.ts" path="/Users/feroxes/development/projects/green-tower/green-tower-server/src/api/errors/base.error.ts">
        <metrics statements="4" coveredstatements="4" conditionals="1" coveredconditionals="1" methods="3" coveredmethods="3"/>
        <line num="9" count="20" type="stmt"/>
        <line num="10" count="785" type="stmt"/>
        <line num="17" count="1232" type="cond" truecount="1" falsecount="0"/>
        <line num="18" count="109" type="stmt"/>
      </file>
      <file name="farm-component.errors.ts" path="/Users/feroxes/development/projects/green-tower/green-tower-server/src/api/errors/farm-component.errors.ts">
        <metrics statements="5" coveredstatements="5" conditionals="0" coveredconditionals="0" methods="1" coveredmethods="1"/>
        <line num="1" count="20" type="stmt"/>
        <line num="3" count="20" type="stmt"/>
        <line num="5" count="20" type="stmt"/>
        <line num="7" count="136" type="stmt"/>
        <line num="10" count="136" type="stmt"/>
      </file>
      <file name="farm.errors.ts" path="/Users/feroxes/development/projects/green-tower/green-tower-server/src/api/errors/farm.errors.ts">
        <metrics statements="7" coveredstatements="7" conditionals="0" coveredconditionals="0" methods="1" coveredmethods="1"/>
        <line num="1" count="20" type="stmt"/>
        <line num="3" count="20" type="stmt"/>
        <line num="5" count="20" type="stmt"/>
        <line num="7" count="20" type="stmt"/>
        <line num="9" count="20" type="stmt"/>
        <line num="10" count="20" type="stmt"/>
        <line num="17" count="20" type="stmt"/>
      </file>
      <file name="plant-component.errors.ts" path="/Users/feroxes/development/projects/green-tower/green-tower-server/src/api/errors/plant-component.errors.ts">
        <metrics statements="5" coveredstatements="5" conditionals="0" coveredconditionals="0" methods="1" coveredmethods="1"/>
        <line num="1" count="20" type="stmt"/>
        <line num="3" count="20" type="stmt"/>
        <line num="5" count="20" type="stmt"/>
        <line num="7" count="11" type="stmt"/>
        <line num="10" count="11" type="stmt"/>
      </file>
      <file name="plant.errors.ts" path="/Users/feroxes/development/projects/green-tower/green-tower-server/src/api/errors/plant.errors.ts">
        <metrics statements="11" coveredstatements="11" conditionals="0" coveredconditionals="0" methods="3" coveredmethods="3"/>
        <line num="1" count="20" type="stmt"/>
        <line num="3" count="20" type="stmt"/>
        <line num="7" count="20" type="stmt"/>
        <line num="9" count="20" type="stmt"/>
        <line num="18" count="20" type="stmt"/>
        <line num="20" count="20" type="stmt"/>
        <line num="29" count="20" type="stmt"/>
        <line num="31" count="20" type="stmt"/>
        <line num="38" count="20" type="stmt"/>
        <line num="39" count="20" type="stmt"/>
        <line num="40" count="20" type="stmt"/>
      </file>
      <file name="refresh-token-middleware.errors.ts" path="/Users/feroxes/development/projects/green-tower/green-tower-server/src/api/errors/refresh-token-middleware.errors.ts">
        <metrics statements="9" coveredstatements="9" conditionals="0" coveredconditionals="0" methods="1" coveredmethods="1"/>
        <line num="1" count="20" type="stmt"/>
        <line num="3" count="20" type="stmt"/>
        <line num="5" count="20" type="stmt"/>
        <line num="7" count="20" type="stmt"/>
        <line num="10" count="20" type="stmt"/>
        <line num="16" count="20" type="stmt"/>
        <line num="18" count="20" type="stmt"/>
        <line num="24" count="20" type="stmt"/>
        <line num="27" count="20" type="stmt"/>
      </file>
      <file name="token-service.errors.ts" path="/Users/feroxes/development/projects/green-tower/green-tower-server/src/api/errors/token-service.errors.ts">
        <metrics statements="12" coveredstatements="12" conditionals="0" coveredconditionals="0" methods="2" coveredmethods="2"/>
        <line num="1" count="20" type="stmt"/>
        <line num="3" count="20" type="stmt"/>
        <line num="5" count="20" type="stmt"/>
        <line num="7" count="20" type="stmt"/>
        <line num="10" count="20" type="stmt"/>
        <line num="17" count="20" type="stmt"/>
        <line num="19" count="20" type="stmt"/>
        <line num="22" count="20" type="stmt"/>
        <line num="28" count="20" type="stmt"/>
        <line num="30" count="20" type="stmt"/>
        <line num="37" count="20" type="stmt"/>
        <line num="38" count="20" type="stmt"/>
      </file>
      <file name="user-component.errors.ts" path="/Users/feroxes/development/projects/green-tower/green-tower-server/src/api/errors/user-component.errors.ts">
        <metrics statements="9" coveredstatements="9" conditionals="0" coveredconditionals="0" methods="2" coveredmethods="2"/>
        <line num="1" count="20" type="stmt"/>
        <line num="3" count="20" type="stmt"/>
        <line num="5" count="20" type="stmt"/>
        <line num="7" count="127" type="stmt"/>
        <line num="10" count="127" type="stmt"/>
        <line num="16" count="127" type="stmt"/>
        <line num="23" count="20" type="stmt"/>
        <line num="25" count="191" type="stmt"/>
        <line num="28" count="191" type="stmt"/>
      </file>
      <file name="user.errors.ts" path="/Users/feroxes/development/projects/green-tower/green-tower-server/src/api/errors/user.errors.ts">
        <metrics statements="20" coveredstatements="20" conditionals="0" coveredconditionals="0" methods="5" coveredmethods="5"/>
        <line num="1" count="20" type="stmt"/>
        <line num="3" count="20" type="stmt"/>
        <line num="7" count="20" type="stmt"/>
        <line num="10" count="20" type="stmt"/>
        <line num="19" count="20" type="stmt"/>
        <line num="21" count="20" type="stmt"/>
        <line num="23" count="20" type="stmt"/>
        <line num="32" count="20" type="stmt"/>
        <line num="34" count="20" type="stmt"/>
        <line num="39" count="20" type="stmt"/>
        <line num="41" count="20" type="stmt"/>
        <line num="46" count="20" type="stmt"/>
        <line num="55" count="20" type="stmt"/>
        <line num="57" count="20" type="stmt"/>
        <line num="62" count="20" type="stmt"/>
        <line num="69" count="20" type="stmt"/>
        <line num="70" count="20" type="stmt"/>
        <line num="71" count="20" type="stmt"/>
        <line num="72" count="20" type="stmt"/>
        <line num="73" count="20" type="stmt"/>
      </file>
    </package>
    <package name="api.modules">
      <metrics statements="91" coveredstatements="91" conditionals="0" coveredconditionals="0" methods="3" coveredmethods="3"/>
      <file name="app.module.ts" path="/Users/feroxes/development/projects/green-tower/green-tower-server/src/api/modules/app.module.ts">
        <metrics statements="19" coveredstatements="19" conditionals="0" coveredconditionals="0" methods="2" coveredmethods="2"/>
        <line num="1" count="20" type="stmt"/>
        <line num="3" count="20" type="stmt"/>
        <line num="4" count="20" type="stmt"/>
        <line num="5" count="20" type="stmt"/>
        <line num="7" count="20" type="stmt"/>
        <line num="8" count="20" type="stmt"/>
        <line num="9" count="20" type="stmt"/>
        <line num="11" count="20" type="stmt"/>
        <line num="12" count="20" type="stmt"/>
        <line num="13" count="20" type="stmt"/>
        <line num="14" count="20" type="stmt"/>
        <line num="15" count="20" type="stmt"/>
        <line num="17" count="20" type="stmt"/>
        <line num="18" count="20" type="stmt"/>
        <line num="20" count="20" type="stmt"/>
        <line num="22" count="20" type="stmt"/>
        <line num="40" count="20" type="stmt"/>
        <line num="63" count="20" type="stmt"/>
        <line num="65" count="20" type="stmt"/>
      </file>
      <file name="auth.module.ts" path="/Users/feroxes/development/projects/green-tower/green-tower-server/src/api/modules/auth.module.ts">
        <metrics statements="18" coveredstatements="18" conditionals="0" coveredconditionals="0" methods="0" coveredmethods="0"/>
        <line num="1" count="20" type="stmt"/>
        <line num="2" count="20" type="stmt"/>
        <line num="4" count="20" type="stmt"/>
        <line num="6" count="20" type="stmt"/>
        <line num="7" count="20" type="stmt"/>
        <line num="9" count="20" type="stmt"/>
        <line num="11" count="20" type="stmt"/>
        <line num="12" count="20" type="stmt"/>
        <line num="13" count="20" type="stmt"/>
        <line num="14" count="20" type="stmt"/>
        <line num="15" count="20" type="stmt"/>
        <line num="16" count="20" type="stmt"/>
        <line num="17" count="20" type="stmt"/>
        <line num="18" count="20" type="stmt"/>
        <line num="19" count="20" type="stmt"/>
        <line num="21" count="20" type="stmt"/>
        <line num="22" count="20" type="stmt"/>
        <line num="43" count="20" type="stmt"/>
      </file>
      <file name="farm.module.ts" path="/Users/feroxes/development/projects/green-tower/green-tower-server/src/api/modules/farm.module.ts">
        <metrics statements="13" coveredstatements="13" conditionals="0" coveredconditionals="0" methods="0" coveredmethods="0"/>
        <line num="1" count="20" type="stmt"/>
        <line num="2" count="20" type="stmt"/>
        <line num="4" count="20" type="stmt"/>
        <line num="6" count="20" type="stmt"/>
        <line num="7" count="20" type="stmt"/>
        <line num="8" count="20" type="stmt"/>
        <line num="10" count="20" type="stmt"/>
        <line num="12" count="20" type="stmt"/>
        <line num="13" count="20" type="stmt"/>
        <line num="14" count="20" type="stmt"/>
        <line num="16" count="20" type="stmt"/>
        <line num="17" count="20" type="stmt"/>
        <line num="25" count="20" type="stmt"/>
      </file>
      <file name="jwt.module.ts" path="/Users/feroxes/development/projects/green-tower/green-tower-server/src/api/modules/jwt.module.ts">
        <metrics statements="5" coveredstatements="5" conditionals="0" coveredconditionals="0" methods="1" coveredmethods="1"/>
        <line num="1" count="20" type="stmt"/>
        <line num="2" count="20" type="stmt"/>
        <line num="3" count="20" type="stmt"/>
        <line num="10" count="20" type="stmt"/>
        <line num="19" count="20" type="stmt"/>
      </file>
      <file name="plant.module.ts" path="/Users/feroxes/development/projects/green-tower/green-tower-server/src/api/modules/plant.module.ts">
        <metrics statements="18" coveredstatements="18" conditionals="0" coveredconditionals="0" methods="0" coveredmethods="0"/>
        <line num="1" count="20" type="stmt"/>
        <line num="2" count="20" type="stmt"/>
        <line num="4" count="20" type="stmt"/>
        <line num="6" count="20" type="stmt"/>
        <line num="7" count="20" type="stmt"/>
        <line num="8" count="20" type="stmt"/>
        <line num="10" count="20" type="stmt"/>
        <line num="12" count="20" type="stmt"/>
        <line num="13" count="20" type="stmt"/>
        <line num="14" count="20" type="stmt"/>
        <line num="15" count="20" type="stmt"/>
        <line num="16" count="20" type="stmt"/>
        <line num="17" count="20" type="stmt"/>
        <line num="18" count="20" type="stmt"/>
        <line num="20" count="20" type="stmt"/>
        <line num="21" count="20" type="stmt"/>
        <line num="22" count="20" type="stmt"/>
        <line num="42" count="20" type="stmt"/>
      </file>
      <file name="user.module.ts" path="/Users/feroxes/development/projects/green-tower/green-tower-server/src/api/modules/user.module.ts">
        <metrics statements="18" coveredstatements="18" conditionals="0" coveredconditionals="0" methods="0" coveredmethods="0"/>
        <line num="1" count="20" type="stmt"/>
        <line num="2" count="20" type="stmt"/>
        <line num="4" count="20" type="stmt"/>
        <line num="6" count="20" type="stmt"/>
        <line num="7" count="20" type="stmt"/>
        <line num="9" count="20" type="stmt"/>
        <line num="11" count="20" type="stmt"/>
        <line num="12" count="20" type="stmt"/>
        <line num="13" count="20" type="stmt"/>
        <line num="14" count="20" type="stmt"/>
        <line num="15" count="20" type="stmt"/>
        <line num="16" count="20" type="stmt"/>
        <line num="17" count="20" type="stmt"/>
        <line num="18" count="20" type="stmt"/>
        <line num="19" count="20" type="stmt"/>
        <line num="21" count="20" type="stmt"/>
        <line num="22" count="20" type="stmt"/>
        <line num="43" count="20" type="stmt"/>
      </file>
    </package>
    <package name="api.types">
      <metrics statements="8" coveredstatements="8" conditionals="2" coveredconditionals="2" methods="1" coveredmethods="1"/>
      <file name="common.types.ts" path="/Users/feroxes/development/projects/green-tower/green-tower-server/src/api/types/common.types.ts">
        <metrics statements="3" coveredstatements="3" conditionals="2" coveredconditionals="2" methods="1" coveredmethods="1"/>
        <line num="1" count="20" type="cond" truecount="2" falsecount="0"/>
        <line num="2" count="20" type="stmt"/>
        <line num="3" count="20" type="stmt"/>
      </file>
      <file name="dto-types.ts" path="/Users/feroxes/development/projects/green-tower/green-tower-server/src/api/types/dto-types.ts">
        <metrics statements="5" coveredstatements="5" conditionals="0" coveredconditionals="0" methods="0" coveredmethods="0"/>
        <line num="1" count="20" type="stmt"/>
        <line num="3" count="20" type="stmt"/>
        <line num="6" count="20" type="stmt"/>
        <line num="10" count="20" type="stmt"/>
        <line num="19" count="20" type="stmt"/>
      </file>
    </package>
    <package name="components">
      <metrics statements="68" coveredstatements="66" conditionals="8" coveredconditionals="7" methods="9" coveredmethods="7"/>
      <file name="farm.component.ts" path="/Users/feroxes/development/projects/green-tower/green-tower-server/src/components/farm.component.ts">
        <metrics statements="12" coveredstatements="12" conditionals="3" coveredconditionals="3" methods="2" coveredmethods="2"/>
        <line num="1" count="20" type="stmt"/>
        <line num="2" count="20" type="stmt"/>
        <line num="3" count="20" type="stmt"/>
        <line num="5" count="20" type="stmt"/>
        <line num="7" count="20" type="stmt"/>
        <line num="10" count="20" type="stmt"/>
        <line num="13" count="80" type="stmt"/>
        <line num="17" count="136" type="stmt"/>
        <line num="18" count="136" type="cond" truecount="2" falsecount="0"/>
        <line num="20" count="136" type="cond" truecount="1" falsecount="0"/>
        <line num="21" count="1" type="stmt"/>
        <line num="23" count="135" type="stmt"/>
      </file>
      <file name="plant.component.ts" path="/Users/feroxes/development/projects/green-tower/green-tower-server/src/components/plant.component.ts">
        <metrics statements="18" coveredstatements="17" conditionals="3" coveredconditionals="2" methods="3" coveredmethods="2"/>
        <line num="1" count="20" type="stmt"/>
        <line num="2" count="20" type="stmt"/>
        <line num="3" count="20" type="stmt"/>
        <line num="5" count="20" type="stmt"/>
        <line num="7" count="20" type="stmt"/>
        <line num="9" count="20" type="stmt"/>
        <line num="12" count="20" type="stmt"/>
        <line num="14" count="20" type="stmt"/>
        <line num="15" count="20" type="stmt"/>
        <line num="18" count="20" type="stmt"/>
        <line num="21" count="20" type="stmt"/>
        <line num="29" count="8" type="stmt"/>
        <line num="30" count="8" type="stmt"/>
        <line num="36" count="8" type="cond" truecount="1" falsecount="0"/>
        <line num="37" count="3" type="stmt"/>
        <line num="39" count="5" type="stmt"/>
        <line num="47" count="20" type="stmt"/>
        <line num="53" count="0" type="stmt"/>
      </file>
      <file name="user.component.ts" path="/Users/feroxes/development/projects/green-tower/green-tower-server/src/components/user.component.ts">
        <metrics statements="38" coveredstatements="37" conditionals="2" coveredconditionals="2" methods="4" coveredmethods="3"/>
        <line num="1" count="20" type="stmt"/>
        <line num="2" count="20" type="stmt"/>
        <line num="3" count="20" type="stmt"/>
        <line num="4" count="20" type="stmt"/>
        <line num="8" count="20" type="stmt"/>
        <line num="10" count="20" type="stmt"/>
        <line num="15" count="20" type="stmt"/>
        <line num="18" count="20" type="stmt"/>
        <line num="20" count="20" type="stmt"/>
        <line num="21" count="20" type="stmt"/>
        <line num="22" count="20" type="stmt"/>
        <line num="25" count="20" type="stmt"/>
        <line num="28" count="80" type="stmt"/>
        <line num="29" count="80" type="stmt"/>
        <line num="33" count="124" type="stmt"/>
        <line num="34" count="124" type="stmt"/>
        <line num="38" count="124" type="cond" truecount="1" falsecount="0"/>
        <line num="39" count="2" type="stmt"/>
        <line num="42" count="122" type="stmt"/>
        <line num="44" count="122" type="stmt"/>
        <line num="49" count="122" type="stmt"/>
        <line num="50" count="122" type="stmt"/>
        <line num="52" count="122" type="stmt"/>
        <line num="53" count="122" type="stmt"/>
        <line num="57" count="122" type="stmt"/>
        <line num="58" count="122" type="stmt"/>
        <line num="59" count="122" type="stmt"/>
        <line num="61" count="122" type="stmt"/>
        <line num="62" count="122" type="stmt"/>
        <line num="64" count="2" type="stmt"/>
        <line num="67" count="120" type="stmt"/>
        <line num="75" count="20" type="stmt"/>
        <line num="76" count="0" type="stmt"/>
        <line num="80" count="173" type="stmt"/>
        <line num="81" count="173" type="stmt"/>
        <line num="83" count="173" type="cond" truecount="1" falsecount="0"/>
        <line num="84" count="18" type="stmt"/>
        <line num="86" count="155" type="stmt"/>
      </file>
    </package>
    <package name="decorators">
      <metrics statements="38" coveredstatements="38" conditionals="13" coveredconditionals="13" methods="8" coveredmethods="8"/>
      <file name="executor.decorator.ts" path="/Users/feroxes/development/projects/green-tower/green-tower-server/src/decorators/executor.decorator.ts">
        <metrics statements="4" coveredstatements="4" conditionals="0" coveredconditionals="0" methods="1" coveredmethods="1"/>
        <line num="1" count="20" type="stmt"/>
        <line num="5" count="20" type="stmt"/>
        <line num="6" count="163" type="stmt"/>
        <line num="7" count="163" type="stmt"/>
      </file>
      <file name="list.decorator.ts" path="/Users/feroxes/development/projects/green-tower/green-tower-server/src/decorators/list.decorator.ts">
        <metrics statements="34" coveredstatements="34" conditionals="13" coveredconditionals="13" methods="7" coveredmethods="7"/>
        <line num="7" count="20" type="stmt"/>
        <line num="16" count="3" type="stmt"/>
        <line num="17" count="3" type="cond" truecount="2" falsecount="0"/>
        <line num="18" count="3" type="cond" truecount="2" falsecount="0"/>
        <line num="19" count="3" type="stmt"/>
        <line num="22" count="20" type="stmt"/>
        <line num="23" count="40" type="stmt"/>
        <line num="24" count="40" type="stmt"/>
        <line num="31" count="3" type="stmt"/>
        <line num="33" count="3" type="cond" truecount="1" falsecount="0"/>
        <line num="34" count="3" type="stmt"/>
        <line num="35" count="3" type="stmt"/>
        <line num="38" count="3" type="stmt"/>
        <line num="39" count="3" type="stmt"/>
        <line num="41" count="3" type="stmt"/>
        <line num="43" count="3" type="cond" truecount="1" falsecount="0"/>
        <line num="44" count="1" type="stmt"/>
        <line num="45" count="1" type="cond" truecount="1" falsecount="0"/>
        <line num="46" count="1" type="stmt"/>
        <line num="51" count="3" type="cond" truecount="2" falsecount="0"/>
        <line num="52" count="1" type="stmt"/>
        <line num="53" count="1" type="cond" truecount="1" falsecount="0"/>
        <line num="54" count="1" type="stmt"/>
        <line num="57" count="2" type="cond" truecount="1" falsecount="0"/>
        <line num="58" count="2" type="stmt"/>
        <line num="61" count="3" type="stmt"/>
        <line num="63" count="3" type="stmt"/>
        <line num="64" count="3" type="stmt"/>
        <line num="66" count="3" type="cond" truecount="1" falsecount="0"/>
        <line num="67" count="3" type="stmt"/>
        <line num="68" count="6" type="stmt"/>
        <line num="72" count="3" type="stmt"/>
        <line num="74" count="3" type="stmt"/>
        <line num="83" count="40" type="stmt"/>
      </file>
    </package>
    <package name="entities">
      <metrics statements="68" coveredstatements="68" conditionals="4" coveredconditionals="4" methods="15" coveredmethods="15"/>
      <file name="farm.entity.ts" path="/Users/feroxes/development/projects/green-tower/green-tower-server/src/entities/farm.entity.ts">
        <metrics statements="16" coveredstatements="16" conditionals="0" coveredconditionals="0" methods="5" coveredmethods="5"/>
        <line num="1" count="20" type="stmt"/>
        <line num="13" count="20" type="stmt"/>
        <line num="14" count="20" type="stmt"/>
        <line num="16" count="20" type="stmt"/>
        <line num="19" count="20" type="stmt"/>
        <line num="21" count="20" type="stmt"/>
        <line num="24" count="20" type="stmt"/>
        <line num="26" count="20" type="stmt"/>
        <line num="28" count="20" type="stmt"/>
        <line num="30" count="20" type="stmt"/>
        <line num="31" count="20" type="stmt"/>
        <line num="33" count="20" type="stmt"/>
        <line num="34" count="20" type="stmt"/>
        <line num="37" count="20" type="stmt"/>
        <line num="40" count="20" type="stmt"/>
        <line num="43" count="20" type="stmt"/>
      </file>
      <file name="plant.entity.ts" path="/Users/feroxes/development/projects/green-tower/green-tower-server/src/entities/plant.entity.ts">
        <metrics statements="26" coveredstatements="26" conditionals="2" coveredconditionals="2" methods="5" coveredmethods="5"/>
        <line num="1" count="20" type="stmt"/>
        <line num="13" count="20" type="stmt"/>
        <line num="14" count="20" type="stmt"/>
        <line num="16" count="20" type="cond" truecount="2" falsecount="0"/>
        <line num="17" count="20" type="stmt"/>
        <line num="18" count="20" type="stmt"/>
        <line num="23" count="20" type="stmt"/>
        <line num="25" count="20" type="stmt"/>
        <line num="28" count="20" type="stmt"/>
        <line num="31" count="20" type="stmt"/>
        <line num="34" count="20" type="stmt"/>
        <line num="37" count="20" type="stmt"/>
        <line num="44" count="20" type="stmt"/>
        <line num="47" count="20" type="stmt"/>
        <line num="50" count="20" type="stmt"/>
        <line num="53" count="20" type="stmt"/>
        <line num="56" count="20" type="stmt"/>
        <line num="59" count="20" type="stmt"/>
        <line num="62" count="20" type="stmt"/>
        <line num="64" count="20" type="stmt"/>
        <line num="66" count="20" type="stmt"/>
        <line num="68" count="20" type="stmt"/>
        <line num="70" count="20" type="stmt"/>
        <line num="73" count="20" type="stmt"/>
        <line num="76" count="20" type="stmt"/>
        <line num="79" count="20" type="stmt"/>
      </file>
      <file name="user.entity.ts" path="/Users/feroxes/development/projects/green-tower/green-tower-server/src/entities/user.entity.ts">
        <metrics statements="26" coveredstatements="26" conditionals="2" coveredconditionals="2" methods="5" coveredmethods="5"/>
        <line num="1" count="20" type="stmt"/>
        <line num="2" count="20" type="stmt"/>
        <line num="14" count="20" type="stmt"/>
        <line num="15" count="20" type="stmt"/>
        <line num="17" count="20" type="cond" truecount="2" falsecount="0"/>
        <line num="18" count="20" type="stmt"/>
        <line num="19" count="20" type="stmt"/>
        <line num="20" count="20" type="stmt"/>
        <line num="24" count="20" type="stmt"/>
        <line num="26" count="20" type="stmt"/>
        <line num="29" count="20" type="stmt"/>
        <line num="32" count="20" type="stmt"/>
        <line num="35" count="20" type="stmt"/>
        <line num="39" count="20" type="stmt"/>
        <line num="46" count="20" type="stmt"/>
        <line num="50" count="20" type="stmt"/>
        <line num="54" count="20" type="stmt"/>
        <line num="58" count="20" type="stmt"/>
        <line num="62" count="20" type="stmt"/>
        <line num="64" count="20" type="stmt"/>
        <line num="66" count="20" type="stmt"/>
        <line num="68" count="20" type="stmt"/>
        <line num="69" count="20" type="stmt"/>
        <line num="72" count="20" type="stmt"/>
        <line num="75" count="20" type="stmt"/>
        <line num="78" count="20" type="stmt"/>
      </file>
    </package>
    <package name="guards">
      <metrics statements="21" coveredstatements="18" conditionals="8" coveredconditionals="5" methods="3" coveredmethods="3"/>
      <file name="authorized.guard.ts" path="/Users/feroxes/development/projects/green-tower/green-tower-server/src/guards/authorized.guard.ts">
        <metrics statements="6" coveredstatements="5" conditionals="4" coveredconditionals="3" methods="1" coveredmethods="1"/>
        <line num="3" count="20" type="stmt"/>
        <line num="7" count="20" type="stmt"/>
        <line num="9" count="21" type="stmt"/>
        <line num="11" count="21" type="cond" truecount="0" falsecount="1"/>
        <line num="12" count="0" type="stmt"/>
        <line num="14" count="21" type="stmt"/>
      </file>
      <file name="jwt-auth.guard.ts" path="/Users/feroxes/development/projects/green-tower/green-tower-server/src/guards/jwt-auth.guard.ts">
        <metrics statements="3" coveredstatements="3" conditionals="0" coveredconditionals="0" methods="0" coveredmethods="0"/>
        <line num="1" count="20" type="stmt"/>
        <line num="2" count="20" type="stmt"/>
        <line num="5" count="20" type="stmt"/>
      </file>
      <file name="owner-or-admin.guard.ts" path="/Users/feroxes/development/projects/green-tower/green-tower-server/src/guards/owner-or-admin.guard.ts">
        <metrics statements="6" coveredstatements="5" conditionals="3" coveredconditionals="2" methods="1" coveredmethods="1"/>
        <line num="3" count="20" type="stmt"/>
        <line num="7" count="20" type="stmt"/>
        <line num="9" count="89" type="stmt"/>
        <line num="11" count="89" type="cond" truecount="0" falsecount="1"/>
        <line num="12" count="0" type="stmt"/>
        <line num="14" count="89" type="cond" truecount="2" falsecount="0"/>
      </file>
      <file name="owner.guard.ts" path="/Users/feroxes/development/projects/green-tower/green-tower-server/src/guards/owner.guard.ts">
        <metrics statements="6" coveredstatements="5" conditionals="1" coveredconditionals="0" methods="1" coveredmethods="1"/>
        <line num="3" count="20" type="stmt"/>
        <line num="7" count="20" type="stmt"/>
        <line num="9" count="60" type="stmt"/>
        <line num="11" count="60" type="cond" truecount="0" falsecount="1"/>
        <line num="12" count="0" type="stmt"/>
        <line num="14" count="60" type="stmt"/>
      </file>
    </package>
    <package name="middleware">
      <metrics statements="30" coveredstatements="30" conditionals="10" coveredconditionals="10" methods="2" coveredmethods="2"/>
      <file name="refresh-token.middleware.ts" path="/Users/feroxes/development/projects/green-tower/green-tower-server/src/middleware/refresh-token.middleware.ts">
        <metrics statements="30" coveredstatements="30" conditionals="10" coveredconditionals="10" methods="2" coveredmethods="2"/>
        <line num="1" count="20" type="stmt"/>
        <line num="2" count="20" type="stmt"/>
        <line num="3" count="20" type="stmt"/>
        <line num="6" count="20" type="stmt"/>
        <line num="8" count="20" type="stmt"/>
        <line num="11" count="20" type="stmt"/>
        <line num="13" count="20" type="stmt"/>
        <line num="14" count="20" type="stmt"/>
        <line num="18" count="177" type="stmt"/>
        <line num="19" count="177" type="cond" truecount="2" falsecount="0"/>
        <line num="20" count="177" type="stmt"/>
        <line num="22" count="177" type="cond" truecount="1" falsecount="0"/>
        <line num="23" count="1" type="stmt"/>
        <line num="26" count="176" type="stmt"/>
        <line num="27" count="176" type="cond" truecount="1" falsecount="0"/>
        <line num="28" count="1" type="stmt"/>
        <line num="30" count="175" type="stmt"/>
        <line num="31" count="175" type="stmt"/>
        <line num="32" count="169" type="stmt"/>
        <line num="34" count="6" type="cond" truecount="4" falsecount="0"/>
        <line num="35" count="5" type="stmt"/>
        <line num="36" count="5" type="cond" truecount="1" falsecount="0"/>
        <line num="37" count="1" type="stmt"/>
        <line num="40" count="4" type="stmt"/>
        <line num="42" count="1" type="stmt"/>
        <line num="44" count="1" type="stmt"/>
        <line num="45" count="1" type="cond" truecount="1" falsecount="0"/>
        <line num="46" count="1" type="stmt"/>
        <line num="49" count="1" type="stmt"/>
        <line num="51" count="1" type="stmt"/>
      </file>
    </package>
    <package name="services.auth">
      <metrics statements="142" coveredstatements="137" conditionals="11" coveredconditionals="11" methods="19" coveredmethods="19"/>
      <file name="auth-confirm-email.service.ts" path="/Users/feroxes/development/projects/green-tower/green-tower-server/src/services/auth/auth-confirm-email.service.ts">
        <metrics statements="20" coveredstatements="20" conditionals="4" coveredconditionals="4" methods="2" coveredmethods="2"/>
        <line num="1" count="20" type="stmt"/>
        <line num="2" count="20" type="stmt"/>
        <line num="3" count="20" type="stmt"/>
        <line num="5" count="20" type="stmt"/>
        <line num="9" count="20" type="stmt"/>
        <line num="12" count="20" type="stmt"/>
        <line num="15" count="20" type="stmt"/>
        <line num="19" count="112" type="stmt"/>
        <line num="20" count="112" type="stmt"/>
        <line num="24" count="112" type="cond" truecount="1" falsecount="0"/>
        <line num="25" count="2" type="stmt"/>
        <line num="28" count="110" type="cond" truecount="3" falsecount="0"/>
        <line num="29" count="1" type="stmt"/>
        <line num="32" count="109" type="stmt"/>
        <line num="33" count="109" type="stmt"/>
        <line num="34" count="109" type="stmt"/>
        <line num="36" count="109" type="stmt"/>
        <line num="37" count="109" type="stmt"/>
        <line num="39" count="1" type="stmt"/>
        <line num="41" count="108" type="stmt"/>
      </file>
      <file name="auth-login.service.ts" path="/Users/feroxes/development/projects/green-tower/green-tower-server/src/services/auth/auth-login.service.ts">
        <metrics statements="20" coveredstatements="20" conditionals="3" coveredconditionals="3" methods="2" coveredmethods="2"/>
        <line num="1" count="20" type="stmt"/>
        <line num="2" count="20" type="stmt"/>
        <line num="3" count="20" type="stmt"/>
        <line num="4" count="20" type="stmt"/>
        <line num="6" count="20" type="stmt"/>
        <line num="8" count="20" type="stmt"/>
        <line num="12" count="20" type="stmt"/>
        <line num="15" count="20" type="stmt"/>
        <line num="18" count="20" type="stmt"/>
        <line num="19" count="20" type="stmt"/>
        <line num="23" count="109" type="stmt"/>
        <line num="28" count="109" type="cond" truecount="1" falsecount="0"/>
        <line num="29" count="2" type="stmt"/>
        <line num="32" count="107" type="cond" truecount="1" falsecount="0"/>
        <line num="33" count="1" type="stmt"/>
        <line num="36" count="106" type="stmt"/>
        <line num="38" count="106" type="cond" truecount="1" falsecount="0"/>
        <line num="39" count="1" type="stmt"/>
        <line num="42" count="105" type="stmt"/>
        <line num="44" count="105" type="stmt"/>
      </file>
      <file name="auth-logout.service.ts" path="/Users/feroxes/development/projects/green-tower/green-tower-server/src/services/auth/auth-logout.service.ts">
        <metrics statements="13" coveredstatements="13" conditionals="2" coveredconditionals="2" methods="2" coveredmethods="2"/>
        <line num="1" count="20" type="stmt"/>
        <line num="2" count="20" type="stmt"/>
        <line num="3" count="20" type="stmt"/>
        <line num="5" count="20" type="stmt"/>
        <line num="12" count="20" type="stmt"/>
        <line num="15" count="20" type="stmt"/>
        <line num="19" count="3" type="stmt"/>
        <line num="20" count="3" type="cond" truecount="1" falsecount="0"/>
        <line num="22" count="2" type="stmt"/>
        <line num="23" count="2" type="cond" truecount="1" falsecount="0"/>
        <line num="24" count="2" type="stmt"/>
        <line num="25" count="2" type="stmt"/>
        <line num="27" count="2" type="stmt"/>
      </file>
      <file name="auth-refresh.service.ts" path="/Users/feroxes/development/projects/green-tower/green-tower-server/src/services/auth/auth-refresh.service.ts">
        <metrics statements="7" coveredstatements="7" conditionals="0" coveredconditionals="0" methods="2" coveredmethods="2"/>
        <line num="1" count="20" type="stmt"/>
        <line num="3" count="20" type="stmt"/>
        <line num="8" count="20" type="stmt"/>
        <line num="9" count="20" type="stmt"/>
        <line num="12" count="1" type="stmt"/>
        <line num="13" count="1" type="stmt"/>
        <line num="15" count="1" type="stmt"/>
      </file>
      <file name="auth-resend-confirmation-email.service.ts" path="/Users/feroxes/development/projects/green-tower/green-tower-server/src/services/auth/auth-resend-confirmation-email.service.ts">
        <metrics statements="30" coveredstatements="29" conditionals="2" coveredconditionals="2" methods="2" coveredmethods="2"/>
        <line num="1" count="20" type="stmt"/>
        <line num="2" count="20" type="stmt"/>
        <line num="3" count="20" type="stmt"/>
        <line num="5" count="20" type="stmt"/>
        <line num="7" count="20" type="stmt"/>
        <line num="8" count="20" type="stmt"/>
        <line num="12" count="20" type="stmt"/>
        <line num="14" count="20" type="stmt"/>
        <line num="17" count="20" type="stmt"/>
        <line num="20" count="20" type="stmt"/>
        <line num="21" count="20" type="stmt"/>
        <line num="22" count="20" type="stmt"/>
        <line num="26" count="4" type="stmt"/>
        <line num="27" count="4" type="stmt"/>
        <line num="31" count="4" type="cond" truecount="1" falsecount="0"/>
        <line num="32" count="1" type="stmt"/>
        <line num="35" count="3" type="cond" truecount="1" falsecount="0"/>
        <line num="36" count="1" type="stmt"/>
        <line num="39" count="2" type="stmt"/>
        <line num="41" count="2" type="stmt"/>
        <line num="42" count="2" type="stmt"/>
        <line num="46" count="2" type="stmt"/>
        <line num="47" count="2" type="stmt"/>
        <line num="49" count="2" type="stmt"/>
        <line num="50" count="2" type="stmt"/>
        <line num="52" count="1" type="stmt"/>
        <line num="55" count="1" type="stmt"/>
        <line num="56" count="1" type="stmt"/>
        <line num="62" count="0" type="stmt"/>
        <line num="65" count="1" type="stmt"/>
      </file>
      <file name="auth-signup.service.ts" path="/Users/feroxes/development/projects/green-tower/green-tower-server/src/services/auth/auth-signup.service.ts">
        <metrics statements="32" coveredstatements="28" conditionals="0" coveredconditionals="0" methods="2" coveredmethods="2"/>
        <line num="1" count="20" type="stmt"/>
        <line num="2" count="20" type="stmt"/>
        <line num="3" count="20" type="stmt"/>
        <line num="5" count="20" type="stmt"/>
        <line num="6" count="20" type="stmt"/>
        <line num="8" count="20" type="stmt"/>
        <line num="10" count="20" type="stmt"/>
        <line num="14" count="20" type="stmt"/>
        <line num="17" count="20" type="stmt"/>
        <line num="20" count="20" type="stmt"/>
        <line num="22" count="20" type="stmt"/>
        <line num="23" count="20" type="stmt"/>
        <line num="24" count="20" type="stmt"/>
        <line num="28" count="90" type="stmt"/>
        <line num="31" count="90" type="stmt"/>
        <line num="33" count="90" type="stmt"/>
        <line num="35" count="90" type="stmt"/>
        <line num="36" count="90" type="stmt"/>
        <line num="38" count="89" type="stmt"/>
        <line num="40" count="89" type="stmt"/>
        <line num="41" count="89" type="stmt"/>
        <line num="43" count="1" type="stmt"/>
        <line num="44" count="1" type="stmt"/>
        <line num="47" count="88" type="stmt"/>
        <line num="48" count="88" type="stmt"/>
        <line num="50" count="0" type="stmt"/>
        <line num="51" count="0" type="stmt"/>
        <line num="52" count="0" type="stmt"/>
        <line num="55" count="88" type="stmt"/>
        <line num="56" count="88" type="stmt"/>
        <line num="58" count="0" type="stmt"/>
        <line num="61" count="88" type="stmt"/>
      </file>
      <file name="auth.service.ts" path="/Users/feroxes/development/projects/green-tower/green-tower-server/src/services/auth/auth.service.ts">
        <metrics statements="20" coveredstatements="20" conditionals="0" coveredconditionals="0" methods="7" coveredmethods="7"/>
        <line num="1" count="20" type="stmt"/>
        <line num="3" count="20" type="stmt"/>
        <line num="4" count="20" type="stmt"/>
        <line num="5" count="20" type="stmt"/>
        <line num="6" count="20" type="stmt"/>
        <line num="7" count="20" type="stmt"/>
        <line num="8" count="20" type="stmt"/>
        <line num="23" count="20" type="stmt"/>
        <line num="25" count="20" type="stmt"/>
        <line num="26" count="20" type="stmt"/>
        <line num="27" count="20" type="stmt"/>
        <line num="28" count="20" type="stmt"/>
        <line num="29" count="20" type="stmt"/>
        <line num="30" count="20" type="stmt"/>
        <line num="34" count="90" type="stmt"/>
        <line num="38" count="109" type="stmt"/>
        <line num="42" count="3" type="stmt"/>
        <line num="46" count="1" type="stmt"/>
        <line num="50" count="112" type="stmt"/>
        <line num="54" count="4" type="stmt"/>
      </file>
    </package>
    <package name="services.cleanup">
      <metrics statements="22" coveredstatements="22" conditionals="3" coveredconditionals="3" methods="2" coveredmethods="2"/>
      <file name="cleanup.service.ts" path="/Users/feroxes/development/projects/green-tower/green-tower-server/src/services/cleanup/cleanup.service.ts">
        <metrics statements="22" coveredstatements="22" conditionals="3" coveredconditionals="3" methods="2" coveredmethods="2"/>
        <line num="1" count="20" type="stmt"/>
        <line num="2" count="20" type="stmt"/>
        <line num="3" count="20" type="stmt"/>
        <line num="4" count="20" type="stmt"/>
        <line num="5" count="20" type="stmt"/>
        <line num="7" count="20" type="stmt"/>
        <line num="8" count="20" type="stmt"/>
        <line num="11" count="20" type="stmt"/>
        <line num="14" count="20" type="stmt"/>
        <line num="16" count="20" type="stmt"/>
        <line num="20" count="20" type="stmt"/>
        <line num="21" count="1" type="stmt"/>
        <line num="29" count="1" type="cond" truecount="1" falsecount="0"/>
        <line num="30" count="1" type="stmt"/>
        <line num="31" count="1" type="cond" truecount="1" falsecount="0"/>
        <line num="32" count="1" type="stmt"/>
        <line num="36" count="1" type="cond" truecount="1" falsecount="0"/>
        <line num="37" count="1" type="stmt"/>
        <line num="38" count="1" type="stmt"/>
        <line num="39" count="1" type="stmt"/>
        <line num="40" count="1" type="stmt"/>
        <line num="46" count="1" type="stmt"/>
      </file>
    </package>
    <package name="services.email">
      <metrics statements="16" coveredstatements="9" conditionals="0" coveredconditionals="0" methods="2" coveredmethods="0"/>
      <file name="email.service.ts" path="/Users/feroxes/development/projects/green-tower/green-tower-server/src/services/email/email.service.ts">
        <metrics statements="16" coveredstatements="9" conditionals="0" coveredconditionals="0" methods="2" coveredmethods="0"/>
        <line num="1" count="20" type="stmt"/>
        <line num="2" count="20" type="stmt"/>
        <line num="3" count="20" type="stmt"/>
        <line num="4" count="20" type="stmt"/>
        <line num="8" count="20" type="stmt"/>
        <line num="9" count="20" type="stmt"/>
        <line num="10" count="20" type="stmt"/>
        <line num="11" count="20" type="stmt"/>
        <line num="14" count="20" type="stmt"/>
        <line num="17" count="0" type="stmt"/>
        <line num="18" count="0" type="stmt"/>
        <line num="30" count="0" type="stmt"/>
        <line num="32" count="0" type="stmt"/>
        <line num="43" count="0" type="stmt"/>
        <line num="45" count="0" type="stmt"/>
        <line num="51" count="0" type="stmt"/>
      </file>
    </package>
    <package name="services.email.templates">
      <metrics statements="4" coveredstatements="4" conditionals="0" coveredconditionals="0" methods="0" coveredmethods="0"/>
      <file name="default-parameters.ts" path="/Users/feroxes/development/projects/green-tower/green-tower-server/src/services/email/templates/default-parameters.ts">
        <metrics statements="1" coveredstatements="1" conditionals="0" coveredconditionals="0" methods="0" coveredmethods="0"/>
        <line num="1" count="20" type="stmt"/>
      </file>
      <file name="default-template.ts" path="/Users/feroxes/development/projects/green-tower/green-tower-server/src/services/email/templates/default-template.ts">
        <metrics statements="1" coveredstatements="1" conditionals="0" coveredconditionals="0" methods="0" coveredmethods="0"/>
        <line num="1" count="20" type="stmt"/>
      </file>
      <file name="registration-confirmation-template.ts" path="/Users/feroxes/development/projects/green-tower/green-tower-server/src/services/email/templates/registration-confirmation-template.ts">
        <metrics statements="2" coveredstatements="2" conditionals="0" coveredconditionals="0" methods="0" coveredmethods="0"/>
        <line num="1" count="20" type="stmt"/>
        <line num="3" count="20" type="stmt"/>
      </file>
    </package>
    <package name="services.farm">
      <metrics statements="18" coveredstatements="18" conditionals="1" coveredconditionals="1" methods="4" coveredmethods="4"/>
      <file name="farm-get.service.ts" path="/Users/feroxes/development/projects/green-tower/green-tower-server/src/services/farm/farm-get.service.ts">
        <metrics statements="13" coveredstatements="13" conditionals="1" coveredconditionals="1" methods="2" coveredmethods="2"/>
        <line num="1" count="20" type="stmt"/>
        <line num="5" count="20" type="stmt"/>
        <line num="6" count="20" type="stmt"/>
        <line num="10" count="20" type="stmt"/>
        <line num="15" count="20" type="stmt"/>
        <line num="17" count="20" type="stmt"/>
        <line num="18" count="20" type="stmt"/>
        <line num="22" count="5" type="stmt"/>
        <line num="23" count="5" type="stmt"/>
        <line num="25" count="4" type="stmt"/>
        <line num="29" count="3" type="cond" truecount="1" falsecount="0"/>
        <line num="30" count="1" type="stmt"/>
        <line num="33" count="2" type="stmt"/>
      </file>
      <file name="farm.service.ts" path="/Users/feroxes/development/projects/green-tower/green-tower-server/src/services/farm/farm.service.ts">
        <metrics statements="5" coveredstatements="5" conditionals="0" coveredconditionals="0" methods="2" coveredmethods="2"/>
        <line num="1" count="20" type="stmt"/>
        <line num="3" count="20" type="stmt"/>
        <line num="10" count="20" type="stmt"/>
        <line num="11" count="20" type="stmt"/>
        <line num="14" count="5" type="stmt"/>
      </file>
    </package>
    <package name="services.plant">
      <metrics statements="104" coveredstatements="104" conditionals="0" coveredconditionals="0" methods="16" coveredmethods="16"/>
      <file name="plant-create.service.ts" path="/Users/feroxes/development/projects/green-tower/green-tower-server/src/services/plant/plant-create.service.ts">
        <metrics statements="20" coveredstatements="20" conditionals="0" coveredconditionals="0" methods="2" coveredmethods="2"/>
        <line num="1" count="20" type="stmt"/>
        <line num="2" count="20" type="stmt"/>
        <line num="3" count="20" type="stmt"/>
        <line num="5" count="20" type="stmt"/>
        <line num="7" count="20" type="stmt"/>
        <line num="8" count="20" type="stmt"/>
        <line num="12" count="20" type="stmt"/>
        <line num="17" count="20" type="stmt"/>
        <line num="20" count="20" type="stmt"/>
        <line num="21" count="20" type="stmt"/>
        <line num="22" count="20" type="stmt"/>
        <line num="26" count="79" type="stmt"/>
        <line num="27" count="79" type="stmt"/>
        <line num="29" count="78" type="stmt"/>
        <line num="31" count="78" type="stmt"/>
        <line num="37" count="78" type="stmt"/>
        <line num="39" count="78" type="stmt"/>
        <line num="40" count="78" type="stmt"/>
        <line num="42" count="1" type="stmt"/>
        <line num="44" count="77" type="stmt"/>
      </file>
      <file name="plant-delete.service.ts" path="/Users/feroxes/development/projects/green-tower/green-tower-server/src/services/plant/plant-delete.service.ts">
        <metrics statements="21" coveredstatements="21" conditionals="0" coveredconditionals="0" methods="2" coveredmethods="2"/>
        <line num="1" count="20" type="stmt"/>
        <line num="2" count="20" type="stmt"/>
        <line num="3" count="20" type="stmt"/>
        <line num="5" count="20" type="stmt"/>
        <line num="7" count="20" type="stmt"/>
        <line num="8" count="20" type="stmt"/>
        <line num="9" count="20" type="stmt"/>
        <line num="13" count="20" type="stmt"/>
        <line num="18" count="20" type="stmt"/>
        <line num="21" count="20" type="stmt"/>
        <line num="22" count="20" type="stmt"/>
        <line num="23" count="20" type="stmt"/>
        <line num="24" count="20" type="stmt"/>
        <line num="28" count="4" type="stmt"/>
        <line num="29" count="4" type="stmt"/>
        <line num="31" count="3" type="stmt"/>
        <line num="33" count="3" type="stmt"/>
        <line num="38" count="2" type="stmt"/>
        <line num="39" count="2" type="stmt"/>
        <line num="41" count="1" type="stmt"/>
        <line num="44" count="1" type="stmt"/>
      </file>
      <file name="plant-get.service.ts" path="/Users/feroxes/development/projects/green-tower/green-tower-server/src/services/plant/plant-get.service.ts">
        <metrics statements="12" coveredstatements="12" conditionals="0" coveredconditionals="0" methods="2" coveredmethods="2"/>
        <line num="1" count="20" type="stmt"/>
        <line num="5" count="20" type="stmt"/>
        <line num="6" count="20" type="stmt"/>
        <line num="7" count="20" type="stmt"/>
        <line num="14" count="20" type="stmt"/>
        <line num="16" count="20" type="stmt"/>
        <line num="17" count="20" type="stmt"/>
        <line num="18" count="20" type="stmt"/>
        <line num="22" count="3" type="stmt"/>
        <line num="23" count="3" type="stmt"/>
        <line num="25" count="2" type="stmt"/>
        <line num="27" count="2" type="stmt"/>
      </file>
      <file name="plant-list.service.ts" path="/Users/feroxes/development/projects/green-tower/green-tower-server/src/services/plant/plant-list.service.ts">
        <metrics statements="12" coveredstatements="12" conditionals="0" coveredconditionals="0" methods="2" coveredmethods="2"/>
        <line num="1" count="20" type="stmt"/>
        <line num="5" count="20" type="stmt"/>
        <line num="6" count="20" type="stmt"/>
        <line num="7" count="20" type="stmt"/>
        <line num="16" count="20" type="stmt"/>
        <line num="18" count="20" type="stmt"/>
        <line num="19" count="20" type="stmt"/>
        <line num="20" count="20" type="stmt"/>
        <line num="24" count="3" type="stmt"/>
        <line num="25" count="3" type="stmt"/>
        <line num="27" count="2" type="stmt"/>
        <line num="29" count="2" type="stmt"/>
      </file>
      <file name="plant-update.service.ts" path="/Users/feroxes/development/projects/green-tower/green-tower-server/src/services/plant/plant-update.service.ts">
        <metrics statements="22" coveredstatements="22" conditionals="0" coveredconditionals="0" methods="2" coveredmethods="2"/>
        <line num="1" count="20" type="stmt"/>
        <line num="2" count="20" type="stmt"/>
        <line num="3" count="20" type="stmt"/>
        <line num="5" count="20" type="stmt"/>
        <line num="7" count="20" type="stmt"/>
        <line num="8" count="20" type="stmt"/>
        <line num="9" count="20" type="stmt"/>
        <line num="13" count="20" type="stmt"/>
        <line num="18" count="20" type="stmt"/>
        <line num="21" count="20" type="stmt"/>
        <line num="22" count="20" type="stmt"/>
        <line num="23" count="20" type="stmt"/>
        <line num="24" count="20" type="stmt"/>
        <line num="28" count="4" type="stmt"/>
        <line num="29" count="4" type="stmt"/>
        <line num="31" count="3" type="stmt"/>
        <line num="33" count="3" type="stmt"/>
        <line num="38" count="2" type="stmt"/>
        <line num="43" count="2" type="stmt"/>
        <line num="44" count="2" type="stmt"/>
        <line num="46" count="1" type="stmt"/>
        <line num="48" count="1" type="stmt"/>
      </file>
      <file name="plant.service.ts" path="/Users/feroxes/development/projects/green-tower/green-tower-server/src/services/plant/plant.service.ts">
        <metrics statements="17" coveredstatements="17" conditionals="0" coveredconditionals="0" methods="6" coveredmethods="6"/>
        <line num="1" count="20" type="stmt"/>
        <line num="3" count="20" type="stmt"/>
        <line num="4" count="20" type="stmt"/>
        <line num="5" count="20" type="stmt"/>
        <line num="6" count="20" type="stmt"/>
        <line num="7" count="20" type="stmt"/>
        <line num="14" count="20" type="stmt"/>
        <line num="16" count="20" type="stmt"/>
        <line num="17" count="20" type="stmt"/>
        <line num="18" count="20" type="stmt"/>
        <line num="19" count="20" type="stmt"/>
        <line num="20" count="20" type="stmt"/>
        <line num="24" count="79" type="stmt"/>
        <line num="28" count="4" type="stmt"/>
        <line num="32" count="3" type="stmt"/>
        <line num="36" count="4" type="stmt"/>
        <line num="40" count="3" type="stmt"/>
      </file>
    </package>
    <package name="services.token">
      <metrics statements="34" coveredstatements="33" conditionals="4" coveredconditionals="4" methods="4" coveredmethods="4"/>
      <file name="token.service.ts" path="/Users/feroxes/development/projects/green-tower/green-tower-server/src/services/token/token.service.ts">
        <metrics statements="34" coveredstatements="33" conditionals="4" coveredconditionals="4" methods="4" coveredmethods="4"/>
        <line num="1" count="20" type="stmt"/>
        <line num="2" count="20" type="stmt"/>
        <line num="3" count="20" type="stmt"/>
        <line num="4" count="20" type="stmt"/>
        <line num="5" count="20" type="stmt"/>
        <line num="6" count="20" type="stmt"/>
        <line num="7" count="20" type="stmt"/>
        <line num="9" count="20" type="stmt"/>
        <line num="11" count="20" type="stmt"/>
        <line num="13" count="20" type="stmt"/>
        <line num="21" count="20" type="stmt"/>
        <line num="23" count="100" type="stmt"/>
        <line num="25" count="100" type="stmt"/>
        <line num="29" count="124" type="stmt"/>
        <line num="33" count="105" type="stmt"/>
        <line num="40" count="105" type="stmt"/>
        <line num="44" count="105" type="stmt"/>
        <line num="46" count="105" type="stmt"/>
        <line num="47" count="105" type="stmt"/>
        <line num="49" count="0" type="stmt"/>
        <line num="52" count="105" type="stmt"/>
        <line num="55" count="105" type="stmt"/>
        <line num="59" count="105" type="stmt"/>
        <line num="64" count="5" type="stmt"/>
        <line num="65" count="5" type="stmt"/>
        <line num="67" count="1" type="stmt"/>
        <line num="69" count="4" type="stmt"/>
        <line num="73" count="4" type="cond" truecount="3" falsecount="0"/>
        <line num="74" count="1" type="stmt"/>
        <line num="77" count="3" type="stmt"/>
        <line num="79" count="3" type="cond" truecount="1" falsecount="0"/>
        <line num="80" count="1" type="stmt"/>
        <line num="83" count="2" type="stmt"/>
        <line num="90" count="2" type="stmt"/>
      </file>
    </package>
    <package name="services.user">
      <metrics statements="123" coveredstatements="122" conditionals="13" coveredconditionals="13" methods="19" coveredmethods="19"/>
      <file name="user-create.service.ts" path="/Users/feroxes/development/projects/green-tower/green-tower-server/src/services/user/user-create.service.ts">
        <metrics statements="17" coveredstatements="16" conditionals="0" coveredconditionals="0" methods="2" coveredmethods="2"/>
        <line num="1" count="20" type="stmt"/>
        <line num="5" count="20" type="stmt"/>
        <line num="7" count="20" type="stmt"/>
        <line num="8" count="20" type="stmt"/>
        <line num="12" count="20" type="stmt"/>
        <line num="17" count="20" type="stmt"/>
        <line num="19" count="20" type="stmt"/>
        <line num="20" count="20" type="stmt"/>
        <line num="21" count="20" type="stmt"/>
        <line num="25" count="36" type="stmt"/>
        <line num="26" count="36" type="stmt"/>
        <line num="28" count="34" type="stmt"/>
        <line num="30" count="34" type="stmt"/>
        <line num="32" count="31" type="stmt"/>
        <line num="33" count="31" type="stmt"/>
        <line num="35" count="0" type="stmt"/>
        <line num="38" count="31" type="stmt"/>
      </file>
      <file name="user-delete.service.ts" path="/Users/feroxes/development/projects/green-tower/green-tower-server/src/services/user/user-delete.service.ts">
        <metrics statements="21" coveredstatements="21" conditionals="1" coveredconditionals="1" methods="2" coveredmethods="2"/>
        <line num="1" count="20" type="stmt"/>
        <line num="2" count="20" type="stmt"/>
        <line num="3" count="20" type="stmt"/>
        <line num="5" count="20" type="stmt"/>
        <line num="7" count="20" type="stmt"/>
        <line num="8" count="20" type="stmt"/>
        <line num="12" count="20" type="stmt"/>
        <line num="17" count="20" type="stmt"/>
        <line num="20" count="20" type="stmt"/>
        <line num="21" count="20" type="stmt"/>
        <line num="22" count="20" type="stmt"/>
        <line num="26" count="7" type="stmt"/>
        <line num="27" count="7" type="stmt"/>
        <line num="29" count="5" type="cond" truecount="1" falsecount="0"/>
        <line num="30" count="1" type="stmt"/>
        <line num="33" count="4" type="stmt"/>
        <line num="35" count="4" type="stmt"/>
        <line num="37" count="3" type="stmt"/>
        <line num="38" count="3" type="stmt"/>
        <line num="40" count="1" type="stmt"/>
        <line num="43" count="2" type="stmt"/>
      </file>
      <file name="user-get.service.ts" path="/Users/feroxes/development/projects/green-tower/green-tower-server/src/services/user/user-get.service.ts">
        <metrics statements="14" coveredstatements="14" conditionals="7" coveredconditionals="7" methods="2" coveredmethods="2"/>
        <line num="1" count="20" type="stmt"/>
        <line num="3" count="20" type="stmt"/>
        <line num="5" count="20" type="stmt"/>
        <line num="9" count="20" type="stmt"/>
        <line num="14" count="20" type="stmt"/>
        <line num="15" count="20" type="stmt"/>
        <line num="18" count="6" type="stmt"/>
        <line num="19" count="6" type="stmt"/>
        <line num="21" count="5" type="cond" truecount="3" falsecount="0"/>
        <line num="22" count="3" type="cond" truecount="1" falsecount="0"/>
        <line num="23" count="1" type="stmt"/>
        <line num="27" count="4" type="cond" truecount="3" falsecount="0"/>
        <line num="28" count="2" type="stmt"/>
        <line num="31" count="2" type="stmt"/>
      </file>
      <file name="user-list.service.ts" path="/Users/feroxes/development/projects/green-tower/green-tower-server/src/services/user/user-list.service.ts">
        <metrics statements="7" coveredstatements="7" conditionals="0" coveredconditionals="0" methods="2" coveredmethods="2"/>
        <line num="1" count="20" type="stmt"/>
        <line num="5" count="20" type="stmt"/>
        <line num="12" count="20" type="stmt"/>
        <line num="13" count="20" type="stmt"/>
        <line num="16" count="1" type="stmt"/>
        <line num="17" count="1" type="stmt"/>
        <line num="19" count="1" type="stmt"/>
      </file>
      <file name="user-set-role.service.ts" path="/Users/feroxes/development/projects/green-tower/green-tower-server/src/services/user/user-set-role.service.ts">
        <metrics statements="22" coveredstatements="22" conditionals="1" coveredconditionals="1" methods="2" coveredmethods="2"/>
        <line num="1" count="20" type="stmt"/>
        <line num="2" count="20" type="stmt"/>
        <line num="3" count="20" type="stmt"/>
        <line num="5" count="20" type="stmt"/>
        <line num="7" count="20" type="stmt"/>
        <line num="8" count="20" type="stmt"/>
        <line num="12" count="20" type="stmt"/>
        <line num="17" count="20" type="stmt"/>
        <line num="20" count="20" type="stmt"/>
        <line num="21" count="20" type="stmt"/>
        <line num="22" count="20" type="stmt"/>
        <line num="26" count="6" type="stmt"/>
        <line num="27" count="6" type="stmt"/>
        <line num="29" count="4" type="cond" truecount="1" falsecount="0"/>
        <line num="30" count="1" type="stmt"/>
        <line num="33" count="3" type="stmt"/>
        <line num="35" count="3" type="stmt"/>
        <line num="37" count="2" type="stmt"/>
        <line num="39" count="2" type="stmt"/>
        <line num="40" count="2" type="stmt"/>
        <line num="42" count="1" type="stmt"/>
        <line num="44" count="1" type="stmt"/>
      </file>
      <file name="user-update.service.ts" path="/Users/feroxes/development/projects/green-tower/green-tower-server/src/services/user/user-update.service.ts">
        <metrics statements="22" coveredstatements="22" conditionals="4" coveredconditionals="4" methods="2" coveredmethods="2"/>
        <line num="1" count="20" type="stmt"/>
        <line num="2" count="20" type="stmt"/>
        <line num="3" count="20" type="stmt"/>
        <line num="5" count="20" type="stmt"/>
        <line num="7" count="20" type="stmt"/>
        <line num="8" count="20" type="stmt"/>
        <line num="12" count="20" type="stmt"/>
        <line num="17" count="20" type="stmt"/>
        <line num="20" count="20" type="stmt"/>
        <line num="21" count="20" type="stmt"/>
        <line num="22" count="20" type="stmt"/>
        <line num="26" count="6" type="stmt"/>
        <line num="27" count="6" type="stmt"/>
        <line num="29" count="4" type="stmt"/>
        <line num="31" count="4" type="cond" truecount="1" falsecount="0"/>
        <line num="32" count="3" type="cond" truecount="3" falsecount="0"/>
        <line num="33" count="1" type="stmt"/>
        <line num="37" count="3" type="stmt"/>
        <line num="39" count="3" type="stmt"/>
        <line num="40" count="3" type="stmt"/>
        <line num="41" count="2" type="stmt"/>
        <line num="43" count="1" type="stmt"/>
      </file>
      <file name="user.service.ts" path="/Users/feroxes/development/projects/green-tower/green-tower-server/src/services/user/user.service.ts">
        <metrics statements="20" coveredstatements="20" conditionals="0" coveredconditionals="0" methods="7" coveredmethods="7"/>
        <line num="1" count="20" type="stmt"/>
        <line num="3" count="20" type="stmt"/>
        <line num="4" count="20" type="stmt"/>
        <line num="5" count="20" type="stmt"/>
        <line num="6" count="20" type="stmt"/>
        <line num="7" count="20" type="stmt"/>
        <line num="8" count="20" type="stmt"/>
        <line num="15" count="20" type="stmt"/>
        <line num="17" count="20" type="stmt"/>
        <line num="18" count="20" type="stmt"/>
        <line num="19" count="20" type="stmt"/>
        <line num="20" count="20" type="stmt"/>
        <line num="21" count="20" type="stmt"/>
        <line num="22" count="20" type="stmt"/>
        <line num="26" count="36" type="stmt"/>
        <line num="30" count="6" type="stmt"/>
        <line num="34" count="7" type="stmt"/>
        <line num="38" count="6" type="stmt"/>
        <line num="42" count="6" type="stmt"/>
        <line num="46" count="1" type="stmt"/>
      </file>
    </package>
    <package name="strategies">
      <metrics statements="11" coveredstatements="10" conditionals="1" coveredconditionals="0" methods="2" coveredmethods="2"/>
      <file name="jwt.strategy.ts" path="/Users/feroxes/development/projects/green-tower/green-tower-server/src/strategies/jwt.strategy.ts">
        <metrics statements="11" coveredstatements="10" conditionals="1" coveredconditionals="0" methods="2" coveredmethods="2"/>
        <line num="1" count="20" type="stmt"/>
        <line num="2" count="20" type="stmt"/>
        <line num="3" count="20" type="stmt"/>
        <line num="4" count="20" type="stmt"/>
        <line num="9" count="20" type="stmt"/>
        <line num="10" count="80" type="stmt"/>
        <line num="11" count="80" type="stmt"/>
        <line num="12" count="80" type="cond" truecount="0" falsecount="1"/>
        <line num="13" count="0" type="stmt"/>
        <line num="16" count="80" type="stmt"/>
        <line num="24" count="167" type="stmt"/>
      </file>
    </package>
    <package name="utils">
      <metrics statements="2" coveredstatements="2" conditionals="0" coveredconditionals="0" methods="0" coveredmethods="0"/>
      <file name="constants.ts" path="/Users/feroxes/development/projects/green-tower/green-tower-server/src/utils/constants.ts">
        <metrics statements="2" coveredstatements="2" conditionals="0" coveredconditionals="0" methods="0" coveredmethods="0"/>
        <line num="1" count="20" type="stmt"/>
        <line num="5" count="20" type="stmt"/>
      </file>
    </package>
  </project>
</coverage>
