{"/Users/feroxes/development/projects/green-tower/src/api/controllers/auth.controller.ts": {"path":"/Users/feroxes/development/projects/green-tower/src/api/controllers/auth.controller.ts","statementMap":{"0":{"start":{"line":1,"column":0},"end":{"line":1,"column":95}},"1":{"start":{"line":4,"column":0},"end":{"line":4,"column":63}},"2":{"start":{"line":6,"column":0},"end":{"line":6,"column":119}},"3":{"start":{"line":9,"column":7},"end":{"line":45,"column":null}},"4":{"start":{"line":10,"column":31},"end":{"line":10,"column":44}},"5":{"start":{"line":14,"column":4},"end":{"line":14,"column":50}},"6":{"start":{"line":20,"column":19},"end":{"line":20,"column":57}},"7":{"start":{"line":22,"column":41},"end":{"line":27,"column":6}},"8":{"start":{"line":28,"column":4},"end":{"line":28,"column":72}},"9":{"start":{"line":30,"column":4},"end":{"line":32,"column":6}},"10":{"start":{"line":37,"column":28},"end":{"line":37,"column":56}},"11":{"start":{"line":38,"column":4},"end":{"line":38,"column":58}},"12":{"start":{"line":43,"column":4},"end":{"line":43,"column":80}},"13":{"start":{"line":9,"column":13},"end":{"line":9,"column":27}},"14":{"start":{"line":13,"column":8},"end":{"line":15,"column":null}},"15":{"start":{"line":19,"column":8},"end":{"line":33,"column":null}},"16":{"start":{"line":36,"column":8},"end":{"line":39,"column":null}},"17":{"start":{"line":42,"column":8},"end":{"line":44,"column":null}},"18":{"start":{"line":9,"column":13},"end":{"line":45,"column":null}}},"fnMap":{"0":{"name":"(anonymous_4)","decl":{"start":{"line":10,"column":2},"end":{"line":10,"column":31}},"loc":{"start":{"line":10,"column":55},"end":{"line":10,"column":59}}},"1":{"name":"(anonymous_5)","decl":{"start":{"line":13,"column":2},"end":{"line":13,"column":7}},"loc":{"start":{"line":13,"column":49},"end":{"line":15,"column":3}}},"2":{"name":"(anonymous_6)","decl":{"start":{"line":19,"column":2},"end":{"line":19,"column":7}},"loc":{"start":{"line":19,"column":88},"end":{"line":33,"column":3}}},"3":{"name":"(anonymous_7)","decl":{"start":{"line":36,"column":2},"end":{"line":36,"column":7}},"loc":{"start":{"line":36,"column":50},"end":{"line":39,"column":3}}},"4":{"name":"(anonymous_8)","decl":{"start":{"line":42,"column":2},"end":{"line":42,"column":7}},"loc":{"start":{"line":42,"column":94},"end":{"line":44,"column":3}}}},"branchMap":{},"s":{"0":18,"1":18,"2":18,"3":18,"4":18,"5":86,"6":105,"7":101,"8":101,"9":101,"10":108,"11":108,"12":4,"13":18,"14":18,"15":18,"16":18,"17":18,"18":18},"f":{"0":18,"1":86,"2":105,"3":108,"4":4},"b":{}}
,"/Users/feroxes/development/projects/green-tower/src/api/controllers/farm.controller.ts": {"path":"/Users/feroxes/development/projects/green-tower/src/api/controllers/farm.controller.ts","statementMap":{"0":{"start":{"line":1,"column":0},"end":{"line":1,"column":66}},"1":{"start":{"line":3,"column":0},"end":{"line":3,"column":59}},"2":{"start":{"line":4,"column":0},"end":{"line":4,"column":54}},"3":{"start":{"line":6,"column":0},"end":{"line":6,"column":63}},"4":{"start":{"line":8,"column":0},"end":{"line":8,"column":46}},"5":{"start":{"line":12,"column":0},"end":{"line":12,"column":63}},"6":{"start":{"line":16,"column":7},"end":{"line":24,"column":null}},"7":{"start":{"line":17,"column":22},"end":{"line":17,"column":35}},"8":{"start":{"line":22,"column":4},"end":{"line":22,"column":54}},"9":{"start":{"line":16,"column":13},"end":{"line":16,"column":27}},"10":{"start":{"line":21,"column":8},"end":{"line":23,"column":null}},"11":{"start":{"line":16,"column":13},"end":{"line":24,"column":null}}},"fnMap":{"0":{"name":"(anonymous_4)","decl":{"start":{"line":17,"column":2},"end":{"line":17,"column":22}},"loc":{"start":{"line":17,"column":46},"end":{"line":17,"column":50}}},"1":{"name":"(anonymous_5)","decl":{"start":{"line":21,"column":2},"end":{"line":21,"column":7}},"loc":{"start":{"line":21,"column":78},"end":{"line":23,"column":3}}}},"branchMap":{},"s":{"0":18,"1":18,"2":18,"3":18,"4":18,"5":18,"6":18,"7":18,"8":5,"9":18,"10":18,"11":18},"f":{"0":18,"1":5},"b":{}}
,"/Users/feroxes/development/projects/green-tower/src/api/controllers/plant.controller.ts": {"path":"/Users/feroxes/development/projects/green-tower/src/api/controllers/plant.controller.ts","statementMap":{"0":{"start":{"line":1,"column":0},"end":{"line":1,"column":72}},"1":{"start":{"line":3,"column":0},"end":{"line":3,"column":64}},"2":{"start":{"line":4,"column":0},"end":{"line":4,"column":59}},"3":{"start":{"line":5,"column":0},"end":{"line":5,"column":70}},"4":{"start":{"line":7,"column":0},"end":{"line":7,"column":66}},"5":{"start":{"line":9,"column":0},"end":{"line":9,"column":110}},"6":{"start":{"line":13,"column":0},"end":{"line":13,"column":63}},"7":{"start":{"line":17,"column":7},"end":{"line":49,"column":null}},"8":{"start":{"line":18,"column":31},"end":{"line":18,"column":45}},"9":{"start":{"line":23,"column":4},"end":{"line":23,"column":62}},"10":{"start":{"line":29,"column":4},"end":{"line":29,"column":62}},"11":{"start":{"line":35,"column":4},"end":{"line":35,"column":56}},"12":{"start":{"line":41,"column":4},"end":{"line":41,"column":62}},"13":{"start":{"line":47,"column":4},"end":{"line":47,"column":58}},"14":{"start":{"line":17,"column":13},"end":{"line":17,"column":28}},"15":{"start":{"line":22,"column":8},"end":{"line":24,"column":null}},"16":{"start":{"line":28,"column":8},"end":{"line":30,"column":null}},"17":{"start":{"line":34,"column":8},"end":{"line":36,"column":null}},"18":{"start":{"line":40,"column":8},"end":{"line":42,"column":null}},"19":{"start":{"line":46,"column":8},"end":{"line":48,"column":null}},"20":{"start":{"line":17,"column":13},"end":{"line":49,"column":null}}},"fnMap":{"0":{"name":"(anonymous_4)","decl":{"start":{"line":18,"column":2},"end":{"line":18,"column":31}},"loc":{"start":{"line":18,"column":57},"end":{"line":18,"column":61}}},"1":{"name":"(anonymous_5)","decl":{"start":{"line":22,"column":2},"end":{"line":22,"column":7}},"loc":{"start":{"line":22,"column":89},"end":{"line":24,"column":3}}},"2":{"name":"(anonymous_6)","decl":{"start":{"line":28,"column":2},"end":{"line":28,"column":7}},"loc":{"start":{"line":28,"column":89},"end":{"line":30,"column":3}}},"3":{"name":"(anonymous_7)","decl":{"start":{"line":34,"column":2},"end":{"line":34,"column":7}},"loc":{"start":{"line":34,"column":80},"end":{"line":36,"column":3}}},"4":{"name":"(anonymous_8)","decl":{"start":{"line":40,"column":2},"end":{"line":40,"column":7}},"loc":{"start":{"line":40,"column":89},"end":{"line":42,"column":3}}},"5":{"name":"(anonymous_9)","decl":{"start":{"line":46,"column":2},"end":{"line":46,"column":7}},"loc":{"start":{"line":46,"column":82},"end":{"line":48,"column":3}}}},"branchMap":{},"s":{"0":18,"1":18,"2":18,"3":18,"4":18,"5":18,"6":18,"7":18,"8":18,"9":75,"10":4,"11":3,"12":4,"13":3,"14":18,"15":18,"16":18,"17":18,"18":18,"19":18,"20":18},"f":{"0":18,"1":75,"2":4,"3":3,"4":4,"5":3},"b":{}}
,"/Users/feroxes/development/projects/green-tower/src/api/controllers/user.controller.ts": {"path":"/Users/feroxes/development/projects/green-tower/src/api/controllers/user.controller.ts","statementMap":{"0":{"start":{"line":1,"column":0},"end":{"line":1,"column":72}},"1":{"start":{"line":3,"column":0},"end":{"line":3,"column":64}},"2":{"start":{"line":4,"column":0},"end":{"line":4,"column":59}},"3":{"start":{"line":5,"column":0},"end":{"line":5,"column":54}},"4":{"start":{"line":7,"column":0},"end":{"line":7,"column":63}},"5":{"start":{"line":9,"column":0},"end":{"line":9,"column":110}},"6":{"start":{"line":13,"column":0},"end":{"line":13,"column":63}},"7":{"start":{"line":17,"column":7},"end":{"line":55,"column":null}},"8":{"start":{"line":18,"column":31},"end":{"line":18,"column":44}},"9":{"start":{"line":23,"column":4},"end":{"line":23,"column":60}},"10":{"start":{"line":29,"column":4},"end":{"line":29,"column":60}},"11":{"start":{"line":35,"column":4},"end":{"line":35,"column":60}},"12":{"start":{"line":41,"column":4},"end":{"line":41,"column":62}},"13":{"start":{"line":47,"column":4},"end":{"line":47,"column":54}},"14":{"start":{"line":53,"column":4},"end":{"line":53,"column":43}},"15":{"start":{"line":17,"column":13},"end":{"line":17,"column":27}},"16":{"start":{"line":22,"column":8},"end":{"line":24,"column":null}},"17":{"start":{"line":28,"column":8},"end":{"line":30,"column":null}},"18":{"start":{"line":34,"column":8},"end":{"line":36,"column":null}},"19":{"start":{"line":40,"column":8},"end":{"line":42,"column":null}},"20":{"start":{"line":46,"column":8},"end":{"line":48,"column":null}},"21":{"start":{"line":52,"column":8},"end":{"line":54,"column":null}},"22":{"start":{"line":17,"column":13},"end":{"line":55,"column":null}}},"fnMap":{"0":{"name":"(anonymous_4)","decl":{"start":{"line":18,"column":2},"end":{"line":18,"column":31}},"loc":{"start":{"line":18,"column":55},"end":{"line":18,"column":59}}},"1":{"name":"(anonymous_5)","decl":{"start":{"line":22,"column":2},"end":{"line":22,"column":7}},"loc":{"start":{"line":22,"column":90},"end":{"line":24,"column":3}}},"2":{"name":"(anonymous_6)","decl":{"start":{"line":28,"column":2},"end":{"line":28,"column":7}},"loc":{"start":{"line":28,"column":87},"end":{"line":30,"column":3}}},"3":{"name":"(anonymous_7)","decl":{"start":{"line":34,"column":2},"end":{"line":34,"column":7}},"loc":{"start":{"line":34,"column":87},"end":{"line":36,"column":3}}},"4":{"name":"(anonymous_8)","decl":{"start":{"line":40,"column":2},"end":{"line":40,"column":7}},"loc":{"start":{"line":40,"column":90},"end":{"line":42,"column":3}}},"5":{"name":"(anonymous_9)","decl":{"start":{"line":46,"column":2},"end":{"line":46,"column":7}},"loc":{"start":{"line":46,"column":78},"end":{"line":48,"column":3}}},"6":{"name":"(anonymous_10)","decl":{"start":{"line":52,"column":2},"end":{"line":52,"column":7}},"loc":{"start":{"line":52,"column":47},"end":{"line":54,"column":3}}}},"branchMap":{},"s":{"0":18,"1":18,"2":18,"3":18,"4":18,"5":18,"6":18,"7":18,"8":18,"9":36,"10":6,"11":7,"12":6,"13":6,"14":1,"15":18,"16":18,"17":18,"18":18,"19":18,"20":18,"21":18,"22":18},"f":{"0":18,"1":36,"2":6,"3":7,"4":6,"5":6,"6":1},"b":{}}
,"/Users/feroxes/development/projects/green-tower/src/api/dtos/auth.dto.ts": {"path":"/Users/feroxes/development/projects/green-tower/src/api/dtos/auth.dto.ts","statementMap":{"0":{"start":{"line":1,"column":0},"end":{"line":1,"column":86}},"1":{"start":{"line":3,"column":0},"end":{"line":3,"column":13}},"2":{"start":{"line":8,"column":2},"end":{"line":8,"column":null}},"3":{"start":{"line":14,"column":2},"end":{"line":14,"column":null}},"4":{"start":{"line":19,"column":2},"end":{"line":19,"column":null}},"5":{"start":{"line":25,"column":2},"end":{"line":25,"column":null}},"6":{"start":{"line":31,"column":2},"end":{"line":31,"column":null}},"7":{"start":{"line":34,"column":0},"end":{"line":34,"column":13}},"8":{"start":{"line":38,"column":2},"end":{"line":38,"column":null}},"9":{"start":{"line":44,"column":2},"end":{"line":44,"column":null}},"10":{"start":{"line":47,"column":0},"end":{"line":47,"column":13}},"11":{"start":{"line":50,"column":2},"end":{"line":50,"column":null}},"12":{"start":{"line":60,"column":0},"end":{"line":60,"column":13}},"13":{"start":{"line":65,"column":0},"end":{"line":65,"column":13}},"14":{"start":{"line":68,"column":2},"end":{"line":68,"column":null}}},"fnMap":{},"branchMap":{},"s":{"0":18,"1":18,"2":18,"3":18,"4":18,"5":18,"6":18,"7":18,"8":18,"9":18,"10":18,"11":18,"12":18,"13":18,"14":18},"f":{},"b":{}}
,"/Users/feroxes/development/projects/green-tower/src/api/dtos/farm.dto.ts": {"path":"/Users/feroxes/development/projects/green-tower/src/api/dtos/farm.dto.ts","statementMap":{"0":{"start":{"line":1,"column":0},"end":{"line":1,"column":53}},"1":{"start":{"line":3,"column":0},"end":{"line":3,"column":13}},"2":{"start":{"line":6,"column":2},"end":{"line":6,"column":null}}},"fnMap":{},"branchMap":{},"s":{"0":18,"1":18,"2":18},"f":{},"b":{}}
,"/Users/feroxes/development/projects/green-tower/src/api/dtos/plant.dto.ts": {"path":"/Users/feroxes/development/projects/green-tower/src/api/dtos/plant.dto.ts","statementMap":{"0":{"start":{"line":1,"column":0},"end":{"line":1,"column":41}},"1":{"start":{"line":2,"column":0},"end":{"line":2,"column":null}},"2":{"start":{"line":17,"column":0},"end":{"line":17,"column":56}},"3":{"start":{"line":19,"column":0},"end":{"line":19,"column":58}},"4":{"start":{"line":21,"column":0},"end":{"line":21,"column":49}},"5":{"start":{"line":23,"column":0},"end":{"line":23,"column":13}},"6":{"start":{"line":28,"column":2},"end":{"line":28,"column":null}},"7":{"start":{"line":33,"column":2},"end":{"line":33,"column":null}},"8":{"start":{"line":38,"column":2},"end":{"line":38,"column":null}},"9":{"start":{"line":43,"column":2},"end":{"line":43,"column":null}},"10":{"start":{"line":47,"column":2},"end":{"line":47,"column":null}},"11":{"start":{"line":51,"column":2},"end":{"line":51,"column":null}},"12":{"start":{"line":55,"column":2},"end":{"line":55,"column":null}},"13":{"start":{"line":59,"column":2},"end":{"line":59,"column":null}},"14":{"start":{"line":62,"column":2},"end":{"line":62,"column":null}},"15":{"start":{"line":66,"column":2},"end":{"line":66,"column":null}},"16":{"start":{"line":70,"column":2},"end":{"line":70,"column":null}},"17":{"start":{"line":72,"column":0},"end":{"line":72,"column":13}},"18":{"start":{"line":75,"column":2},"end":{"line":75,"column":null}},"19":{"start":{"line":80,"column":2},"end":{"line":80,"column":null}},"20":{"start":{"line":85,"column":2},"end":{"line":85,"column":null}},"21":{"start":{"line":90,"column":2},"end":{"line":90,"column":null}},"22":{"start":{"line":95,"column":2},"end":{"line":95,"column":null}},"23":{"start":{"line":99,"column":2},"end":{"line":99,"column":null}},"24":{"start":{"line":103,"column":2},"end":{"line":103,"column":null}},"25":{"start":{"line":107,"column":2},"end":{"line":107,"column":null}},"26":{"start":{"line":111,"column":2},"end":{"line":111,"column":null}},"27":{"start":{"line":114,"column":2},"end":{"line":114,"column":null}},"28":{"start":{"line":118,"column":2},"end":{"line":118,"column":null}},"29":{"start":{"line":122,"column":2},"end":{"line":122,"column":null}},"30":{"start":{"line":125,"column":0},"end":{"line":125,"column":13}},"31":{"start":{"line":128,"column":2},"end":{"line":128,"column":null}},"32":{"start":{"line":131,"column":0},"end":{"line":131,"column":13}},"33":{"start":{"line":134,"column":2},"end":{"line":134,"column":null}},"34":{"start":{"line":137,"column":0},"end":{"line":137,"column":13}},"35":{"start":{"line":140,"column":2},"end":{"line":140,"column":null}},"36":{"start":{"line":144,"column":2},"end":{"line":144,"column":null}},"37":{"start":{"line":147,"column":0},"end":{"line":147,"column":13}},"38":{"start":{"line":150,"column":2},"end":{"line":150,"column":null}},"39":{"start":{"line":153,"column":0},"end":{"line":153,"column":13}},"40":{"start":{"line":157,"column":2},"end":{"line":157,"column":null}},"41":{"start":{"line":156,"column":14},"end":{"line":156,"column":25}},"42":{"start":{"line":162,"column":2},"end":{"line":162,"column":null}},"43":{"start":{"line":161,"column":14},"end":{"line":161,"column":33}},"44":{"start":{"line":167,"column":2},"end":{"line":167,"column":null}},"45":{"start":{"line":166,"column":14},"end":{"line":166,"column":33}}},"fnMap":{"0":{"name":"(anonymous_2)","decl":{"start":{"line":156,"column":8},"end":{"line":156,"column":11}},"loc":{"start":{"line":156,"column":14},"end":{"line":156,"column":25}}},"1":{"name":"(anonymous_3)","decl":{"start":{"line":161,"column":8},"end":{"line":161,"column":11}},"loc":{"start":{"line":161,"column":14},"end":{"line":161,"column":33}}},"2":{"name":"(anonymous_4)","decl":{"start":{"line":166,"column":8},"end":{"line":166,"column":11}},"loc":{"start":{"line":166,"column":14},"end":{"line":166,"column":33}}}},"branchMap":{},"s":{"0":18,"1":18,"2":18,"3":18,"4":18,"5":18,"6":18,"7":18,"8":18,"9":18,"10":18,"11":18,"12":18,"13":18,"14":18,"15":18,"16":18,"17":18,"18":18,"19":18,"20":18,"21":18,"22":18,"23":18,"24":18,"25":18,"26":18,"27":18,"28":18,"29":18,"30":18,"31":18,"32":18,"33":18,"34":18,"35":18,"36":18,"37":18,"38":18,"39":18,"40":18,"41":0,"42":18,"43":0,"44":18,"45":0},"f":{"0":0,"1":0,"2":0},"b":{}}
,"/Users/feroxes/development/projects/green-tower/src/api/dtos/user.dto.ts": {"path":"/Users/feroxes/development/projects/green-tower/src/api/dtos/user.dto.ts","statementMap":{"0":{"start":{"line":1,"column":0},"end":{"line":1,"column":114}},"1":{"start":{"line":3,"column":0},"end":{"line":3,"column":54}},"2":{"start":{"line":5,"column":0},"end":{"line":5,"column":13}},"3":{"start":{"line":10,"column":2},"end":{"line":10,"column":null}},"4":{"start":{"line":16,"column":2},"end":{"line":16,"column":null}},"5":{"start":{"line":21,"column":2},"end":{"line":21,"column":null}},"6":{"start":{"line":27,"column":2},"end":{"line":27,"column":null}},"7":{"start":{"line":30,"column":2},"end":{"line":30,"column":null}},"8":{"start":{"line":33,"column":0},"end":{"line":33,"column":13}},"9":{"start":{"line":38,"column":2},"end":{"line":38,"column":null}},"10":{"start":{"line":44,"column":2},"end":{"line":44,"column":null}},"11":{"start":{"line":49,"column":2},"end":{"line":49,"column":null}},"12":{"start":{"line":55,"column":2},"end":{"line":55,"column":null}},"13":{"start":{"line":58,"column":2},"end":{"line":58,"column":null}},"14":{"start":{"line":61,"column":0},"end":{"line":61,"column":13}},"15":{"start":{"line":64,"column":2},"end":{"line":64,"column":null}},"16":{"start":{"line":69,"column":2},"end":{"line":69,"column":null}},"17":{"start":{"line":74,"column":2},"end":{"line":74,"column":null}},"18":{"start":{"line":77,"column":0},"end":{"line":77,"column":13}},"19":{"start":{"line":80,"column":2},"end":{"line":80,"column":null}},"20":{"start":{"line":83,"column":0},"end":{"line":83,"column":13}},"21":{"start":{"line":86,"column":2},"end":{"line":86,"column":null}},"22":{"start":{"line":89,"column":2},"end":{"line":89,"column":null}},"23":{"start":{"line":92,"column":0},"end":{"line":92,"column":13}},"24":{"start":{"line":95,"column":2},"end":{"line":95,"column":null}},"25":{"start":{"line":98,"column":0},"end":{"line":98,"column":13}}},"fnMap":{},"branchMap":{},"s":{"0":18,"1":18,"2":18,"3":18,"4":18,"5":18,"6":18,"7":18,"8":18,"9":18,"10":18,"11":18,"12":18,"13":18,"14":18,"15":18,"16":18,"17":18,"18":18,"19":18,"20":18,"21":18,"22":18,"23":18,"24":18,"25":18},"f":{},"b":{}}
,"/Users/feroxes/development/projects/green-tower/src/api/errors/auth.errors.ts": {"path":"/Users/feroxes/development/projects/green-tower/src/api/errors/auth.errors.ts","statementMap":{"0":{"start":{"line":1,"column":0},"end":{"line":1,"column":104}},"1":{"start":{"line":3,"column":0},"end":{"line":3,"column":41}},"2":{"start":{"line":7,"column":4},"end":{"line":7,"column":28}},"3":{"start":{"line":10,"column":11},"end":{"line":14,"column":4}},"4":{"start":{"line":16,"column":11},"end":{"line":20,"column":4}},"5":{"start":{"line":22,"column":11},"end":{"line":26,"column":4}},"6":{"start":{"line":5,"column":0},"end":{"line":5,"column":13}},"7":{"start":{"line":31,"column":4},"end":{"line":31,"column":25}},"8":{"start":{"line":34,"column":11},"end":{"line":34,"column":117}},"9":{"start":{"line":36,"column":11},"end":{"line":40,"column":4}},"10":{"start":{"line":45,"column":4},"end":{"line":45,"column":32}},"11":{"start":{"line":48,"column":11},"end":{"line":52,"column":4}},"12":{"start":{"line":54,"column":11},"end":{"line":58,"column":4}},"13":{"start":{"line":60,"column":11},"end":{"line":64,"column":4}},"14":{"start":{"line":43,"column":0},"end":{"line":43,"column":13}},"15":{"start":{"line":69,"column":4},"end":{"line":69,"column":43}},"16":{"start":{"line":72,"column":11},"end":{"line":72,"column":109}},"17":{"start":{"line":73,"column":11},"end":{"line":77,"column":4}},"18":{"start":{"line":78,"column":11},"end":{"line":82,"column":4}},"19":{"start":{"line":67,"column":0},"end":{"line":67,"column":13}},"20":{"start":{"line":85,"column":13},"end":{"line":85,"column":49}},"21":{"start":{"line":86,"column":13},"end":{"line":86,"column":43}},"22":{"start":{"line":87,"column":13},"end":{"line":87,"column":57}},"23":{"start":{"line":88,"column":13},"end":{"line":88,"column":79}}},"fnMap":{"0":{"name":"(anonymous_0)","decl":{"start":{"line":6,"column":2},"end":{"line":6,"column":null}},"loc":{"start":{"line":6,"column":2},"end":{"line":8,"column":3}}},"1":{"name":"(anonymous_1)","decl":{"start":{"line":30,"column":2},"end":{"line":30,"column":null}},"loc":{"start":{"line":30,"column":2},"end":{"line":32,"column":3}}},"2":{"name":"(anonymous_2)","decl":{"start":{"line":44,"column":2},"end":{"line":44,"column":null}},"loc":{"start":{"line":44,"column":2},"end":{"line":46,"column":3}}},"3":{"name":"(anonymous_3)","decl":{"start":{"line":68,"column":2},"end":{"line":68,"column":null}},"loc":{"start":{"line":68,"column":2},"end":{"line":70,"column":3}}}},"branchMap":{},"s":{"0":18,"1":18,"2":18,"3":18,"4":18,"5":18,"6":18,"7":18,"8":18,"9":18,"10":18,"11":18,"12":18,"13":18,"14":18,"15":18,"16":18,"17":18,"18":18,"19":18,"20":18,"21":18,"22":18,"23":18},"f":{"0":18,"1":18,"2":18,"3":18},"b":{}}
,"/Users/feroxes/development/projects/green-tower/src/api/errors/base.error.ts": {"path":"/Users/feroxes/development/projects/green-tower/src/api/errors/base.error.ts","statementMap":{"0":{"start":{"line":10,"column":43},"end":{"line":10,"column":55}},"1":{"start":{"line":17,"column":4},"end":{"line":23,"column":6}},"2":{"start":{"line":18,"column":6},"end":{"line":22,"column":9}},"3":{"start":{"line":9,"column":0},"end":{"line":9,"column":22}}},"fnMap":{"0":{"name":"(anonymous_0)","decl":{"start":{"line":10,"column":2},"end":{"line":10,"column":43}},"loc":{"start":{"line":10,"column":55},"end":{"line":10,"column":59}}},"1":{"name":"(anonymous_1)","decl":{"start":{"line":12,"column":12},"end":{"line":12,"column":23}},"loc":{"start":{"line":15,"column":19},"end":{"line":24,"column":3}}},"2":{"name":"(anonymous_2)","decl":{"start":{"line":17,"column":11},"end":{"line":17,"column":12}},"loc":{"start":{"line":17,"column":51},"end":{"line":23,"column":5}}}},"branchMap":{"0":{"loc":{"start":{"line":17,"column":12},"end":{"line":17,"column":44}},"type":"default-arg","locations":[{"start":{"line":17,"column":42},"end":{"line":17,"column":44}}]}},"s":{"0":741,"1":1152,"2":109,"3":18},"f":{"0":741,"1":1152,"2":109},"b":{"0":[79]}}
,"/Users/feroxes/development/projects/green-tower/src/api/errors/farm-component.errors.ts": {"path":"/Users/feroxes/development/projects/green-tower/src/api/errors/farm-component.errors.ts","statementMap":{"0":{"start":{"line":1,"column":0},"end":{"line":1,"column":51}},"1":{"start":{"line":3,"column":0},"end":{"line":3,"column":41}},"2":{"start":{"line":7,"column":4},"end":{"line":7,"column":16}},"3":{"start":{"line":10,"column":11},"end":{"line":10,"column":96}},"4":{"start":{"line":5,"column":0},"end":{"line":5,"column":13}}},"fnMap":{"0":{"name":"(anonymous_0)","decl":{"start":{"line":6,"column":2},"end":{"line":6,"column":14}},"loc":{"start":{"line":6,"column":26},"end":{"line":8,"column":3}}}},"branchMap":{},"s":{"0":18,"1":18,"2":132,"3":132,"4":18},"f":{"0":132},"b":{}}
,"/Users/feroxes/development/projects/green-tower/src/api/errors/farm.errors.ts": {"path":"/Users/feroxes/development/projects/green-tower/src/api/errors/farm.errors.ts","statementMap":{"0":{"start":{"line":1,"column":0},"end":{"line":1,"column":71}},"1":{"start":{"line":3,"column":0},"end":{"line":3,"column":41}},"2":{"start":{"line":7,"column":4},"end":{"line":7,"column":23}},"3":{"start":{"line":9,"column":11},"end":{"line":9,"column":96}},"4":{"start":{"line":10,"column":11},"end":{"line":14,"column":4}},"5":{"start":{"line":5,"column":0},"end":{"line":5,"column":13}},"6":{"start":{"line":17,"column":13},"end":{"line":17,"column":43}}},"fnMap":{"0":{"name":"(anonymous_0)","decl":{"start":{"line":6,"column":2},"end":{"line":6,"column":null}},"loc":{"start":{"line":6,"column":2},"end":{"line":8,"column":3}}}},"branchMap":{},"s":{"0":18,"1":18,"2":18,"3":18,"4":18,"5":18,"6":18},"f":{"0":18},"b":{}}
,"/Users/feroxes/development/projects/green-tower/src/api/errors/plant-component.errors.ts": {"path":"/Users/feroxes/development/projects/green-tower/src/api/errors/plant-component.errors.ts","statementMap":{"0":{"start":{"line":1,"column":0},"end":{"line":1,"column":51}},"1":{"start":{"line":3,"column":0},"end":{"line":3,"column":41}},"2":{"start":{"line":7,"column":4},"end":{"line":7,"column":16}},"3":{"start":{"line":10,"column":11},"end":{"line":10,"column":99}},"4":{"start":{"line":5,"column":0},"end":{"line":5,"column":13}}},"fnMap":{"0":{"name":"(anonymous_0)","decl":{"start":{"line":6,"column":2},"end":{"line":6,"column":14}},"loc":{"start":{"line":6,"column":26},"end":{"line":8,"column":3}}}},"branchMap":{},"s":{"0":18,"1":18,"2":11,"3":11,"4":18},"f":{"0":11},"b":{}}
,"/Users/feroxes/development/projects/green-tower/src/api/errors/plant.errors.ts": {"path":"/Users/feroxes/development/projects/green-tower/src/api/errors/plant.errors.ts","statementMap":{"0":{"start":{"line":1,"column":0},"end":{"line":1,"column":62}},"1":{"start":{"line":3,"column":0},"end":{"line":3,"column":41}},"2":{"start":{"line":7,"column":4},"end":{"line":7,"column":27}},"3":{"start":{"line":9,"column":11},"end":{"line":13,"column":4}},"4":{"start":{"line":18,"column":4},"end":{"line":18,"column":27}},"5":{"start":{"line":20,"column":11},"end":{"line":24,"column":4}},"6":{"start":{"line":29,"column":4},"end":{"line":29,"column":27}},"7":{"start":{"line":31,"column":11},"end":{"line":35,"column":4}},"8":{"start":{"line":38,"column":13},"end":{"line":38,"column":55}},"9":{"start":{"line":39,"column":13},"end":{"line":39,"column":55}},"10":{"start":{"line":40,"column":13},"end":{"line":40,"column":55}}},"fnMap":{"0":{"name":"(anonymous_0)","decl":{"start":{"line":6,"column":2},"end":{"line":6,"column":null}},"loc":{"start":{"line":6,"column":2},"end":{"line":8,"column":3}}},"1":{"name":"(anonymous_1)","decl":{"start":{"line":17,"column":2},"end":{"line":17,"column":null}},"loc":{"start":{"line":17,"column":2},"end":{"line":19,"column":3}}},"2":{"name":"(anonymous_2)","decl":{"start":{"line":28,"column":2},"end":{"line":28,"column":null}},"loc":{"start":{"line":28,"column":2},"end":{"line":30,"column":3}}}},"branchMap":{},"s":{"0":18,"1":18,"2":18,"3":18,"4":18,"5":18,"6":18,"7":18,"8":18,"9":18,"10":18},"f":{"0":18,"1":18,"2":18},"b":{}}
,"/Users/feroxes/development/projects/green-tower/src/api/errors/refresh-token-middleware.errors.ts": {"path":"/Users/feroxes/development/projects/green-tower/src/api/errors/refresh-token-middleware.errors.ts","statementMap":{"0":{"start":{"line":1,"column":0},"end":{"line":1,"column":55}},"1":{"start":{"line":3,"column":0},"end":{"line":3,"column":41}},"2":{"start":{"line":7,"column":4},"end":{"line":7,"column":14}},"3":{"start":{"line":10,"column":11},"end":{"line":14,"column":4}},"4":{"start":{"line":16,"column":11},"end":{"line":16,"column":109}},"5":{"start":{"line":18,"column":11},"end":{"line":22,"column":4}},"6":{"start":{"line":24,"column":11},"end":{"line":24,"column":99}},"7":{"start":{"line":5,"column":0},"end":{"line":5,"column":13}},"8":{"start":{"line":27,"column":13},"end":{"line":27,"column":79}}},"fnMap":{"0":{"name":"(anonymous_0)","decl":{"start":{"line":6,"column":2},"end":{"line":6,"column":null}},"loc":{"start":{"line":6,"column":2},"end":{"line":8,"column":3}}}},"branchMap":{},"s":{"0":18,"1":18,"2":18,"3":18,"4":18,"5":18,"6":18,"7":18,"8":18},"f":{"0":18},"b":{}}
,"/Users/feroxes/development/projects/green-tower/src/api/errors/token-service.errors.ts": {"path":"/Users/feroxes/development/projects/green-tower/src/api/errors/token-service.errors.ts","statementMap":{"0":{"start":{"line":1,"column":0},"end":{"line":1,"column":85}},"1":{"start":{"line":3,"column":0},"end":{"line":3,"column":41}},"2":{"start":{"line":7,"column":4},"end":{"line":7,"column":14}},"3":{"start":{"line":10,"column":11},"end":{"line":14,"column":4}},"4":{"start":{"line":5,"column":0},"end":{"line":5,"column":13}},"5":{"start":{"line":19,"column":4},"end":{"line":19,"column":14}},"6":{"start":{"line":22,"column":11},"end":{"line":26,"column":4}},"7":{"start":{"line":28,"column":11},"end":{"line":28,"column":113}},"8":{"start":{"line":30,"column":11},"end":{"line":34,"column":4}},"9":{"start":{"line":17,"column":0},"end":{"line":17,"column":13}},"10":{"start":{"line":37,"column":13},"end":{"line":37,"column":71}},"11":{"start":{"line":38,"column":13},"end":{"line":38,"column":63}}},"fnMap":{"0":{"name":"(anonymous_0)","decl":{"start":{"line":6,"column":2},"end":{"line":6,"column":null}},"loc":{"start":{"line":6,"column":2},"end":{"line":8,"column":3}}},"1":{"name":"(anonymous_1)","decl":{"start":{"line":18,"column":2},"end":{"line":18,"column":null}},"loc":{"start":{"line":18,"column":2},"end":{"line":20,"column":3}}}},"branchMap":{},"s":{"0":18,"1":18,"2":18,"3":18,"4":18,"5":18,"6":18,"7":18,"8":18,"9":18,"10":18,"11":18},"f":{"0":18,"1":18},"b":{}}
,"/Users/feroxes/development/projects/green-tower/src/api/errors/user-component.errors.ts": {"path":"/Users/feroxes/development/projects/green-tower/src/api/errors/user-component.errors.ts","statementMap":{"0":{"start":{"line":1,"column":0},"end":{"line":1,"column":100}},"1":{"start":{"line":3,"column":0},"end":{"line":3,"column":41}},"2":{"start":{"line":7,"column":4},"end":{"line":7,"column":16}},"3":{"start":{"line":10,"column":11},"end":{"line":14,"column":4}},"4":{"start":{"line":16,"column":11},"end":{"line":20,"column":4}},"5":{"start":{"line":5,"column":0},"end":{"line":5,"column":13}},"6":{"start":{"line":25,"column":4},"end":{"line":25,"column":16}},"7":{"start":{"line":28,"column":11},"end":{"line":28,"column":96}},"8":{"start":{"line":23,"column":0},"end":{"line":23,"column":13}}},"fnMap":{"0":{"name":"(anonymous_0)","decl":{"start":{"line":6,"column":2},"end":{"line":6,"column":14}},"loc":{"start":{"line":6,"column":26},"end":{"line":8,"column":3}}},"1":{"name":"(anonymous_1)","decl":{"start":{"line":24,"column":2},"end":{"line":24,"column":14}},"loc":{"start":{"line":24,"column":26},"end":{"line":26,"column":3}}}},"branchMap":{},"s":{"0":18,"1":18,"2":123,"3":123,"4":123,"5":18,"6":187,"7":187,"8":18},"f":{"0":123,"1":187},"b":{}}
,"/Users/feroxes/development/projects/green-tower/src/api/errors/user.errors.ts": {"path":"/Users/feroxes/development/projects/green-tower/src/api/errors/user.errors.ts","statementMap":{"0":{"start":{"line":1,"column":0},"end":{"line":1,"column":82}},"1":{"start":{"line":3,"column":0},"end":{"line":3,"column":41}},"2":{"start":{"line":7,"column":4},"end":{"line":7,"column":26}},"3":{"start":{"line":10,"column":11},"end":{"line":14,"column":4}},"4":{"start":{"line":19,"column":4},"end":{"line":19,"column":26}},"5":{"start":{"line":21,"column":11},"end":{"line":21,"column":118}},"6":{"start":{"line":23,"column":11},"end":{"line":27,"column":4}},"7":{"start":{"line":32,"column":4},"end":{"line":32,"column":23}},"8":{"start":{"line":34,"column":11},"end":{"line":34,"column":109}},"9":{"start":{"line":39,"column":4},"end":{"line":39,"column":26}},"10":{"start":{"line":41,"column":11},"end":{"line":45,"column":4}},"11":{"start":{"line":46,"column":11},"end":{"line":50,"column":4}},"12":{"start":{"line":55,"column":4},"end":{"line":55,"column":27}},"13":{"start":{"line":57,"column":11},"end":{"line":61,"column":4}},"14":{"start":{"line":62,"column":11},"end":{"line":66,"column":4}},"15":{"start":{"line":69,"column":13},"end":{"line":69,"column":53}},"16":{"start":{"line":70,"column":13},"end":{"line":70,"column":53}},"17":{"start":{"line":71,"column":13},"end":{"line":71,"column":47}},"18":{"start":{"line":72,"column":13},"end":{"line":72,"column":53}},"19":{"start":{"line":73,"column":13},"end":{"line":73,"column":55}}},"fnMap":{"0":{"name":"(anonymous_0)","decl":{"start":{"line":6,"column":2},"end":{"line":6,"column":null}},"loc":{"start":{"line":6,"column":2},"end":{"line":8,"column":3}}},"1":{"name":"(anonymous_1)","decl":{"start":{"line":18,"column":2},"end":{"line":18,"column":null}},"loc":{"start":{"line":18,"column":2},"end":{"line":20,"column":3}}},"2":{"name":"(anonymous_2)","decl":{"start":{"line":31,"column":2},"end":{"line":31,"column":null}},"loc":{"start":{"line":31,"column":2},"end":{"line":33,"column":3}}},"3":{"name":"(anonymous_3)","decl":{"start":{"line":38,"column":2},"end":{"line":38,"column":null}},"loc":{"start":{"line":38,"column":2},"end":{"line":40,"column":3}}},"4":{"name":"(anonymous_4)","decl":{"start":{"line":54,"column":2},"end":{"line":54,"column":null}},"loc":{"start":{"line":54,"column":2},"end":{"line":56,"column":3}}}},"branchMap":{},"s":{"0":18,"1":18,"2":18,"3":18,"4":18,"5":18,"6":18,"7":18,"8":18,"9":18,"10":18,"11":18,"12":18,"13":18,"14":18,"15":18,"16":18,"17":18,"18":18,"19":18},"f":{"0":18,"1":18,"2":18,"3":18,"4":18},"b":{}}
,"/Users/feroxes/development/projects/green-tower/src/api/modules/app.module.ts": {"path":"/Users/feroxes/development/projects/green-tower/src/api/modules/app.module.ts","statementMap":{"0":{"start":{"line":1,"column":0},"end":{"line":1,"column":72}},"1":{"start":{"line":2,"column":0},"end":{"line":2,"column":61}},"2":{"start":{"line":3,"column":0},"end":{"line":3,"column":50}},"3":{"start":{"line":4,"column":0},"end":{"line":4,"column":48}},"4":{"start":{"line":6,"column":0},"end":{"line":6,"column":50}},"5":{"start":{"line":7,"column":0},"end":{"line":7,"column":52}},"6":{"start":{"line":8,"column":0},"end":{"line":8,"column":50}},"7":{"start":{"line":10,"column":0},"end":{"line":10,"column":43}},"8":{"start":{"line":11,"column":0},"end":{"line":11,"column":43}},"9":{"start":{"line":12,"column":0},"end":{"line":12,"column":47}},"10":{"start":{"line":13,"column":0},"end":{"line":13,"column":45}},"11":{"start":{"line":14,"column":0},"end":{"line":14,"column":43}},"12":{"start":{"line":16,"column":0},"end":{"line":16,"column":72}},"13":{"start":{"line":17,"column":0},"end":{"line":17,"column":66}},"14":{"start":{"line":19,"column":0},"end":{"line":19,"column":83}},"15":{"start":{"line":54,"column":7},"end":{"line":58,"column":null}},"16":{"start":{"line":56,"column":4},"end":{"line":56,"column":80}},"17":{"start":{"line":54,"column":13},"end":{"line":54,"column":22}},"18":{"start":{"line":54,"column":13},"end":{"line":58,"column":null}},"19":{"start":{"line":31,"column":8},"end":{"line":41,"column":10}}},"fnMap":{"0":{"name":"(anonymous_1)","decl":{"start":{"line":55,"column":2},"end":{"line":55,"column":11}},"loc":{"start":{"line":55,"column":40},"end":{"line":57,"column":3}}},"1":{"name":"(anonymous_2)","decl":{"start":{"line":30,"column":18},"end":{"line":30,"column":19}},"loc":{"start":{"line":30,"column":44},"end":{"line":42,"column":7}}}},"branchMap":{},"s":{"0":18,"1":18,"2":18,"3":18,"4":18,"5":18,"6":18,"7":18,"8":18,"9":18,"10":18,"11":18,"12":18,"13":18,"14":18,"15":18,"16":18,"17":18,"18":18,"19":18},"f":{"0":18,"1":18},"b":{}}
,"/Users/feroxes/development/projects/green-tower/src/api/modules/auth.module.ts": {"path":"/Users/feroxes/development/projects/green-tower/src/api/modules/auth.module.ts","statementMap":{"0":{"start":{"line":1,"column":0},"end":{"line":1,"column":40}},"1":{"start":{"line":2,"column":0},"end":{"line":2,"column":48}},"2":{"start":{"line":4,"column":0},"end":{"line":4,"column":60}},"3":{"start":{"line":6,"column":0},"end":{"line":6,"column":50}},"4":{"start":{"line":7,"column":0},"end":{"line":7,"column":50}},"5":{"start":{"line":9,"column":0},"end":{"line":9,"column":64}},"6":{"start":{"line":11,"column":0},"end":{"line":11,"column":63}},"7":{"start":{"line":12,"column":0},"end":{"line":12,"column":89}},"8":{"start":{"line":13,"column":0},"end":{"line":13,"column":74}},"9":{"start":{"line":14,"column":0},"end":{"line":14,"column":112}},"10":{"start":{"line":15,"column":0},"end":{"line":15,"column":76}},"11":{"start":{"line":16,"column":0},"end":{"line":16,"column":66}},"12":{"start":{"line":17,"column":0},"end":{"line":17,"column":66}},"13":{"start":{"line":19,"column":0},"end":{"line":19,"column":64}},"14":{"start":{"line":20,"column":0},"end":{"line":20,"column":64}},"15":{"start":{"line":39,"column":7},"end":{"line":39,"column":null}},"16":{"start":{"line":39,"column":13},"end":{"line":39,"column":23}},"17":{"start":{"line":39,"column":13},"end":{"line":39,"column":null}}},"fnMap":{},"branchMap":{},"s":{"0":18,"1":18,"2":18,"3":18,"4":18,"5":18,"6":18,"7":18,"8":18,"9":18,"10":18,"11":18,"12":18,"13":18,"14":18,"15":18,"16":18,"17":18},"f":{},"b":{}}
,"/Users/feroxes/development/projects/green-tower/src/api/modules/farm.module.ts": {"path":"/Users/feroxes/development/projects/green-tower/src/api/modules/farm.module.ts","statementMap":{"0":{"start":{"line":1,"column":0},"end":{"line":1,"column":40}},"1":{"start":{"line":2,"column":0},"end":{"line":2,"column":48}},"2":{"start":{"line":4,"column":0},"end":{"line":4,"column":60}},"3":{"start":{"line":6,"column":0},"end":{"line":6,"column":50}},"4":{"start":{"line":7,"column":0},"end":{"line":7,"column":52}},"5":{"start":{"line":8,"column":0},"end":{"line":8,"column":50}},"6":{"start":{"line":10,"column":0},"end":{"line":10,"column":64}},"7":{"start":{"line":12,"column":0},"end":{"line":12,"column":63}},"8":{"start":{"line":13,"column":0},"end":{"line":13,"column":70}},"9":{"start":{"line":14,"column":0},"end":{"line":14,"column":66}},"10":{"start":{"line":16,"column":0},"end":{"line":16,"column":64}},"11":{"start":{"line":17,"column":0},"end":{"line":17,"column":64}},"12":{"start":{"line":25,"column":7},"end":{"line":25,"column":null}},"13":{"start":{"line":25,"column":13},"end":{"line":25,"column":23}},"14":{"start":{"line":25,"column":13},"end":{"line":25,"column":null}}},"fnMap":{},"branchMap":{},"s":{"0":18,"1":18,"2":18,"3":18,"4":18,"5":18,"6":18,"7":18,"8":18,"9":18,"10":18,"11":18,"12":18,"13":18,"14":18},"f":{},"b":{}}
,"/Users/feroxes/development/projects/green-tower/src/api/modules/jwt.module.ts": {"path":"/Users/feroxes/development/projects/green-tower/src/api/modules/jwt.module.ts","statementMap":{"0":{"start":{"line":1,"column":0},"end":{"line":1,"column":48}},"1":{"start":{"line":2,"column":0},"end":{"line":2,"column":61}},"2":{"start":{"line":3,"column":0},"end":{"line":3,"column":40}},"3":{"start":{"line":19,"column":7},"end":{"line":19,"column":null}},"4":{"start":{"line":19,"column":13},"end":{"line":19,"column":28}},"5":{"start":{"line":19,"column":13},"end":{"line":19,"column":null}},"6":{"start":{"line":10,"column":53},"end":{"line":13,"column":8}}},"fnMap":{"0":{"name":"(anonymous_1)","decl":{"start":{"line":10,"column":18},"end":{"line":10,"column":19}},"loc":{"start":{"line":10,"column":53},"end":{"line":13,"column":8}}}},"branchMap":{},"s":{"0":18,"1":18,"2":18,"3":18,"4":18,"5":18,"6":18},"f":{"0":18},"b":{}}
,"/Users/feroxes/development/projects/green-tower/src/api/modules/plant.module.ts": {"path":"/Users/feroxes/development/projects/green-tower/src/api/modules/plant.module.ts","statementMap":{"0":{"start":{"line":1,"column":0},"end":{"line":1,"column":40}},"1":{"start":{"line":2,"column":0},"end":{"line":2,"column":48}},"2":{"start":{"line":4,"column":0},"end":{"line":4,"column":60}},"3":{"start":{"line":6,"column":0},"end":{"line":6,"column":50}},"4":{"start":{"line":7,"column":0},"end":{"line":7,"column":52}},"5":{"start":{"line":8,"column":0},"end":{"line":8,"column":50}},"6":{"start":{"line":10,"column":0},"end":{"line":10,"column":66}},"7":{"start":{"line":12,"column":0},"end":{"line":12,"column":66}},"8":{"start":{"line":13,"column":0},"end":{"line":13,"column":79}},"9":{"start":{"line":14,"column":0},"end":{"line":14,"column":79}},"10":{"start":{"line":15,"column":0},"end":{"line":15,"column":73}},"11":{"start":{"line":16,"column":0},"end":{"line":16,"column":75}},"12":{"start":{"line":17,"column":0},"end":{"line":17,"column":79}},"13":{"start":{"line":18,"column":0},"end":{"line":18,"column":66}},"14":{"start":{"line":20,"column":0},"end":{"line":20,"column":64}},"15":{"start":{"line":21,"column":0},"end":{"line":21,"column":66}},"16":{"start":{"line":22,"column":0},"end":{"line":22,"column":64}},"17":{"start":{"line":42,"column":7},"end":{"line":42,"column":null}},"18":{"start":{"line":42,"column":13},"end":{"line":42,"column":24}},"19":{"start":{"line":42,"column":13},"end":{"line":42,"column":null}}},"fnMap":{},"branchMap":{},"s":{"0":18,"1":18,"2":18,"3":18,"4":18,"5":18,"6":18,"7":18,"8":18,"9":18,"10":18,"11":18,"12":18,"13":18,"14":18,"15":18,"16":18,"17":18,"18":18,"19":18},"f":{},"b":{}}
,"/Users/feroxes/development/projects/green-tower/src/api/modules/user.module.ts": {"path":"/Users/feroxes/development/projects/green-tower/src/api/modules/user.module.ts","statementMap":{"0":{"start":{"line":1,"column":0},"end":{"line":1,"column":40}},"1":{"start":{"line":2,"column":0},"end":{"line":2,"column":48}},"2":{"start":{"line":4,"column":0},"end":{"line":4,"column":60}},"3":{"start":{"line":6,"column":0},"end":{"line":6,"column":50}},"4":{"start":{"line":7,"column":0},"end":{"line":7,"column":50}},"5":{"start":{"line":9,"column":0},"end":{"line":9,"column":64}},"6":{"start":{"line":11,"column":0},"end":{"line":11,"column":66}},"7":{"start":{"line":12,"column":0},"end":{"line":12,"column":66}},"8":{"start":{"line":13,"column":0},"end":{"line":13,"column":63}},"9":{"start":{"line":14,"column":0},"end":{"line":14,"column":76}},"10":{"start":{"line":15,"column":0},"end":{"line":15,"column":76}},"11":{"start":{"line":16,"column":0},"end":{"line":16,"column":70}},"12":{"start":{"line":17,"column":0},"end":{"line":17,"column":72}},"13":{"start":{"line":18,"column":0},"end":{"line":18,"column":79}},"14":{"start":{"line":19,"column":0},"end":{"line":19,"column":76}},"15":{"start":{"line":21,"column":0},"end":{"line":21,"column":64}},"16":{"start":{"line":22,"column":0},"end":{"line":22,"column":64}},"17":{"start":{"line":43,"column":7},"end":{"line":43,"column":null}},"18":{"start":{"line":43,"column":13},"end":{"line":43,"column":23}},"19":{"start":{"line":43,"column":13},"end":{"line":43,"column":null}}},"fnMap":{},"branchMap":{},"s":{"0":18,"1":18,"2":18,"3":18,"4":18,"5":18,"6":18,"7":18,"8":18,"9":18,"10":18,"11":18,"12":18,"13":18,"14":18,"15":18,"16":18,"17":18,"18":18,"19":18},"f":{},"b":{}}
,"/Users/feroxes/development/projects/green-tower/src/api/types/common.types.ts": {"path":"/Users/feroxes/development/projects/green-tower/src/api/types/common.types.ts","statementMap":{"0":{"start":{"line":1,"column":0},"end":{"line":1,"column":null}},"1":{"start":{"line":2,"column":2},"end":{"line":2,"column":null}},"2":{"start":{"line":3,"column":2},"end":{"line":3,"column":null}}},"fnMap":{"0":{"name":"(anonymous_0)","decl":{"start":{"line":1,"column":0},"end":{"line":1,"column":12}},"loc":{"start":{"line":1,"column":29},"end":{"line":4,"column":1}}}},"branchMap":{"0":{"loc":{"start":{"line":1,"column":12},"end":{"line":1,"column":null}},"type":"binary-expr","locations":[{"start":{"line":1,"column":12},"end":{"line":1,"column":29}},{"start":{"line":1,"column":29},"end":{"line":1,"column":null}}]}},"s":{"0":18,"1":18,"2":18},"f":{"0":18},"b":{"0":[18,18]}}
,"/Users/feroxes/development/projects/green-tower/src/api/types/dto-types.ts": {"path":"/Users/feroxes/development/projects/green-tower/src/api/types/dto-types.ts","statementMap":{"0":{"start":{"line":1,"column":0},"end":{"line":1,"column":52}},"1":{"start":{"line":3,"column":0},"end":{"line":3,"column":13}},"2":{"start":{"line":6,"column":2},"end":{"line":6,"column":null}},"3":{"start":{"line":10,"column":2},"end":{"line":10,"column":null}},"4":{"start":{"line":19,"column":0},"end":{"line":19,"column":13}}},"fnMap":{},"branchMap":{},"s":{"0":18,"1":18,"2":18,"3":18,"4":18},"f":{},"b":{}}
,"/Users/feroxes/development/projects/green-tower/src/components/farm.component.ts": {"path":"/Users/feroxes/development/projects/green-tower/src/components/farm.component.ts","statementMap":{"0":{"start":{"line":1,"column":0},"end":{"line":1,"column":44}},"1":{"start":{"line":2,"column":0},"end":{"line":2,"column":51}},"2":{"start":{"line":3,"column":0},"end":{"line":3,"column":37}},"3":{"start":{"line":5,"column":0},"end":{"line":5,"column":47}},"4":{"start":{"line":7,"column":0},"end":{"line":7,"column":76}},"5":{"start":{"line":10,"column":7},"end":{"line":25,"column":null}},"6":{"start":{"line":13,"column":12},"end":{"line":13,"column":28}},"7":{"start":{"line":17,"column":19},"end":{"line":17,"column":55}},"8":{"start":{"line":18,"column":17},"end":{"line":18,"column":99}},"9":{"start":{"line":20,"column":4},"end":{"line":22,"column":5}},"10":{"start":{"line":21,"column":6},"end":{"line":21,"column":34}},"11":{"start":{"line":23,"column":4},"end":{"line":23,"column":16}},"12":{"start":{"line":10,"column":13},"end":{"line":10,"column":26}},"13":{"start":{"line":10,"column":13},"end":{"line":25,"column":null}}},"fnMap":{"0":{"name":"(anonymous_4)","decl":{"start":{"line":11,"column":2},"end":{"line":11,"column":null}},"loc":{"start":{"line":13,"column":44},"end":{"line":14,"column":6}}},"1":{"name":"(anonymous_5)","decl":{"start":{"line":16,"column":2},"end":{"line":16,"column":7}},"loc":{"start":{"line":16,"column":73},"end":{"line":24,"column":3}}}},"branchMap":{"0":{"loc":{"start":{"line":18,"column":72},"end":{"line":18,"column":95}},"type":"binary-expr","locations":[{"start":{"line":18,"column":72},"end":{"line":18,"column":78}},{"start":{"line":18,"column":82},"end":{"line":18,"column":95}}]},"1":{"loc":{"start":{"line":20,"column":4},"end":{"line":22,"column":5}},"type":"if","locations":[{"start":{"line":20,"column":4},"end":{"line":22,"column":5}}]}},"s":{"0":18,"1":18,"2":18,"3":18,"4":18,"5":18,"6":72,"7":132,"8":132,"9":132,"10":1,"11":131,"12":18,"13":18},"f":{"0":72,"1":132},"b":{"0":[132,4],"1":[1]}}
,"/Users/feroxes/development/projects/green-tower/src/components/plant.component.ts": {"path":"/Users/feroxes/development/projects/green-tower/src/components/plant.component.ts","statementMap":{"0":{"start":{"line":1,"column":0},"end":{"line":1,"column":44}},"1":{"start":{"line":2,"column":0},"end":{"line":2,"column":51}},"2":{"start":{"line":3,"column":0},"end":{"line":3,"column":37}},"3":{"start":{"line":5,"column":0},"end":{"line":5,"column":49}},"4":{"start":{"line":7,"column":0},"end":{"line":7,"column":81}},"5":{"start":{"line":9,"column":0},"end":{"line":9,"column":75}},"6":{"start":{"line":12,"column":0},"end":{"line":12,"column":62}},"7":{"start":{"line":14,"column":0},"end":{"line":14,"column":71}},"8":{"start":{"line":15,"column":0},"end":{"line":15,"column":52}},"9":{"start":{"line":18,"column":7},"end":{"line":55,"column":null}},"10":{"start":{"line":21,"column":12},"end":{"line":21,"column":29}},"11":{"start":{"line":29,"column":19},"end":{"line":29,"column":53}},"12":{"start":{"line":30,"column":18},"end":{"line":34,"column":6}},"13":{"start":{"line":36,"column":4},"end":{"line":38,"column":5}},"14":{"start":{"line":37,"column":6},"end":{"line":37,"column":35}},"15":{"start":{"line":39,"column":4},"end":{"line":39,"column":17}},"16":{"start":{"line":53,"column":4},"end":{"line":53,"column":83}},"17":{"start":{"line":18,"column":13},"end":{"line":18,"column":27}},"18":{"start":{"line":47,"column":8},"end":{"line":54,"column":null}},"19":{"start":{"line":18,"column":13},"end":{"line":55,"column":null}}},"fnMap":{"0":{"name":"(anonymous_4)","decl":{"start":{"line":19,"column":2},"end":{"line":19,"column":null}},"loc":{"start":{"line":21,"column":46},"end":{"line":22,"column":6}}},"1":{"name":"(anonymous_5)","decl":{"start":{"line":24,"column":2},"end":{"line":24,"column":7}},"loc":{"start":{"line":27,"column":19},"end":{"line":40,"column":3}}},"2":{"name":"(anonymous_6)","decl":{"start":{"line":47,"column":2},"end":{"line":47,"column":7}},"loc":{"start":{"line":51,"column":33},"end":{"line":54,"column":3}}}},"branchMap":{"0":{"loc":{"start":{"line":33,"column":10},"end":{"line":33,"column":33}},"type":"binary-expr","locations":[{"start":{"line":33,"column":10},"end":{"line":33,"column":16}},{"start":{"line":33,"column":20},"end":{"line":33,"column":33}}]},"1":{"loc":{"start":{"line":36,"column":4},"end":{"line":38,"column":5}},"type":"if","locations":[{"start":{"line":36,"column":4},"end":{"line":38,"column":5}}]}},"s":{"0":18,"1":18,"2":18,"3":18,"4":18,"5":18,"6":18,"7":18,"8":18,"9":18,"10":18,"11":8,"12":8,"13":8,"14":3,"15":5,"16":0,"17":18,"18":18,"19":18},"f":{"0":18,"1":8,"2":0},"b":{"0":[8,0],"1":[3]}}
,"/Users/feroxes/development/projects/green-tower/src/components/user.component.ts": {"path":"/Users/feroxes/development/projects/green-tower/src/components/user.component.ts","statementMap":{"0":{"start":{"line":1,"column":0},"end":{"line":1,"column":44}},"1":{"start":{"line":2,"column":0},"end":{"line":2,"column":51}},"2":{"start":{"line":3,"column":0},"end":{"line":3,"column":33}},"3":{"start":{"line":4,"column":0},"end":{"line":4,"column":37}},"4":{"start":{"line":8,"column":0},"end":{"line":8,"column":47}},"5":{"start":{"line":10,"column":0},"end":{"line":10,"column":63}},"6":{"start":{"line":15,"column":0},"end":{"line":15,"column":113}},"7":{"start":{"line":18,"column":0},"end":{"line":18,"column":62}},"8":{"start":{"line":20,"column":0},"end":{"line":20,"column":71}},"9":{"start":{"line":21,"column":0},"end":{"line":21,"column":52}},"10":{"start":{"line":22,"column":0},"end":{"line":22,"column":51}},"11":{"start":{"line":25,"column":7},"end":{"line":88,"column":null}},"12":{"start":{"line":28,"column":12},"end":{"line":28,"column":28}},"13":{"start":{"line":29,"column":12},"end":{"line":29,"column":26}},"14":{"start":{"line":33,"column":19},"end":{"line":33,"column":58}},"15":{"start":{"line":34,"column":25},"end":{"line":36,"column":6}},"16":{"start":{"line":38,"column":4},"end":{"line":40,"column":5}},"17":{"start":{"line":39,"column":6},"end":{"line":39,"column":39}},"18":{"start":{"line":42,"column":27},"end":{"line":42,"column":68}},"19":{"start":{"line":44,"column":15},"end":{"line":47,"column":6}},"20":{"start":{"line":49,"column":4},"end":{"line":49,"column":21}},"21":{"start":{"line":50,"column":30},"end":{"line":50,"column":80}},"22":{"start":{"line":52,"column":37},"end":{"line":52,"column":47}},"23":{"start":{"line":53,"column":4},"end":{"line":55,"column":6}},"24":{"start":{"line":57,"column":4},"end":{"line":57,"column":52}},"25":{"start":{"line":58,"column":4},"end":{"line":58,"column":61}},"26":{"start":{"line":59,"column":4},"end":{"line":59,"column":34}},"27":{"start":{"line":61,"column":4},"end":{"line":65,"column":5}},"28":{"start":{"line":62,"column":6},"end":{"line":62,"column":50}},"29":{"start":{"line":64,"column":6},"end":{"line":64,"column":45}},"30":{"start":{"line":67,"column":4},"end":{"line":67,"column":20}},"31":{"start":{"line":76,"column":4},"end":{"line":76,"column":83}},"32":{"start":{"line":80,"column":19},"end":{"line":80,"column":66}},"33":{"start":{"line":81,"column":17},"end":{"line":81,"column":91}},"34":{"start":{"line":83,"column":4},"end":{"line":85,"column":5}},"35":{"start":{"line":84,"column":6},"end":{"line":84,"column":40}},"36":{"start":{"line":86,"column":4},"end":{"line":86,"column":16}},"37":{"start":{"line":25,"column":13},"end":{"line":25,"column":26}},"38":{"start":{"line":75,"column":8},"end":{"line":77,"column":null}},"39":{"start":{"line":25,"column":13},"end":{"line":88,"column":null}}},"fnMap":{"0":{"name":"(anonymous_4)","decl":{"start":{"line":26,"column":2},"end":{"line":26,"column":null}},"loc":{"start":{"line":29,"column":38},"end":{"line":30,"column":6}}},"1":{"name":"(anonymous_5)","decl":{"start":{"line":32,"column":2},"end":{"line":32,"column":7}},"loc":{"start":{"line":32,"column":70},"end":{"line":68,"column":3}}},"2":{"name":"(anonymous_6)","decl":{"start":{"line":75,"column":2},"end":{"line":75,"column":7}},"loc":{"start":{"line":75,"column":55},"end":{"line":77,"column":3}}},"3":{"name":"(anonymous_7)","decl":{"start":{"line":79,"column":2},"end":{"line":79,"column":7}},"loc":{"start":{"line":79,"column":72},"end":{"line":87,"column":3}}}},"branchMap":{"0":{"loc":{"start":{"line":38,"column":4},"end":{"line":40,"column":5}},"type":"if","locations":[{"start":{"line":38,"column":4},"end":{"line":40,"column":5}}]},"1":{"loc":{"start":{"line":83,"column":4},"end":{"line":85,"column":5}},"type":"if","locations":[{"start":{"line":83,"column":4},"end":{"line":85,"column":5}}]}},"s":{"0":18,"1":18,"2":18,"3":18,"4":18,"5":18,"6":18,"7":18,"8":18,"9":18,"10":18,"11":18,"12":72,"13":72,"14":120,"15":120,"16":120,"17":2,"18":118,"19":118,"20":118,"21":118,"22":118,"23":118,"24":118,"25":118,"26":118,"27":118,"28":118,"29":2,"30":116,"31":0,"32":169,"33":169,"34":169,"35":18,"36":151,"37":18,"38":18,"39":18},"f":{"0":72,"1":120,"2":0,"3":169},"b":{"0":[2],"1":[18]}}
,"/Users/feroxes/development/projects/green-tower/src/decorators/executor.decorator.ts": {"path":"/Users/feroxes/development/projects/green-tower/src/decorators/executor.decorator.ts","statementMap":{"0":{"start":{"line":1,"column":0},"end":{"line":1,"column":72}},"1":{"start":{"line":5,"column":13},"end":{"line":8,"column":3}},"2":{"start":{"line":6,"column":18},"end":{"line":6,"column":70}},"3":{"start":{"line":7,"column":2},"end":{"line":7,"column":22}}},"fnMap":{"0":{"name":"(anonymous_0)","decl":{"start":{"line":5,"column":45},"end":{"line":5,"column":46}},"loc":{"start":{"line":5,"column":85},"end":{"line":8,"column":1}}}},"branchMap":{},"s":{"0":18,"1":18,"2":156,"3":156},"f":{"0":156},"b":{}}
,"/Users/feroxes/development/projects/green-tower/src/decorators/list.decorator.ts": {"path":"/Users/feroxes/development/projects/green-tower/src/decorators/list.decorator.ts","statementMap":{"0":{"start":{"line":22,"column":0},"end":{"line":22,"column":16}},"1":{"start":{"line":7,"column":0},"end":{"line":7,"column":71}},"2":{"start":{"line":16,"column":14},"end":{"line":16,"column":31}},"3":{"start":{"line":17,"column":2},"end":{"line":17,"column":31}},"4":{"start":{"line":18,"column":2},"end":{"line":18,"column":32}},"5":{"start":{"line":19,"column":2},"end":{"line":19,"column":13}},"6":{"start":{"line":23,"column":2},"end":{"line":84,"column":4}},"7":{"start":{"line":24,"column":4},"end":{"line":82,"column":6}},"8":{"start":{"line":31,"column":50},"end":{"line":31,"column":65}},"9":{"start":{"line":33,"column":6},"end":{"line":36,"column":7}},"10":{"start":{"line":34,"column":24},"end":{"line":34,"column":113}},"11":{"start":{"line":35,"column":8},"end":{"line":35,"column":52}},"12":{"start":{"line":38,"column":25},"end":{"line":38,"column":58}},"13":{"start":{"line":39,"column":27},"end":{"line":39,"column":68}},"14":{"start":{"line":41,"column":6},"end":{"line":41,"column":91}},"15":{"start":{"line":43,"column":6},"end":{"line":49,"column":7}},"16":{"start":{"line":44,"column":8},"end":{"line":48,"column":11}},"17":{"start":{"line":45,"column":10},"end":{"line":47,"column":11}},"18":{"start":{"line":46,"column":12},"end":{"line":46,"column":86}},"19":{"start":{"line":51,"column":6},"end":{"line":59,"column":7}},"20":{"start":{"line":52,"column":8},"end":{"line":56,"column":11}},"21":{"start":{"line":53,"column":10},"end":{"line":55,"column":11}},"22":{"start":{"line":54,"column":12},"end":{"line":54,"column":64}},"23":{"start":{"line":57,"column":13},"end":{"line":59,"column":7}},"24":{"start":{"line":58,"column":8},"end":{"line":58,"column":102}},"25":{"start":{"line":61,"column":20},"end":{"line":61,"column":43}},"26":{"start":{"line":63,"column":19},"end":{"line":63,"column":42}},"27":{"start":{"line":64,"column":6},"end":{"line":64,"column":47}},"28":{"start":{"line":66,"column":6},"end":{"line":70,"column":7}},"29":{"start":{"line":67,"column":8},"end":{"line":69,"column":11}},"30":{"start":{"line":68,"column":10},"end":{"line":68,"column":80}},"31":{"start":{"line":72,"column":32},"end":{"line":72,"column":68}},"32":{"start":{"line":74,"column":6},"end":{"line":81,"column":8}},"33":{"start":{"line":83,"column":4},"end":{"line":83,"column":22}}},"fnMap":{"0":{"name":"createListMetaDto","decl":{"start":{"line":15,"column":9},"end":{"line":15,"column":26}},"loc":{"start":{"line":15,"column":61},"end":{"line":20,"column":1}}},"1":{"name":"List","decl":{"start":{"line":22,"column":16},"end":{"line":22,"column":20}},"loc":{"start":{"line":22,"column":69},"end":{"line":85,"column":1}}},"2":{"name":"(anonymous_2)","decl":{"start":{"line":23,"column":9},"end":{"line":23,"column":19}},"loc":{"start":{"line":23,"column":69},"end":{"line":84,"column":3}}},"3":{"name":"(anonymous_3)","decl":{"start":{"line":24,"column":23},"end":{"line":24,"column":28}},"loc":{"start":{"line":29,"column":49},"end":{"line":82,"column":5}}},"4":{"name":"(anonymous_4)","decl":{"start":{"line":44,"column":40},"end":{"line":44,"column":41}},"loc":{"start":{"line":44,"column":57},"end":{"line":48,"column":9}}},"5":{"name":"(anonymous_5)","decl":{"start":{"line":52,"column":40},"end":{"line":52,"column":41}},"loc":{"start":{"line":52,"column":57},"end":{"line":56,"column":9}}},"6":{"name":"(anonymous_6)","decl":{"start":{"line":67,"column":34},"end":{"line":67,"column":35}},"loc":{"start":{"line":67,"column":47},"end":{"line":69,"column":9}}}},"branchMap":{"0":{"loc":{"start":{"line":15,"column":27},"end":{"line":15,"column":61}},"type":"default-arg","locations":[{"start":{"line":15,"column":59},"end":{"line":15,"column":61}}]},"1":{"loc":{"start":{"line":17,"column":13},"end":{"line":17,"column":30}},"type":"binary-expr","locations":[{"start":{"line":17,"column":13},"end":{"line":17,"column":25}},{"start":{"line":17,"column":29},"end":{"line":17,"column":30}}]},"2":{"loc":{"start":{"line":18,"column":13},"end":{"line":18,"column":31}},"type":"binary-expr","locations":[{"start":{"line":18,"column":13},"end":{"line":18,"column":25}},{"start":{"line":18,"column":29},"end":{"line":18,"column":31}}]},"3":{"loc":{"start":{"line":33,"column":6},"end":{"line":36,"column":7}},"type":"if","locations":[{"start":{"line":33,"column":6},"end":{"line":36,"column":7}}]},"4":{"loc":{"start":{"line":43,"column":6},"end":{"line":49,"column":7}},"type":"if","locations":[{"start":{"line":43,"column":6},"end":{"line":49,"column":7}}]},"5":{"loc":{"start":{"line":45,"column":10},"end":{"line":47,"column":11}},"type":"if","locations":[{"start":{"line":45,"column":10},"end":{"line":47,"column":11}}]},"6":{"loc":{"start":{"line":51,"column":6},"end":{"line":59,"column":7}},"type":"if","locations":[{"start":{"line":51,"column":6},"end":{"line":59,"column":7}},{"start":{"line":57,"column":13},"end":{"line":59,"column":7}}]},"7":{"loc":{"start":{"line":53,"column":10},"end":{"line":55,"column":11}},"type":"if","locations":[{"start":{"line":53,"column":10},"end":{"line":55,"column":11}}]},"8":{"loc":{"start":{"line":57,"column":13},"end":{"line":59,"column":7}},"type":"if","locations":[{"start":{"line":57,"column":13},"end":{"line":59,"column":7}}]},"9":{"loc":{"start":{"line":66,"column":6},"end":{"line":70,"column":7}},"type":"if","locations":[{"start":{"line":66,"column":6},"end":{"line":70,"column":7}}]}},"s":{"0":18,"1":18,"2":3,"3":3,"4":3,"5":3,"6":36,"7":36,"8":3,"9":3,"10":3,"11":3,"12":3,"13":3,"14":3,"15":3,"16":1,"17":1,"18":1,"19":3,"20":1,"21":1,"22":1,"23":2,"24":2,"25":3,"26":3,"27":3,"28":3,"29":3,"30":6,"31":3,"32":3,"33":36},"f":{"0":3,"1":36,"2":36,"3":3,"4":1,"5":1,"6":6},"b":{"0":[1],"1":[3,1],"2":[3,1],"3":[3],"4":[1],"5":[1],"6":[1,2],"7":[1],"8":[2],"9":[3]}}
,"/Users/feroxes/development/projects/green-tower/src/entities/farm.entity.ts": {"path":"/Users/feroxes/development/projects/green-tower/src/entities/farm.entity.ts","statementMap":{"0":{"start":{"line":1,"column":0},"end":{"line":1,"column":null}},"1":{"start":{"line":13,"column":0},"end":{"line":13,"column":39}},"2":{"start":{"line":14,"column":0},"end":{"line":14,"column":37}},"3":{"start":{"line":16,"column":0},"end":{"line":16,"column":51}},"4":{"start":{"line":19,"column":7},"end":{"line":44,"column":null}},"5":{"start":{"line":19,"column":13},"end":{"line":19,"column":17}},"6":{"start":{"line":21,"column":2},"end":{"line":21,"column":null}},"7":{"start":{"line":24,"column":2},"end":{"line":24,"column":null}},"8":{"start":{"line":28,"column":2},"end":{"line":28,"column":null}},"9":{"start":{"line":26,"column":18},"end":{"line":26,"column":22}},"10":{"start":{"line":31,"column":2},"end":{"line":31,"column":null}},"11":{"start":{"line":30,"column":19},"end":{"line":30,"column":23}},"12":{"start":{"line":30,"column":41},"end":{"line":30,"column":50}},"13":{"start":{"line":34,"column":2},"end":{"line":34,"column":null}},"14":{"start":{"line":33,"column":19},"end":{"line":33,"column":24}},"15":{"start":{"line":33,"column":43},"end":{"line":33,"column":52}},"16":{"start":{"line":37,"column":2},"end":{"line":37,"column":null}},"17":{"start":{"line":40,"column":2},"end":{"line":40,"column":null}},"18":{"start":{"line":43,"column":2},"end":{"line":43,"column":null}},"19":{"start":{"line":19,"column":13},"end":{"line":44,"column":null}}},"fnMap":{"0":{"name":"(anonymous_2)","decl":{"start":{"line":26,"column":12},"end":{"line":26,"column":15}},"loc":{"start":{"line":26,"column":18},"end":{"line":26,"column":22}}},"1":{"name":"(anonymous_3)","decl":{"start":{"line":30,"column":13},"end":{"line":30,"column":16}},"loc":{"start":{"line":30,"column":19},"end":{"line":30,"column":23}}},"2":{"name":"(anonymous_4)","decl":{"start":{"line":30,"column":25},"end":{"line":30,"column":26}},"loc":{"start":{"line":30,"column":41},"end":{"line":30,"column":50}}},"3":{"name":"(anonymous_5)","decl":{"start":{"line":33,"column":13},"end":{"line":33,"column":16}},"loc":{"start":{"line":33,"column":19},"end":{"line":33,"column":24}}},"4":{"name":"(anonymous_6)","decl":{"start":{"line":33,"column":26},"end":{"line":33,"column":27}},"loc":{"start":{"line":33,"column":43},"end":{"line":33,"column":52}}}},"branchMap":{},"s":{"0":18,"1":18,"2":18,"3":18,"4":18,"5":18,"6":18,"7":18,"8":18,"9":18,"10":18,"11":18,"12":18,"13":18,"14":18,"15":18,"16":18,"17":18,"18":18,"19":18},"f":{"0":18,"1":18,"2":18,"3":18,"4":18},"b":{}}
,"/Users/feroxes/development/projects/green-tower/src/entities/plant.entity.ts": {"path":"/Users/feroxes/development/projects/green-tower/src/entities/plant.entity.ts","statementMap":{"0":{"start":{"line":1,"column":0},"end":{"line":1,"column":null}},"1":{"start":{"line":13,"column":0},"end":{"line":13,"column":37}},"2":{"start":{"line":14,"column":0},"end":{"line":14,"column":37}},"3":{"start":{"line":16,"column":0},"end":{"line":16,"column":null}},"4":{"start":{"line":17,"column":2},"end":{"line":17,"column":null}},"5":{"start":{"line":18,"column":2},"end":{"line":18,"column":null}},"6":{"start":{"line":23,"column":7},"end":{"line":80,"column":null}},"7":{"start":{"line":23,"column":13},"end":{"line":23,"column":18}},"8":{"start":{"line":25,"column":2},"end":{"line":25,"column":null}},"9":{"start":{"line":28,"column":2},"end":{"line":28,"column":null}},"10":{"start":{"line":31,"column":2},"end":{"line":31,"column":null}},"11":{"start":{"line":34,"column":2},"end":{"line":34,"column":null}},"12":{"start":{"line":37,"column":2},"end":{"line":37,"column":null}},"13":{"start":{"line":44,"column":2},"end":{"line":44,"column":null}},"14":{"start":{"line":47,"column":2},"end":{"line":47,"column":null}},"15":{"start":{"line":50,"column":2},"end":{"line":50,"column":null}},"16":{"start":{"line":53,"column":2},"end":{"line":53,"column":null}},"17":{"start":{"line":56,"column":2},"end":{"line":56,"column":null}},"18":{"start":{"line":59,"column":2},"end":{"line":59,"column":null}},"19":{"start":{"line":62,"column":2},"end":{"line":62,"column":null}},"20":{"start":{"line":66,"column":2},"end":{"line":66,"column":null}},"21":{"start":{"line":64,"column":19},"end":{"line":64,"column":23}},"22":{"start":{"line":64,"column":35},"end":{"line":64,"column":46}},"23":{"start":{"line":70,"column":2},"end":{"line":70,"column":null}},"24":{"start":{"line":68,"column":19},"end":{"line":68,"column":23}},"25":{"start":{"line":68,"column":35},"end":{"line":68,"column":46}},"26":{"start":{"line":73,"column":2},"end":{"line":73,"column":null}},"27":{"start":{"line":76,"column":2},"end":{"line":76,"column":null}},"28":{"start":{"line":79,"column":2},"end":{"line":79,"column":null}},"29":{"start":{"line":23,"column":13},"end":{"line":80,"column":null}}},"fnMap":{"0":{"name":"(anonymous_2)","decl":{"start":{"line":16,"column":0},"end":{"line":16,"column":12}},"loc":{"start":{"line":16,"column":21},"end":{"line":19,"column":1}}},"1":{"name":"(anonymous_3)","decl":{"start":{"line":64,"column":13},"end":{"line":64,"column":16}},"loc":{"start":{"line":64,"column":19},"end":{"line":64,"column":23}}},"2":{"name":"(anonymous_4)","decl":{"start":{"line":64,"column":25},"end":{"line":64,"column":26}},"loc":{"start":{"line":64,"column":35},"end":{"line":64,"column":46}}},"3":{"name":"(anonymous_5)","decl":{"start":{"line":68,"column":13},"end":{"line":68,"column":16}},"loc":{"start":{"line":68,"column":19},"end":{"line":68,"column":23}}},"4":{"name":"(anonymous_6)","decl":{"start":{"line":68,"column":25},"end":{"line":68,"column":26}},"loc":{"start":{"line":68,"column":35},"end":{"line":68,"column":46}}}},"branchMap":{"0":{"loc":{"start":{"line":16,"column":12},"end":{"line":16,"column":null}},"type":"binary-expr","locations":[{"start":{"line":16,"column":12},"end":{"line":16,"column":21}},{"start":{"line":16,"column":21},"end":{"line":16,"column":null}}]}},"s":{"0":18,"1":18,"2":18,"3":18,"4":18,"5":18,"6":18,"7":18,"8":18,"9":18,"10":18,"11":18,"12":18,"13":18,"14":18,"15":18,"16":18,"17":18,"18":18,"19":18,"20":18,"21":18,"22":18,"23":18,"24":18,"25":18,"26":18,"27":18,"28":18,"29":18},"f":{"0":18,"1":18,"2":18,"3":18,"4":18},"b":{"0":[18,18]}}
,"/Users/feroxes/development/projects/green-tower/src/entities/user.entity.ts": {"path":"/Users/feroxes/development/projects/green-tower/src/entities/user.entity.ts","statementMap":{"0":{"start":{"line":1,"column":0},"end":{"line":1,"column":44}},"1":{"start":{"line":2,"column":0},"end":{"line":2,"column":null}},"2":{"start":{"line":14,"column":0},"end":{"line":14,"column":37}},"3":{"start":{"line":15,"column":0},"end":{"line":15,"column":39}},"4":{"start":{"line":17,"column":0},"end":{"line":17,"column":null}},"5":{"start":{"line":18,"column":2},"end":{"line":18,"column":null}},"6":{"start":{"line":19,"column":2},"end":{"line":19,"column":null}},"7":{"start":{"line":20,"column":2},"end":{"line":20,"column":null}},"8":{"start":{"line":24,"column":7},"end":{"line":79,"column":null}},"9":{"start":{"line":24,"column":13},"end":{"line":24,"column":17}},"10":{"start":{"line":26,"column":2},"end":{"line":26,"column":null}},"11":{"start":{"line":29,"column":2},"end":{"line":29,"column":null}},"12":{"start":{"line":32,"column":2},"end":{"line":32,"column":null}},"13":{"start":{"line":35,"column":2},"end":{"line":35,"column":null}},"14":{"start":{"line":39,"column":2},"end":{"line":39,"column":null}},"15":{"start":{"line":46,"column":2},"end":{"line":46,"column":null}},"16":{"start":{"line":50,"column":2},"end":{"line":50,"column":null}},"17":{"start":{"line":54,"column":2},"end":{"line":54,"column":null}},"18":{"start":{"line":58,"column":2},"end":{"line":58,"column":null}},"19":{"start":{"line":62,"column":2},"end":{"line":62,"column":null}},"20":{"start":{"line":66,"column":2},"end":{"line":66,"column":null}},"21":{"start":{"line":64,"column":19},"end":{"line":64,"column":23}},"22":{"start":{"line":64,"column":35},"end":{"line":64,"column":45}},"23":{"start":{"line":69,"column":2},"end":{"line":69,"column":null}},"24":{"start":{"line":68,"column":19},"end":{"line":68,"column":24}},"25":{"start":{"line":68,"column":37},"end":{"line":68,"column":52}},"26":{"start":{"line":72,"column":2},"end":{"line":72,"column":null}},"27":{"start":{"line":75,"column":2},"end":{"line":75,"column":null}},"28":{"start":{"line":78,"column":2},"end":{"line":78,"column":null}},"29":{"start":{"line":24,"column":13},"end":{"line":79,"column":null}}},"fnMap":{"0":{"name":"(anonymous_2)","decl":{"start":{"line":17,"column":0},"end":{"line":17,"column":12}},"loc":{"start":{"line":17,"column":20},"end":{"line":21,"column":1}}},"1":{"name":"(anonymous_3)","decl":{"start":{"line":64,"column":13},"end":{"line":64,"column":16}},"loc":{"start":{"line":64,"column":19},"end":{"line":64,"column":23}}},"2":{"name":"(anonymous_4)","decl":{"start":{"line":64,"column":25},"end":{"line":64,"column":26}},"loc":{"start":{"line":64,"column":35},"end":{"line":64,"column":45}}},"3":{"name":"(anonymous_5)","decl":{"start":{"line":68,"column":13},"end":{"line":68,"column":16}},"loc":{"start":{"line":68,"column":19},"end":{"line":68,"column":24}}},"4":{"name":"(anonymous_6)","decl":{"start":{"line":68,"column":26},"end":{"line":68,"column":27}},"loc":{"start":{"line":68,"column":37},"end":{"line":68,"column":52}}}},"branchMap":{"0":{"loc":{"start":{"line":17,"column":12},"end":{"line":17,"column":null}},"type":"binary-expr","locations":[{"start":{"line":17,"column":12},"end":{"line":17,"column":20}},{"start":{"line":17,"column":20},"end":{"line":17,"column":null}}]}},"s":{"0":18,"1":18,"2":18,"3":18,"4":18,"5":18,"6":18,"7":18,"8":18,"9":18,"10":18,"11":18,"12":18,"13":18,"14":18,"15":18,"16":18,"17":18,"18":18,"19":18,"20":18,"21":18,"22":18,"23":18,"24":18,"25":18,"26":18,"27":18,"28":18,"29":18},"f":{"0":18,"1":18,"2":18,"3":18,"4":18},"b":{"0":[18,18]}}
,"/Users/feroxes/development/projects/green-tower/src/guards/authorized.guard.ts": {"path":"/Users/feroxes/development/projects/green-tower/src/guards/authorized.guard.ts","statementMap":{"0":{"start":{"line":3,"column":0},"end":{"line":3,"column":51}},"1":{"start":{"line":9,"column":20},"end":{"line":9,"column":72}},"2":{"start":{"line":11,"column":4},"end":{"line":13,"column":5}},"3":{"start":{"line":12,"column":6},"end":{"line":12,"column":19}},"4":{"start":{"line":14,"column":4},"end":{"line":18,"column":6}},"5":{"start":{"line":7,"column":0},"end":{"line":7,"column":13}}},"fnMap":{"0":{"name":"(anonymous_0)","decl":{"start":{"line":8,"column":2},"end":{"line":8,"column":13}},"loc":{"start":{"line":8,"column":39},"end":{"line":19,"column":3}}}},"branchMap":{"0":{"loc":{"start":{"line":11,"column":4},"end":{"line":13,"column":5}},"type":"if","locations":[{"start":{"line":11,"column":4},"end":{"line":13,"column":5}}]},"1":{"loc":{"start":{"line":15,"column":6},"end":{"line":17,"column":41}},"type":"binary-expr","locations":[{"start":{"line":15,"column":6},"end":{"line":15,"column":42}},{"start":{"line":16,"column":6},"end":{"line":16,"column":42}},{"start":{"line":17,"column":6},"end":{"line":17,"column":41}}]}},"s":{"0":18,"1":18,"2":18,"3":0,"4":18,"5":18},"f":{"0":18},"b":{"0":[0],"1":[18,4,1]}}
,"/Users/feroxes/development/projects/green-tower/src/guards/jwt-auth.guard.ts": {"path":"/Users/feroxes/development/projects/green-tower/src/guards/jwt-auth.guard.ts","statementMap":{"0":{"start":{"line":1,"column":0},"end":{"line":1,"column":44}},"1":{"start":{"line":2,"column":0},"end":{"line":2,"column":45}},"2":{"start":{"line":5,"column":7},"end":{"line":5,"column":null}},"3":{"start":{"line":5,"column":13},"end":{"line":5,"column":25}},"4":{"start":{"line":5,"column":13},"end":{"line":5,"column":null}}},"fnMap":{},"branchMap":{},"s":{"0":18,"1":18,"2":18,"3":18,"4":18},"f":{},"b":{}}
,"/Users/feroxes/development/projects/green-tower/src/guards/owner-or-admin.guard.ts": {"path":"/Users/feroxes/development/projects/green-tower/src/guards/owner-or-admin.guard.ts","statementMap":{"0":{"start":{"line":3,"column":0},"end":{"line":3,"column":51}},"1":{"start":{"line":9,"column":20},"end":{"line":9,"column":72}},"2":{"start":{"line":11,"column":4},"end":{"line":13,"column":5}},"3":{"start":{"line":12,"column":6},"end":{"line":12,"column":19}},"4":{"start":{"line":14,"column":4},"end":{"line":14,"column":88}},"5":{"start":{"line":7,"column":0},"end":{"line":7,"column":13}}},"fnMap":{"0":{"name":"(anonymous_0)","decl":{"start":{"line":8,"column":2},"end":{"line":8,"column":13}},"loc":{"start":{"line":8,"column":39},"end":{"line":15,"column":3}}}},"branchMap":{"0":{"loc":{"start":{"line":11,"column":4},"end":{"line":13,"column":5}},"type":"if","locations":[{"start":{"line":11,"column":4},"end":{"line":13,"column":5}}]},"1":{"loc":{"start":{"line":14,"column":11},"end":{"line":14,"column":87}},"type":"binary-expr","locations":[{"start":{"line":14,"column":11},"end":{"line":14,"column":47}},{"start":{"line":14,"column":51},"end":{"line":14,"column":87}}]}},"s":{"0":18,"1":85,"2":85,"3":0,"4":85,"5":18},"f":{"0":85},"b":{"0":[0],"1":[85,2]}}
,"/Users/feroxes/development/projects/green-tower/src/guards/owner.guard.ts": {"path":"/Users/feroxes/development/projects/green-tower/src/guards/owner.guard.ts","statementMap":{"0":{"start":{"line":3,"column":0},"end":{"line":3,"column":51}},"1":{"start":{"line":9,"column":20},"end":{"line":9,"column":72}},"2":{"start":{"line":11,"column":4},"end":{"line":13,"column":5}},"3":{"start":{"line":12,"column":6},"end":{"line":12,"column":19}},"4":{"start":{"line":14,"column":4},"end":{"line":14,"column":48}},"5":{"start":{"line":7,"column":0},"end":{"line":7,"column":13}}},"fnMap":{"0":{"name":"(anonymous_0)","decl":{"start":{"line":8,"column":2},"end":{"line":8,"column":13}},"loc":{"start":{"line":8,"column":39},"end":{"line":15,"column":3}}}},"branchMap":{"0":{"loc":{"start":{"line":11,"column":4},"end":{"line":13,"column":5}},"type":"if","locations":[{"start":{"line":11,"column":4},"end":{"line":13,"column":5}}]}},"s":{"0":18,"1":60,"2":60,"3":0,"4":60,"5":18},"f":{"0":60},"b":{"0":[0]}}
,"/Users/feroxes/development/projects/green-tower/src/middleware/refresh-token.middleware.ts": {"path":"/Users/feroxes/development/projects/green-tower/src/middleware/refresh-token.middleware.ts","statementMap":{"0":{"start":{"line":1,"column":0},"end":{"line":1,"column":60}},"1":{"start":{"line":2,"column":0},"end":{"line":2,"column":41}},"2":{"start":{"line":3,"column":0},"end":{"line":3,"column":31}},"3":{"start":{"line":6,"column":0},"end":{"line":6,"column":63}},"4":{"start":{"line":8,"column":0},"end":{"line":8,"column":93}},"5":{"start":{"line":11,"column":7},"end":{"line":53,"column":null}},"6":{"start":{"line":13,"column":12},"end":{"line":13,"column":24}},"7":{"start":{"line":14,"column":12},"end":{"line":14,"column":26}},"8":{"start":{"line":18,"column":23},"end":{"line":18,"column":48}},"9":{"start":{"line":19,"column":4},"end":{"line":21,"column":5}},"10":{"start":{"line":20,"column":6},"end":{"line":20,"column":65}},"11":{"start":{"line":23,"column":18},"end":{"line":23,"column":42}},"12":{"start":{"line":24,"column":4},"end":{"line":26,"column":5}},"13":{"start":{"line":25,"column":6},"end":{"line":25,"column":59}},"14":{"start":{"line":27,"column":4},"end":{"line":51,"column":5}},"15":{"start":{"line":28,"column":6},"end":{"line":28,"column":50}},"16":{"start":{"line":29,"column":6},"end":{"line":29,"column":13}},"17":{"start":{"line":31,"column":6},"end":{"line":50,"column":7}},"18":{"start":{"line":32,"column":29},"end":{"line":32,"column":53}},"19":{"start":{"line":33,"column":30},"end":{"line":33,"column":75}},"20":{"start":{"line":35,"column":29},"end":{"line":35,"column":58}},"21":{"start":{"line":36,"column":8},"end":{"line":38,"column":9}},"22":{"start":{"line":37,"column":10},"end":{"line":37,"column":70}},"23":{"start":{"line":40,"column":31},"end":{"line":40,"column":87}},"24":{"start":{"line":42,"column":8},"end":{"line":42,"column":61}},"25":{"start":{"line":44,"column":8},"end":{"line":44,"column":63}},"26":{"start":{"line":45,"column":8},"end":{"line":45,"column":70}},"27":{"start":{"line":47,"column":8},"end":{"line":47,"column":15}},"28":{"start":{"line":49,"column":8},"end":{"line":49,"column":58}},"29":{"start":{"line":11,"column":13},"end":{"line":11,"column":35}},"30":{"start":{"line":11,"column":13},"end":{"line":53,"column":null}}},"fnMap":{"0":{"name":"(anonymous_2)","decl":{"start":{"line":12,"column":2},"end":{"line":12,"column":null}},"loc":{"start":{"line":14,"column":38},"end":{"line":15,"column":6}}},"1":{"name":"(anonymous_3)","decl":{"start":{"line":17,"column":2},"end":{"line":17,"column":7}},"loc":{"start":{"line":17,"column":59},"end":{"line":52,"column":3}}}},"branchMap":{"0":{"loc":{"start":{"line":19,"column":4},"end":{"line":21,"column":5}},"type":"if","locations":[{"start":{"line":19,"column":4},"end":{"line":21,"column":5}}]},"1":{"loc":{"start":{"line":24,"column":4},"end":{"line":26,"column":5}},"type":"if","locations":[{"start":{"line":24,"column":4},"end":{"line":26,"column":5}}]},"2":{"loc":{"start":{"line":31,"column":6},"end":{"line":50,"column":7}},"type":"if","locations":[{"start":{"line":31,"column":6},"end":{"line":50,"column":7}},{"start":{"line":48,"column":13},"end":{"line":50,"column":7}}]},"3":{"loc":{"start":{"line":31,"column":10},"end":{"line":31,"column":70}},"type":"binary-expr","locations":[{"start":{"line":31,"column":10},"end":{"line":31,"column":32}},{"start":{"line":31,"column":36},"end":{"line":31,"column":70}}]},"4":{"loc":{"start":{"line":32,"column":29},"end":{"line":32,"column":53}},"type":"binary-expr","locations":[{"start":{"line":32,"column":29},"end":{"line":32,"column":47}},{"start":{"line":32,"column":51},"end":{"line":32,"column":53}}]},"5":{"loc":{"start":{"line":36,"column":8},"end":{"line":38,"column":9}},"type":"if","locations":[{"start":{"line":36,"column":8},"end":{"line":38,"column":9}}]}},"s":{"0":18,"1":18,"2":18,"3":18,"4":18,"5":18,"6":18,"7":18,"8":170,"9":170,"10":1,"11":169,"12":169,"13":1,"14":168,"15":168,"16":162,"17":6,"18":5,"19":5,"20":5,"21":5,"22":1,"23":4,"24":1,"25":1,"26":1,"27":1,"28":1,"29":18,"30":18},"f":{"0":18,"1":170},"b":{"0":[1],"1":[1],"2":[5,1],"3":[6,6],"4":[5,0],"5":[1]}}
,"/Users/feroxes/development/projects/green-tower/src/services/auth/auth-confirm-email.service.ts": {"path":"/Users/feroxes/development/projects/green-tower/src/services/auth/auth-confirm-email.service.ts","statementMap":{"0":{"start":{"line":1,"column":0},"end":{"line":1,"column":44}},"1":{"start":{"line":2,"column":0},"end":{"line":2,"column":51}},"2":{"start":{"line":3,"column":0},"end":{"line":3,"column":37}},"3":{"start":{"line":5,"column":0},"end":{"line":5,"column":50}},"4":{"start":{"line":9,"column":0},"end":{"line":9,"column":65}},"5":{"start":{"line":12,"column":7},"end":{"line":43,"column":null}},"6":{"start":{"line":15,"column":12},"end":{"line":15,"column":28}},"7":{"start":{"line":19,"column":22},"end":{"line":19,"column":37}},"8":{"start":{"line":20,"column":17},"end":{"line":22,"column":6}},"9":{"start":{"line":24,"column":4},"end":{"line":26,"column":5}},"10":{"start":{"line":25,"column":6},"end":{"line":25,"column":57}},"11":{"start":{"line":28,"column":4},"end":{"line":30,"column":5}},"12":{"start":{"line":29,"column":6},"end":{"line":29,"column":57}},"13":{"start":{"line":32,"column":4},"end":{"line":32,"column":33}},"14":{"start":{"line":33,"column":4},"end":{"line":33,"column":39}},"15":{"start":{"line":34,"column":4},"end":{"line":34,"column":41}},"16":{"start":{"line":36,"column":4},"end":{"line":40,"column":5}},"17":{"start":{"line":37,"column":6},"end":{"line":37,"column":43}},"18":{"start":{"line":39,"column":6},"end":{"line":39,"column":56}},"19":{"start":{"line":41,"column":4},"end":{"line":41,"column":14}},"20":{"start":{"line":12,"column":13},"end":{"line":12,"column":36}},"21":{"start":{"line":12,"column":13},"end":{"line":43,"column":null}}},"fnMap":{"0":{"name":"(anonymous_4)","decl":{"start":{"line":13,"column":2},"end":{"line":13,"column":null}},"loc":{"start":{"line":15,"column":44},"end":{"line":16,"column":6}}},"1":{"name":"(anonymous_5)","decl":{"start":{"line":18,"column":2},"end":{"line":18,"column":7}},"loc":{"start":{"line":18,"column":53},"end":{"line":42,"column":3}}}},"branchMap":{"0":{"loc":{"start":{"line":24,"column":4},"end":{"lin
[...]
,"/Users/feroxes/development/projects/green-tower/src/services/user/user-create.service.ts": {"path":"/Users/feroxes/development/projects/green-tower/src/services/user/user-create.service.ts","statementMap":{"0":{"start":{"line":1,"column":0},"end":{"line":1,"column":44}},"1":{"start":{"line":5,"column":0},"end":{"line":5,"column":54}},"2":{"start":{"line":7,"column":0},"end":{"line":7,"column":64}},"3":{"start":{"line":8,"column":0},"end":{"line":8,"column":64}},"4":{"start":{"line":12,"column":0},"end":{"line":12,"column":63}},"5":{"start":{"line":17,"column":7},"end":{"line":40,"column":null}},"6":{"start":{"line":19,"column":12},"end":{"line":19,"column":27}},"7":{"start":{"line":20,"column":12},"end":{"line":20,"column":27}},"8":{"start":{"line":21,"column":12},"end":{"line":21,"column":26}},"9":{"start":{"line":25,"column":20},"end":{"line":25,"column":34}},"10":{"start":{"line":26,"column":4},"end":{"line":26,"column":87}},"11":{"start":{"line":28,"column":17},"end":{"line":28,"column":86}},"12":{"start":{"line":30,"column":21},"end":{"line":30,"column":82}},"13":{"start":{"line":32,"column":4},"end":{"line":36,"column":5}},"14":{"start":{"line":33,"column":6},"end":{"line":33,"column":94}},"15":{"start":{"line":35,"column":6},"end":{"line":35,"column":65}},"16":{"start":{"line":38,"column":4},"end":{"line":38,"column":16}},"17":{"start":{"line":17,"column":13},"end":{"line":17,"column":30}},"18":{"start":{"line":17,"column":13},"end":{"line":40,"column":null}}},"fnMap":{"0":{"name":"(anonymous_2)","decl":{"start":{"line":18,"column":2},"end":{"line":18,"column":null}},"loc":{"start":{"line":21,"column":38},"end":{"line":22,"column":6}}},"1":{"name":"(anonymous_3)","decl":{"start":{"line":24,"column":2},"end":{"line":24,"column":7}},"loc":{"start":{"line":24,"column":70},"end":{"line":39,"column":3}}}},"branchMap":{},"s":{"0":18,"1":18,"2":18,"3":18,"4":18,"5":18,"6":18,"7":18,"8":18,"9":36,"10":36,"11":34,"12":34,"13":31,"14":31,"15":0,"16":31,"17":18,"18":18},"f":{"0":18,"1":36},"b":{}}
,"/Users/feroxes/development/projects/green-tower/src/services/user/user-delete.service.ts": {"path":"/Users/feroxes/development/projects/green-tower/src/services/user/user-delete.service.ts","statementMap":{"0":{"start":{"line":1,"column":0},"end":{"line":1,"column":44}},"1":{"start":{"line":2,"column":0},"end":{"line":2,"column":51}},"2":{"start":{"line":3,"column":0},"end":{"line":3,"column":37}},"3":{"start":{"line":5,"column":0},"end":{"line":5,"column":50}},"4":{"start":{"line":7,"column":0},"end":{"line":7,"column":64}},"5":{"start":{"line":8,"column":0},"end":{"line":8,"column":64}},"6":{"start":{"line":12,"column":0},"end":{"line":12,"column":63}},"7":{"start":{"line":17,"column":7},"end":{"line":45,"column":null}},"8":{"start":{"line":20,"column":12},"end":{"line":20,"column":28}},"9":{"start":{"line":21,"column":12},"end":{"line":21,"column":27}},"10":{"start":{"line":22,"column":12},"end":{"line":22,"column":27}},"11":{"start":{"line":26,"column":20},"end":{"line":26,"column":34}},"12":{"start":{"line":27,"column":4},"end":{"line":27,"column":87}},"13":{"start":{"line":29,"column":4},"end":{"line":31,"column":5}},"14":{"start":{"line":30,"column":6},"end":{"line":30,"column":53}},"15":{"start":{"line":33,"column":4},"end":{"line":33,"column":74}},"16":{"start":{"line":35,"column":17},"end":{"line":35,"column":104}},"17":{"start":{"line":37,"column":4},"end":{"line":41,"column":5}},"18":{"start":{"line":38,"column":6},"end":{"line":38,"column":45}},"19":{"start":{"line":40,"column":6},"end":{"line":40,"column":54}},"20":{"start":{"line":43,"column":4},"end":{"line":43,"column":14}},"21":{"start":{"line":17,"column":13},"end":{"line":17,"column":30}},"22":{"start":{"line":17,"column":13},"end":{"line":45,"column":null}}},"fnMap":{"0":{"name":"(anonymous_4)","decl":{"start":{"line":18,"column":2},"end":{"line":18,"column":null}},"loc":{"start":{"line":22,"column":40},"end":{"line":23,"column":6}}},"1":{"name":"(anonymous_5)","decl":{"start":{"line":25,"column":2},"end":{"line":25,"column":7}},"loc":{"start":{"line":25,"column":67},"end":{"line":44,"column":3}}}},"branchMap":{"0":{"loc":{"start":{"line":29,"column":4},"end":{"line":31,"column":5}},"type":"if","locations":[{"start":{"line":29,"column":4},"end":{"line":31,"column":5}}]}},"s":{"0":18,"1":18,"2":18,"3":18,"4":18,"5":18,"6":18,"7":18,"8":18,"9":18,"10":18,"11":7,"12":7,"13":5,"14":1,"15":4,"16":4,"17":3,"18":3,"19":1,"20":2,"21":18,"22":18},"f":{"0":18,"1":7},"b":{"0":[1]}}
,"/Users/feroxes/development/projects/green-tower/src/services/user/user-get.service.ts": {"path":"/Users/feroxes/development/projects/green-tower/src/services/user/user-get.service.ts","statementMap":{"0":{"start":{"line":1,"column":0},"end":{"line":1,"column":44}},"1":{"start":{"line":4,"column":0},"end":{"line":4,"column":60}},"2":{"start":{"line":6,"column":0},"end":{"line":6,"column":64}},"3":{"start":{"line":10,"column":0},"end":{"line":10,"column":60}},"4":{"start":{"line":15,"column":7},"end":{"line":34,"column":null}},"5":{"start":{"line":16,"column":22},"end":{"line":16,"column":37}},"6":{"start":{"line":19,"column":20},"end":{"line":19,"column":31}},"7":{"start":{"line":20,"column":22},"end":{"line":20,"column":104}},"8":{"start":{"line":22,"column":4},"end":{"line":26,"column":5}},"9":{"start":{"line":23,"column":6},"end":{"line":25,"column":7}},"10":{"start":{"line":24,"column":8},"end":{"line":24,"column":46}},"11":{"start":{"line":28,"column":4},"end":{"line":30,"column":5}},"12":{"start":{"line":29,"column":6},"end":{"line":29,"column":23}},"13":{"start":{"line":32,"column":4},"end":{"line":32,"column":96}},"14":{"start":{"line":15,"column":13},"end":{"line":15,"column":27}},"15":{"start":{"line":15,"column":13},"end":{"line":34,"column":null}}},"fnMap":{"0":{"name":"(anonymous_2)","decl":{"start":{"line":16,"column":2},"end":{"line":16,"column":22}},"loc":{"start":{"line":16,"column":50},"end":{"line":16,"column":54}}},"1":{"name":"(anonymous_3)","decl":{"start":{"line":18,"column":2},"end":{"line":18,"column":7}},"loc":{"start":{"line":18,"column":58},"end":{"line":33,"column":3}}}},"branchMap":{"0":{"loc":{"start":{"line":22,"column":4},"end":{"line":26,"column":5}},"type":"if","locations":[{"start":{"line":22,"column":4},"end":{"line":26,"column":5}}]},"1":{"loc":{"start":{"line":22,"column":8},"end":{"line":22,"column":54}},"type":"binary-expr","locations":[{"start":{"line":22,"column":8},"end":{"line":22,"column":21}},{"start":{"line":22,"column":25},"end":{"line":22,"column":54}}]},"2":{"loc":{"start":{"line":23,"column":6},"end":{"line":25,"column":7}},"type":"if","locations":[{"start":{"line":23,"column":6},"end":{"line":25,"column":7}}]},"3":{"loc":{"start":{"line":28,"column":4},"end":{"line":30,"column":5}},"type":"if","locations":[{"start":{"line":28,"column":4},"end":{"line":30,"column":5}}]},"4":{"loc":{"start":{"line":28,"column":8},"end":{"line":28,"column":55}},"type":"binary-expr","locations":[{"start":{"line":28,"column":8},"end":{"line":28,"column":22}},{"start":{"line":28,"column":26},"end":{"line":28,"column":55}}]}},"s":{"0":18,"1":18,"2":18,"3":18,"4":18,"5":18,"6":6,"7":6,"8":5,"9":3,"10":1,"11":4,"12":2,"13":2,"14":18,"15":18},"f":{"0":18,"1":6},"b":{"0":[3],"1":[5,3],"2":[1],"3":[2],"4":[4,2]}}
,"/Users/feroxes/development/projects/green-tower/src/services/user/user-list.service.ts": {"path":"/Users/feroxes/development/projects/green-tower/src/services/user/user-list.service.ts","statementMap":{"0":{"start":{"line":1,"column":0},"end":{"line":1,"column":44}},"1":{"start":{"line":5,"column":0},"end":{"line":5,"column":64}},"2":{"start":{"line":12,"column":7},"end":{"line":21,"column":null}},"3":{"start":{"line":13,"column":22},"end":{"line":13,"column":37}},"4":{"start":{"line":16,"column":20},"end":{"line":16,"column":32}},"5":{"start":{"line":17,"column":4},"end":{"line":17,"column":87}},"6":{"start":{"line":19,"column":4},"end":{"line":19,"column":45}},"7":{"start":{"line":12,"column":13},"end":{"line":12,"column":28}},"8":{"start":{"line":12,"column":13},"end":{"line":21,"column":null}}},"fnMap":{"0":{"name":"(anonymous_2)","decl":{"start":{"line":13,"column":2},"end":{"line":13,"column":22}},"loc":{"start":{"line":13,"column":50},"end":{"line":13,"column":54}}},"1":{"name":"(anonymous_3)","decl":{"start":{"line":15,"column":2},"end":{"line":15,"column":7}},"loc":{"start":{"line":15,"column":35},"end":{"line":20,"column":3}}}},"branchMap":{},"s":{"0":18,"1":18,"2":18,"3":18,"4":1,"5":1,"6":1,"7":18,"8":18},"f":{"0":18,"1":1},"b":{}}
,"/Users/feroxes/development/projects/green-tower/src/services/user/user-set-role.service.ts": {"path":"/Users/feroxes/development/projects/green-tower/src/services/user/user-set-role.service.ts","statementMap":{"0":{"start":{"line":1,"column":0},"end":{"line":1,"column":44}},"1":{"start":{"line":2,"column":0},"end":{"line":2,"column":51}},"2":{"start":{"line":3,"column":0},"end":{"line":3,"column":37}},"3":{"start":{"line":5,"column":0},"end":{"line":5,"column":50}},"4":{"start":{"line":7,"column":0},"end":{"line":7,"column":64}},"5":{"start":{"line":8,"column":0},"end":{"line":8,"column":64}},"6":{"start":{"line":12,"column":0},"end":{"line":12,"column":64}},"7":{"start":{"line":17,"column":7},"end":{"line":46,"column":null}},"8":{"start":{"line":20,"column":12},"end":{"line":20,"column":28}},"9":{"start":{"line":21,"column":12},"end":{"line":21,"column":27}},"10":{"start":{"line":22,"column":12},"end":{"line":22,"column":27}},"11":{"start":{"line":26,"column":20},"end":{"line":26,"column":35}},"12":{"start":{"line":27,"column":4},"end":{"line":27,"column":87}},"13":{"start":{"line":29,"column":4},"end":{"line":31,"column":5}},"14":{"start":{"line":30,"column":6},"end":{"line":30,"column":54}},"15":{"start":{"line":33,"column":4},"end":{"line":33,"column":74}},"16":{"start":{"line":35,"column":15},"end":{"line":35,"column":103}},"17":{"start":{"line":37,"column":4},"end":{"line":37,"column":36}},"18":{"start":{"line":39,"column":4},"end":{"line":43,"column":5}},"19":{"start":{"line":40,"column":6},"end":{"line":40,"column":50}},"20":{"start":{"line":42,"column":6},"end":{"line":42,"column":56}},"21":{"start":{"line":44,"column":4},"end":{"line":44,"column":16}},"22":{"start":{"line":17,"column":13},"end":{"line":17,"column":31}},"23":{"start":{"line":17,"column":13},"end":{"line":46,"column":null}}},"fnMap":{"0":{"name":"(anonymous_4)","decl":{"start":{"line":18,"column":2},"end":{"line":18,"column":null}},"loc":{"start":{"line":22,"column":40},"end":{"line":23,"column":6}}},"1":{"name":"(anonymous_5)","decl":{"start":{"line":25,"column":2},"end":{"line":25,"column":7}},"loc":{"start":{"line":25,"column":70},"end":{"line":45,"column":3}}}},"branchMap":{"0":{"loc":{"start":{"line":29,"column":4},"end":{"line":31,"column":5}},"type":"if","locations":[{"start":{"line":29,"column":4},"end":{"line":31,"column":5}}]}},"s":{"0":18,"1":18,"2":18,"3":18,"4":18,"5":18,"6":18,"7":18,"8":18,"9":18,"10":18,"11":6,"12":6,"13":4,"14":1,"15":3,"16":3,"17":2,"18":2,"19":2,"20":1,"21":1,"22":18,"23":18},"f":{"0":18,"1":6},"b":{"0":[1]}}
,"/Users/feroxes/development/projects/green-tower/src/services/user/user-update.service.ts": {"path":"/Users/feroxes/development/projects/green-tower/src/services/user/user-update.service.ts","statementMap":{"0":{"start":{"line":1,"column":0},"end":{"line":1,"column":44}},"1":{"start":{"line":2,"column":0},"end":{"line":2,"column":51}},"2":{"start":{"line":3,"column":0},"end":{"line":3,"column":37}},"3":{"start":{"line":6,"column":0},"end":{"line":6,"column":60}},"4":{"start":{"line":8,"column":0},"end":{"line":8,"column":64}},"5":{"start":{"line":9,"column":0},"end":{"line":9,"column":64}},"6":{"start":{"line":13,"column":0},"end":{"line":13,"column":63}},"7":{"start":{"line":18,"column":7},"end":{"line":49,"column":null}},"8":{"start":{"line":21,"column":12},"end":{"line":21,"column":28}},"9":{"start":{"line":22,"column":12},"end":{"line":22,"column":27}},"10":{"start":{"line":23,"column":12},"end":{"line":23,"column":27}},"11":{"start":{"line":27,"column":20},"end":{"line":27,"column":34}},"12":{"start":{"line":28,"column":4},"end":{"line":28,"column":87}},"13":{"start":{"line":30,"column":15},"end":{"line":30,"column":102}},"14":{"start":{"line":32,"column":4},"end":{"line":36,"column":5}},"15":{"start":{"line":33,"column":6},"end":{"line":35,"column":7}},"16":{"start":{"line":34,"column":8},"end":{"line":34,"column":52}},"17":{"start":{"line":38,"column":4},"end":{"line":38,"column":74}},"18":{"start":{"line":40,"column":4},"end":{"line":47,"column":5}},"19":{"start":{"line":41,"column":6},"end":{"line":43,"column":8}},"20":{"start":{"line":44,"column":6},"end":{"line":44,"column":18}},"21":{"start":{"line":46,"column":6},"end":{"line":46,"column":54}},"22":{"start":{"line":18,"column":13},"end":{"line":18,"column":30}},"23":{"start":{"line":18,"column":13},"end":{"line":49,"column":null}}},"fnMap":{"0":{"name":"(anonymous_4)","decl":{"start":{"line":19,"column":2},"end":{"line":19,"column":null}},"loc":{"start":{"line":23,"column":40},"end":{"line":24,"column":6}}},"1":{"name":"(anonymous_5)","decl":{"start":{"line":26,"column":2},"end":{"line":26,"column":7}},"loc":{"start":{"line":26,"column":67},"end":{"line":48,"column":3}}}},"branchMap":{"0":{"loc":{"start":{"line":32,"column":4},"end":{"line":36,"column":5}},"type":"if","locations":[{"start":{"line":32,"column":4},"end":{"line":36,"column":5}}]},"1":{"loc":{"start":{"line":33,"column":6},"end":{"line":35,"column":7}},"type":"if","locations":[{"start":{"line":33,"column":6},"end":{"line":35,"column":7}}]},"2":{"loc":{"start":{"line":33,"column":10},"end":{"line":33,"column":78}},"type":"binary-expr","locations":[{"start":{"line":33,"column":10},"end":{"line":33,"column":42}},{"start":{"line":33,"column":46},"end":{"line":33,"column":78}}]}},"s":{"0":18,"1":18,"2":18,"3":18,"4":18,"5":18,"6":18,"7":18,"8":18,"9":18,"10":18,"11":6,"12":6,"13":4,"14":4,"15":3,"16":1,"17":3,"18":3,"19":3,"20":2,"21":1,"22":18,"23":18},"f":{"0":18,"1":6},"b":{"0":[3],"1":[1],"2":[3,1]}}
,"/Users/feroxes/development/projects/green-tower/src/services/user/user.service.ts": {"path":"/Users/feroxes/development/projects/green-tower/src/services/user/user.service.ts","statementMap":{"0":{"start":{"line":1,"column":0},"end":{"line":1,"column":44}},"1":{"start":{"line":3,"column":0},"end":{"line":3,"column":58}},"2":{"start":{"line":4,"column":0},"end":{"line":4,"column":58}},"3":{"start":{"line":5,"column":0},"end":{"line":5,"column":52}},"4":{"start":{"line":6,"column":0},"end":{"line":6,"column":54}},"5":{"start":{"line":7,"column":0},"end":{"line":7,"column":61}},"6":{"start":{"line":8,"column":0},"end":{"line":8,"column":58}},"7":{"start":{"line":15,"column":7},"end":{"line":48,"column":null}},"8":{"start":{"line":17,"column":12},"end":{"line":17,"column":31}},"9":{"start":{"line":18,"column":12},"end":{"line":18,"column":31}},"10":{"start":{"line":19,"column":12},"end":{"line":19,"column":31}},"11":{"start":{"line":20,"column":12},"end":{"line":20,"column":32}},"12":{"start":{"line":21,"column":12},"end":{"line":21,"column":28}},"13":{"start":{"line":22,"column":12},"end":{"line":22,"column":29}},"14":{"start":{"line":26,"column":4},"end":{"line":26,"column":66}},"15":{"start":{"line":30,"column":4},"end":{"line":30,"column":66}},"16":{"start":{"line":34,"column":4},"end":{"line":34,"column":66}},"17":{"start":{"line":38,"column":4},"end":{"line":38,"column":69}},"18":{"start":{"line":42,"column":4},"end":{"line":42,"column":57}},"19":{"start":{"line":46,"column":4},"end":{"line":46,"column":47}},"20":{"start":{"line":15,"column":13},"end":{"line":15,"column":24}},"21":{"start":{"line":15,"column":13},"end":{"line":48,"column":null}}},"fnMap":{"0":{"name":"(anonymous_2)","decl":{"start":{"line":16,"column":2},"end":{"line":16,"column":null}},"loc":{"start":{"line":22,"column":44},"end":{"line":23,"column":6}}},"1":{"name":"(anonymous_3)","decl":{"start":{"line":25,"column":2},"end":{"line":25,"column":7}},"loc":{"start":{"line":25,"column":70},"end":{"line":27,"column":3}}},"2":{"name":"(anonymous_4)","decl":{"start":{"line":29,"column":2},"end":{"line":29,"column":7}},"loc":{"start":{"line":29,"column":67},"end":{"line":31,"column":3}}},"3":{"name":"(anonymous_5)","decl":{"start":{"line":33,"column":2},"end":{"line":33,"column":7}},"loc":{"start":{"line":33,"column":67},"end":{"line":35,"column":3}}},"4":{"name":"(anonymous_6)","decl":{"start":{"line":37,"column":2},"end":{"line":37,"column":7}},"loc":{"start":{"line":37,"column":70},"end":{"line":39,"column":3}}},"5":{"name":"(anonymous_7)","decl":{"start":{"line":41,"column":2},"end":{"line":41,"column":7}},"loc":{"start":{"line":41,"column":58},"end":{"line":43,"column":3}}},"6":{"name":"(anonymous_8)","decl":{"start":{"line":45,"column":2},"end":{"line":45,"column":7}},"loc":{"start":{"line":45,"column":35},"end":{"line":47,"column":3}}}},"branchMap":{},"s":{"0":18,"1":18,"2":18,"3":18,"4":18,"5":18,"6":18,"7":18,"8":18,"9":18,"10":18,"11":18,"12":18,"13":18,"14":36,"15":6,"16":7,"17":6,"18":6,"19":1,"20":18,"21":18},"f":{"0":18,"1":36,"2":6,"3":7,"4":6,"5":6,"6":1},"b":{}}
,"/Users/feroxes/development/projects/green-tower/src/strategies/jwt.strategy.ts": {"path":"/Users/feroxes/development/projects/green-tower/src/strategies/jwt.strategy.ts","statementMap":{"0":{"start":{"line":1,"column":0},"end":{"line":1,"column":44}},"1":{"start":{"line":2,"column":0},"end":{"line":2,"column":47}},"2":{"start":{"line":3,"column":0},"end":{"line":3,"column":52}},"3":{"start":{"line":4,"column":0},"end":{"line":4,"column":52}},"4":{"start":{"line":9,"column":7},"end":{"line":31,"column":null}},"5":{"start":{"line":11,"column":22},"end":{"line":11,"column":61}},"6":{"start":{"line":12,"column":4},"end":{"line":14,"column":5}},"7":{"start":{"line":13,"column":6},"end":{"line":13,"column":51}},"8":{"start":{"line":16,"column":4},"end":{"line":20,"column":7}},"9":{"start":{"line":10,"column":22},"end":{"line":10,"column":37}},"10":{"start":{"line":24,"column":4},"end":{"line":29,"column":6}},"11":{"start":{"line":9,"column":13},"end":{"line":9,"column":24}},"12":{"start":{"line":9,"column":13},"end":{"line":31,"column":null}}},"fnMap":{"0":{"name":"(anonymous_2)","decl":{"start":{"line":10,"column":2},"end":{"line":10,"column":22}},"loc":{"start":{"line":10,"column":50},"end":{"line":21,"column":3}}},"1":{"name":"(anonymous_3)","decl":{"start":{"line":23,"column":2},"end":{"line":23,"column":10}},"loc":{"start":{"line":23,"column":34},"end":{"line":30,"column":3}}}},"branchMap":{"0":{"loc":{"start":{"line":12,"column":4},"end":{"line":14,"column":5}},"type":"if","locations":[{"start":{"line":12,"column":4},"end":{"line":14,"column":5}}]}},"s":{"0":18,"1":18,"2":18,"3":18,"4":18,"5":72,"6":72,"7":0,"8":72,"9":72,"10":163,"11":18,"12":18},"f":{"0":72,"1":163},"b":{"0":[0]}}
,"/Users/feroxes/development/projects/green-tower/src/utils/constants.ts": {"path":"/Users/feroxes/development/projects/green-tower/src/utils/constants.ts","statementMap":{"0":{"start":{"line":1,"column":13},"end":{"line":3,"column":2}},"1":{"start":{"line":5,"column":13},"end":{"line":9,"column":2}}},"fnMap":{},"branchMap":{},"s":{"0":18,"1":18},"f":{},"b":{}}
}
