TN:
SF:src/api/controllers/auth.controller.ts
FN:10,(anonymous_4)
FN:13,(anonymous_5)
FN:19,(anonymous_6)
FN:36,(anonymous_7)
FN:42,(anonymous_8)
FNF:5
FNH:5
FNDA:18,(anonymous_4)
FNDA:86,(anonymous_5)
FNDA:105,(anonymous_6)
FNDA:108,(anonymous_7)
FNDA:4,(anonymous_8)
DA:1,18
DA:4,18
DA:6,18
DA:9,18
DA:10,18
DA:13,18
DA:14,86
DA:19,18
DA:20,105
DA:22,101
DA:28,101
DA:30,101
DA:36,18
DA:37,108
DA:38,108
DA:42,18
DA:43,4
LF:17
LH:17
BRF:0
BRH:0
end_of_record
TN:
SF:src/api/controllers/farm.controller.ts
FN:17,(anonymous_4)
FN:21,(anonymous_5)
FNF:2
FNH:2
FNDA:18,(anonymous_4)
FNDA:5,(anonymous_5)
DA:1,18
DA:3,18
DA:4,18
DA:6,18
DA:8,18
DA:12,18
DA:16,18
DA:17,18
DA:21,18
DA:22,5
LF:10
LH:10
BRF:0
BRH:0
end_of_record
TN:
SF:src/api/controllers/plant.controller.ts
FN:18,(anonymous_4)
FN:22,(anonymous_5)
FN:28,(anonymous_6)
FN:34,(anonymous_7)
FN:40,(anonymous_8)
FN:46,(anonymous_9)
FNF:6
FNH:6
FNDA:18,(anonymous_4)
FNDA:75,(anonymous_5)
FNDA:4,(anonymous_6)
FNDA:3,(anonymous_7)
FNDA:4,(anonymous_8)
FNDA:3,(anonymous_9)
DA:1,18
DA:3,18
DA:4,18
DA:5,18
DA:7,18
DA:9,18
DA:13,18
DA:17,18
DA:18,18
DA:22,18
DA:23,75
DA:28,18
DA:29,4
DA:34,18
DA:35,3
DA:40,18
DA:41,4
DA:46,18
DA:47,3
LF:19
LH:19
BRF:0
BRH:0
end_of_record
TN:
SF:src/api/controllers/user.controller.ts
FN:18,(anonymous_4)
FN:22,(anonymous_5)
FN:28,(anonymous_6)
FN:34,(anonymous_7)
FN:40,(anonymous_8)
FN:46,(anonymous_9)
FN:52,(anonymous_10)
FNF:7
FNH:7
FNDA:18,(anonymous_4)
FNDA:36,(anonymous_5)
FNDA:6,(anonymous_6)
FNDA:7,(anonymous_7)
FNDA:6,(anonymous_8)
FNDA:6,(anonymous_9)
FNDA:1,(anonymous_10)
DA:1,18
DA:3,18
DA:4,18
DA:5,18
DA:7,18
DA:9,18
DA:13,18
DA:17,18
DA:18,18
DA:22,18
DA:23,36
DA:28,18
DA:29,6
DA:34,18
DA:35,7
DA:40,18
DA:41,6
DA:46,18
DA:47,6
DA:52,18
DA:53,1
LF:21
LH:21
BRF:0
BRH:0
end_of_record
TN:
SF:src/api/dtos/auth.dto.ts
FNF:0
FNH:0
DA:1,18
DA:3,18
DA:8,18
DA:14,18
DA:19,18
DA:25,18
DA:31,18
DA:34,18
DA:38,18
DA:44,18
DA:47,18
DA:50,18
DA:60,18
DA:65,18
DA:68,18
LF:15
LH:15
BRF:0
BRH:0
end_of_record
TN:
SF:src/api/dtos/farm.dto.ts
FNF:0
FNH:0
DA:1,18
DA:3,18
DA:6,18
LF:3
LH:3
BRF:0
BRH:0
end_of_record
TN:
SF:src/api/dtos/plant.dto.ts
FN:156,(anonymous_2)
FN:161,(anonymous_3)
FN:166,(anonymous_4)
FNF:3
FNH:0
FNDA:0,(anonymous_2)
FNDA:0,(anonymous_3)
FNDA:0,(anonymous_4)
DA:1,18
DA:2,18
DA:17,18
DA:19,18
DA:21,18
DA:23,18
DA:28,18
DA:33,18
DA:38,18
DA:43,18
DA:47,18
DA:51,18
DA:55,18
DA:59,18
DA:62,18
DA:66,18
DA:70,18
DA:72,18
DA:75,18
DA:80,18
DA:85,18
DA:90,18
DA:95,18
DA:99,18
DA:103,18
DA:107,18
DA:111,18
DA:114,18
DA:118,18
DA:122,18
DA:125,18
DA:128,18
DA:131,18
DA:134,18
DA:137,18
DA:140,18
DA:144,18
DA:147,18
DA:150,18
DA:153,18
DA:156,0
DA:157,18
DA:161,0
DA:162,18
DA:166,0
DA:167,18
LF:46
LH:43
BRF:0
BRH:0
end_of_record
TN:
SF:src/api/dtos/user.dto.ts
FNF:0
FNH:0
DA:1,18
DA:3,18
DA:5,18
DA:10,18
DA:16,18
DA:21,18
DA:27,18
DA:30,18
DA:33,18
DA:38,18
DA:44,18
DA:49,18
DA:55,18
DA:58,18
DA:61,18
DA:64,18
DA:69,18
DA:74,18
DA:77,18
DA:80,18
DA:83,18
DA:86,18
DA:89,18
DA:92,18
DA:95,18
DA:98,18
LF:26
LH:26
BRF:0
BRH:0
end_of_record
TN:
SF:src/api/errors/auth.errors.ts
FN:6,(anonymous_0)
FN:30,(anonymous_1)
FN:44,(anonymous_2)
FN:68,(anonymous_3)
FNF:4
FNH:4
FNDA:18,(anonymous_0)
FNDA:18,(anonymous_1)
FNDA:18,(anonymous_2)
FNDA:18,(anonymous_3)
DA:1,18
DA:3,18
DA:5,18
DA:7,18
DA:10,18
DA:16,18
DA:22,18
DA:31,18
DA:34,18
DA:36,18
DA:43,18
DA:45,18
DA:48,18
DA:54,18
DA:60,18
DA:67,18
DA:69,18
DA:72,18
DA:73,18
DA:78,18
DA:85,18
DA:86,18
DA:87,18
DA:88,18
LF:24
LH:24
BRF:0
BRH:0
end_of_record
TN:
SF:src/api/errors/base.error.ts
FN:10,(anonymous_0)
FN:12,(anonymous_1)
FN:17,(anonymous_2)
FNF:3
FNH:3
FNDA:741,(anonymous_0)
FNDA:1152,(anonymous_1)
FNDA:109,(anonymous_2)
DA:9,18
DA:10,741
DA:17,1152
DA:18,109
LF:4
LH:4
BRDA:17,0,0,79
BRF:1
BRH:1
end_of_record
TN:
SF:src/api/errors/farm-component.errors.ts
FN:6,(anonymous_0)
FNF:1
FNH:1
FNDA:132,(anonymous_0)
DA:1,18
DA:3,18
DA:5,18
DA:7,132
DA:10,132
LF:5
LH:5
BRF:0
BRH:0
end_of_record
TN:
SF:src/api/errors/farm.errors.ts
FN:6,(anonymous_0)
FNF:1
FNH:1
FNDA:18,(anonymous_0)
DA:1,18
DA:3,18
DA:5,18
DA:7,18
DA:9,18
DA:10,18
DA:17,18
LF:7
LH:7
BRF:0
BRH:0
end_of_record
TN:
SF:src/api/errors/plant-component.errors.ts
FN:6,(anonymous_0)
FNF:1
FNH:1
FNDA:11,(anonymous_0)
DA:1,18
DA:3,18
DA:5,18
DA:7,11
DA:10,11
LF:5
LH:5
BRF:0
BRH:0
end_of_record
TN:
SF:src/api/errors/plant.errors.ts
FN:6,(anonymous_0)
FN:17,(anonymous_1)
FN:28,(anonymous_2)
FNF:3
FNH:3
FNDA:18,(anonymous_0)
FNDA:18,(anonymous_1)
FNDA:18,(anonymous_2)
DA:1,18
DA:3,18
DA:7,18
DA:9,18
DA:18,18
DA:20,18
DA:29,18
DA:31,18
DA:38,18
DA:39,18
DA:40,18
LF:11
LH:11
BRF:0
BRH:0
end_of_record
TN:
SF:src/api/errors/refresh-token-middleware.errors.ts
FN:6,(anonymous_0)
FNF:1
FNH:1
FNDA:18,(anonymous_0)
DA:1,18
DA:3,18
DA:5,18
DA:7,18
DA:10,18
DA:16,18
DA:18,18
DA:24,18
DA:27,18
LF:9
LH:9
BRF:0
BRH:0
end_of_record
TN:
SF:src/api/errors/token-service.errors.ts
FN:6,(anonymous_0)
FN:18,(anonymous_1)
FNF:2
FNH:2
FNDA:18,(anonymous_0)
FNDA:18,(anonymous_1)
DA:1,18
DA:3,18
DA:5,18
DA:7,18
DA:10,18
DA:17,18
DA:19,18
DA:22,18
DA:28,18
DA:30,18
DA:37,18
DA:38,18
LF:12
LH:12
BRF:0
BRH:0
end_of_record
TN:
SF:src/api/errors/user-component.errors.ts
FN:6,(anonymous_0)
FN:24,(anonymous_1)
FNF:2
FNH:2
FNDA:123,(anonymous_0)
FNDA:187,(anonymous_1)
DA:1,18
DA:3,18
DA:5,18
DA:7,123
DA:10,123
DA:16,123
DA:23,18
DA:25,187
DA:28,187
LF:9
LH:9
BRF:0
BRH:0
end_of_record
TN:
SF:src/api/errors/user.errors.ts
FN:6,(anonymous_0)
FN:18,(anonymous_1)
FN:31,(anonymous_2)
FN:38,(anonymous_3)
FN:54,(anonymous_4)
FNF:5
FNH:5
FNDA:18,(anonymous_0)
FNDA:18,(anonymous_1)
FNDA:18,(anonymous_2)
FNDA:18,(anonymous_3)
FNDA:18,(anonymous_4)
DA:1,18
DA:3,18
DA:7,18
DA:10,18
DA:19,18
DA:21,18
DA:23,18
DA:32,18
DA:34,18
DA:39,18
DA:41,18
DA:46,18
DA:55,18
DA:57,18
DA:62,18
DA:69,18
DA:70,18
DA:71,18
DA:72,18
DA:73,18
LF:20
LH:20
BRF:0
BRH:0
end_of_record
TN:
SF:src/api/modules/app.module.ts
FN:55,(anonymous_1)
FN:30,(anonymous_2)
FNF:2
FNH:2
FNDA:18,(anonymous_1)
FNDA:18,(anonymous_2)
DA:1,18
DA:2,18
DA:3,18
DA:4,18
DA:6,18
DA:7,18
DA:8,18
DA:10,18
DA:11,18
DA:12,18
DA:13,18
DA:14,18
DA:16,18
DA:17,18
DA:19,18
DA:31,18
DA:54,18
DA:56,18
LF:18
LH:18
BRF:0
BRH:0
end_of_record
TN:
SF:src/api/modules/auth.module.ts
FNF:0
FNH:0
DA:1,18
DA:2,18
DA:4,18
DA:6,18
DA:7,18
DA:9,18
DA:11,18
DA:12,18
DA:13,18
DA:14,18
DA:15,18
DA:16,18
DA:17,18
DA:19,18
DA:20,18
DA:39,18
LF:16
LH:16
BRF:0
BRH:0
end_of_record
TN:
SF:src/api/modules/farm.module.ts
FNF:0
FNH:0
DA:1,18
DA:2,18
DA:4,18
DA:6,18
DA:7,18
DA:8,18
DA:10,18
DA:12,18
DA:13,18
DA:14,18
DA:16,18
DA:17,18
DA:25,18
LF:13
LH:13
BRF:0
BRH:0
end_of_record
TN:
SF:src/api/modules/jwt.module.ts
FN:10,(anonymous_1)
FNF:1
FNH:1
FNDA:18,(anonymous_1)
DA:1,18
DA:2,18
DA:3,18
DA:10,18
DA:19,18
LF:5
LH:5
BRF:0
BRH:0
end_of_record
TN:
SF:src/api/modules/plant.module.ts
FNF:0
FNH:0
DA:1,18
DA:2,18
DA:4,18
DA:6,18
DA:7,18
DA:8,18
DA:10,18
DA:12,18
DA:13,18
DA:14,18
DA:15,18
DA:16,18
DA:17,18
DA:18,18
DA:20,18
DA:21,18
DA:22,18
DA:42,18
LF:18
LH:18
BRF:0
BRH:0
end_of_record
TN:
SF:src/api/modules/user.module.ts
FNF:0
FNH:0
DA:1,18
DA:2,18
DA:4,18
DA:6,18
DA:7,18
DA:9,18
DA:11,18
DA:12,18
DA:13,18
DA:14,18
DA:15,18
DA:16,18
DA:17,18
DA:18,18
DA:19,18
DA:21,18
DA:22,18
DA:43,18
LF:18
LH:18
BRF:0
BRH:0
end_of_record
TN:
SF:src/api/types/common.types.ts
FN:1,(anonymous_0)
FNF:1
FNH:1
FNDA:18,(anonymous_0)
DA:1,18
DA:2,18
DA:3,18
LF:3
LH:3
BRDA:1,0,0,18
BRDA:1,0,1,18
BRF:2
BRH:2
end_of_record
TN:
SF:src/api/types/dto-types.ts
FNF:0
FNH:0
DA:1,18
DA:3,18
DA:6,18
DA:10,18
DA:19,18
LF:5
LH:5
BRF:0
BRH:0
end_of_record
TN:
SF:src/components/farm.component.ts
FN:11,(anonymous_4)
FN:16,(anonymous_5)
FNF:2
FNH:2
FNDA:72,(anonymous_4)
FNDA:132,(anonymous_5)
DA:1,18
DA:2,18
DA:3,18
DA:5,18
DA:7,18
DA:10,18
DA:13,72
DA:17,132
DA:18,132
DA:20,132
DA:21,1
DA:23,131
LF:12
LH:12
BRDA:18,0,0,132
BRDA:18,0,1,4
BRDA:20,1,0,1
BRF:3
BRH:3
end_of_record
TN:
SF:src/components/plant.component.ts
FN:19,(anonymous_4)
FN:24,(anonymous_5)
FN:47,(anonymous_6)
FNF:3
FNH:2
FNDA:18,(anonymous_4)
FNDA:8,(anonymous_5)
FNDA:0,(anonymous_6)
DA:1,18
DA:2,18
DA:3,18
DA:5,18
DA:7,18
DA:9,18
DA:12,18
DA:14,18
DA:15,18
DA:18,18
DA:21,18
DA:29,8
DA:30,8
DA:36,8
DA:37,3
DA:39,5
DA:47,18
DA:53,0
LF:18
LH:17
BRDA:33,0,0,8
BRDA:33,0,1,0
BRDA:36,1,0,3
BRF:3
BRH:2
end_of_record
TN:
SF:src/components/user.component.ts
FN:26,(anonymous_4)
FN:32,(anonymous_5)
FN:75,(anonymous_6)
FN:79,(anonymous_7)
FNF:4
FNH:3
FNDA:72,(anonymous_4)
FNDA:120,(anonymous_5)
FNDA:0,(anonymous_6)
FNDA:169,(anonymous_7)
DA:1,18
DA:2,18
DA:3,18
DA:4,18
DA:8,18
DA:10,18
DA:15,18
DA:18,18
DA:20,18
DA:21,18
DA:22,18
DA:25,18
DA:28,72
DA:29,72
DA:33,120
DA:34,120
DA:38,120
DA:39,2
DA:42,118
DA:44,118
DA:49,118
DA:50,118
DA:52,118
DA:53,118
DA:57,118
DA:58,118
DA:59,118
DA:61,118
DA:62,118
DA:64,2
DA:67,116
DA:75,18
DA:76,0
DA:80,169
DA:81,169
DA:83,169
DA:84,18
DA:86,151
LF:38
LH:37
BRDA:38,0,0,2
BRDA:83,1,0,18
BRF:2
BRH:2
end_of_record
TN:
SF:src/decorators/executor.decorator.ts
FN:5,(anonymous_0)
FNF:1
FNH:1
FNDA:156,(anonymous_0)
DA:1,18
DA:5,18
DA:6,156
DA:7,156
LF:4
LH:4
BRF:0
BRH:0
end_of_record
TN:
SF:src/decorators/list.decorator.ts
FN:15,createListMetaDto
FN:22,List
FN:23,(anonymous_2)
FN:24,(anonymous_3)
FN:44,(anonymous_4)
FN:52,(anonymous_5)
FN:67,(anonymous_6)
FNF:7
FNH:7
FNDA:3,createListMetaDto
FNDA:36,List
FNDA:36,(anonymous_2)
FNDA:3,(anonymous_3)
FNDA:1,(anonymous_4)
FNDA:1,(anonymous_5)
FNDA:6,(anonymous_6)
DA:7,18
DA:16,3
DA:17,3
DA:18,3
DA:19,3
DA:22,18
DA:23,36
DA:24,36
DA:31,3
DA:33,3
DA:34,3
DA:35,3
DA:38,3
DA:39,3
DA:41,3
DA:43,3
DA:44,1
DA:45,1
DA:46,1
DA:51,3
DA:52,1
DA:53,1
DA:54,1
DA:57,2
DA:58,2
DA:61,3
DA:63,3
DA:64,3
DA:66,3
DA:67,3
DA:68,6
DA:72,3
DA:74,3
DA:83,36
LF:34
LH:34
BRDA:15,0,0,1
BRDA:17,1,0,3
BRDA:17,1,1,1
BRDA:18,2,0,3
BRDA:18,2,1,1
BRDA:33,3,0,3
BRDA:43,4,0,1
BRDA:45,5,0,1
BRDA:51,6,0,1
BRDA:51,6,1,2
BRDA:53,7,0,1
BRDA:57,8,0,2
BRDA:66,9,0,3
BRF:13
BRH:13
end_of_record
TN:
SF:src/entities/farm.entity.ts
FN:26,(anonymous_2)
FN:30,(anonymous_3)
FN:30,(anonymous_4)
FN:33,(anonymous_5)
FN:33,(anonymous_6)
FNF:5
FNH:5
FNDA:18,(anonymous_2)
FNDA:18,(anonymous_3)
FNDA:18,(anonymous_4)
FNDA:18,(anonymous_5)
FNDA:18,(anonymous_6)
DA:1,18
DA:13,18
DA:14,18
DA:16,18
DA:19,18
DA:21,18
DA:24,18
DA:26,18
DA:28,18
DA:30,18
DA:31,18
DA:33,18
DA:34,18
DA:37,18
DA:40,18
DA:43,18
LF:16
LH:16
BRF:0
BRH:0
end_of_record
TN:
SF:src/entities/plant.entity.ts
FN:16,(anonymous_2)
FN:64,(anonymous_3)
FN:64,(anonymous_4)
FN:68,(anonymous_5)
FN:68,(anonymous_6)
FNF:5
FNH:5
FNDA:18,(anonymous_2)
FNDA:18,(anonymous_3)
FNDA:18,(anonymous_4)
FNDA:18,(anonymous_5)
FNDA:18,(anonymous_6)
DA:1,18
DA:13,18
DA:14,18
DA:16,18
DA:17,18
DA:18,18
DA:23,18
DA:25,18
DA:28,18
DA:31,18
DA:34,18
DA:37,18
DA:44,18
DA:47,18
DA:50,18
DA:53,18
DA:56,18
DA:59,18
DA:62,18
DA:64,18
DA:66,18
DA:68,18
DA:70,18
DA:73,18
DA:76,18
DA:79,18
LF:26
LH:26
BRDA:16,0,0,18
BRDA:16,0,1,18
BRF:2
BRH:2
end_of_record
TN:
SF:src/entities/user.entity.ts
FN:17,(anonymous_2)
FN:64,(anonymous_3)
FN:64,(anonymous_4)
FN:68,(anonymous_5)
FN:68,(anonymous_6)
FNF:5
FNH:5
FNDA:18,(anonymous_2)
FNDA:18,(anonymous_3)
FNDA:18,(anonymous_4)
FNDA:18,(anonymous_5)
FNDA:18,(anonymous_6)
DA:1,18
DA:2,18
DA:14,18
DA:15,18
DA:17,18
DA:18,18
DA:19,18
DA:20,18
DA:24,18
DA:26,18
DA:29,18
DA:32,18
DA:35,18
DA:39,18
DA:46,18
DA:50,18
DA:54,18
DA:58,18
DA:62,18
DA:64,18
DA:66,18
DA:68,18
DA:69,18
DA:72,18
DA:75,18
DA:78,18
LF:26
LH:26
BRDA:17,0,0,18
BRDA:17,0,1,18
BRF:2
BRH:2
end_of_record
TN:
SF:src/guards/authorized.guard.ts
FN:8,(anonymous_0)
FNF:1
FNH:1
FNDA:18,(anonymous_0)
DA:3,18
DA:7,18
DA:9,18
DA:11,18
DA:12,0
DA:14,18
LF:6
LH:5
BRDA:11,0,0,0
BRDA:15,1,0,18
BRDA:15,1,1,4
BRDA:15,1,2,1
BRF:4
BRH:3
end_of_record
TN:
SF:src/guards/jwt-auth.guard.ts
FNF:0
FNH:0
DA:1,18
DA:2,18
DA:5,18
LF:3
LH:3
BRF:0
BRH:0
end_of_record
TN:
SF:src/guards/owner-or-admin.guard.ts
FN:8,(anonymous_0)
FNF:1
FNH:1
FNDA:85,(anonymous_0)
DA:3,18
DA:7,18
DA:9,85
DA:11,85
DA:12,0
DA:14,85
LF:6
LH:5
BRDA:11,0,0,0
BRDA:14,1,0,85
BRDA:14,1,1,2
BRF:3
BRH:2
end_of_record
TN:
SF:src/guards/owner.guard.ts
FN:8,(anonymous_0)
FNF:1
FNH:1
FNDA:60,(anonymous_0)
DA:3,18
DA:7,18
DA:9,60
DA:11,60
DA:12,0
DA:14,60
LF:6
LH:5
BRDA:11,0,0,0
BRF:1
BRH:0
end_of_record
TN:
SF:src/middleware/refresh-token.middleware.ts
FN:12,(anonymous_2)
FN:17,(anonymous_3)
FNF:2
FNH:2
FNDA:18,(anonymous_2)
FNDA:170,(anonymous_3)
DA:1,18
DA:2,18
DA:3,18
DA:6,18
DA:8,18
DA:11,18
DA:13,18
DA:14,18
DA:18,170
DA:19,170
DA:20,1
DA:23,169
DA:24,169
DA:25,1
DA:27,168
DA:28,168
DA:29,162
DA:31,6
DA:32,5
DA:33,5
DA:35,5
DA:36,5
DA:37,1
DA:40,4
DA:42,1
DA:44,1
DA:45,1
DA:47,1
DA:49,1
LF:29
LH:29
BRDA:19,0,0,1
BRDA:24,1,0,1
BRDA:31,2,0,5
BRDA:31,2,1,1
BRDA:31,3,0,6
BRDA:31,3,1,6
BRDA:32,4,0,5
BRDA:32,4,1,0
BRDA:36,5,0,1
BRF:9
BRH:8
end_of_record
TN:
SF:src/services/auth/auth-confirm-email.service.ts
FN:13,(anonymous_4)
FN:18,(anonymous_5)
FNF:2
FNH:2
FNDA:18,(anonymous_4)
FNDA:108,(anonymous_5)
DA:1,18
DA:2,18
DA:3,18
DA:5,18
DA:9,18
DA:12,18
DA:15,18
DA:19,108
DA:20,108
DA:24,108
DA:25,2
DA:28,106
DA:29,1
DA:32,105
DA:33,105
DA:34,105
DA:36,105
DA:37,105
DA:39,1
DA:41,104
LF:20
LH:20
BRDA:24,0,0,2
BRDA:28,1,0,1
BRDA:28,2,0,106
BRDA:28,2,1,106
BRF:4
BRH:4
end_of_record
TN:
SF:src/services/auth/auth-login.service.ts
FN:16,(anonymous_4)
FN:22,(anonymous_5)
FNF:2
FNH:2
FNDA:18,(anonymous_4)
FNDA:105,(anonymous_5)
DA:1,18
DA:2,18
DA:3,18
DA:4,18
DA:6,18
DA:8,18
DA:12,18
DA:15,18
DA:18,18
DA:19,18
DA:23,105
DA:28,105
DA:29,2
DA:32,103
DA:33,1
DA:36,102
DA:38,102
DA:39,1
DA:42,101
DA:44,101
LF:20
LH:20
BRDA:28,0,0,2
BRDA:32,1,0,1
BRDA:38,2,0,1
BRF:3
BRH:3
end_of_record
TN:
SF:src/services/auth/auth-resend-confirmation-email.service.ts
FN:18,(anonymous_4)
FN:25,(anonymous_5)
FNF:2
FNH:2
FNDA:18,(anonymous_4)
FNDA:4,(anonymous_5)
DA:1,18
DA:2,18
DA:3,18
DA:5,18
DA:7,18
DA:8,18
DA:12,18
DA:14,18
DA:17,18
DA:20,18
DA:21,18
DA:22,18
DA:26,4
DA:27,4
DA:31,4
DA:32,1
DA:35,3
DA:36,1
DA:39,2
DA:41,2
DA:42,2
DA:46,2
DA:47,2
DA:49,2
DA:50,2
DA:52,1
DA:55,1
DA:56,1
DA:58,0
DA:61,1
LF:30
LH:29
BRDA:31,0,0,1
BRDA:35,1,0,1
BRF:2
BRH:2
end_of_record
TN:
SF:src/services/auth/auth-signup.service.ts
FN:18,(anonymous_4)
FN:27,(anonymous_5)
FNF:2
FNH:2
FNDA:18,(anonymous_4)
FNDA:86,(anonymous_5)
DA:1,18
DA:2,18
DA:3,18
DA:5,18
DA:6,18
DA:8,18
DA:10,18
DA:14,18
DA:17,18
DA:20,18
DA:22,18
DA:23,18
DA:24,18
DA:28,86
DA:31,86
DA:33,86
DA:34,86
DA:36,85
DA:38,85
DA:39,85
DA:41,1
DA:42,1
DA:45,84
DA:46,84
DA:48,0
DA:49,0
DA:50,0
DA:53,84
DA:54,84
DA:56,0
DA:59,84
LF:31
LH:27
BRF:0
BRH:0
end_of_record
TN:
SF:src/services/auth/auth.service.ts
FN:18,(anonymous_2)
FN:25,(anonymous_3)
FN:29,(anonymous_4)
FN:33,(anonymous_5)
FN:37,(anonymous_6)
FNF:5
FNH:5
FNDA:18,(anonymous_2)
FNDA:86,(anonymous_3)
FNDA:105,(anonymous_4)
FNDA:108,(anonymous_5)
FNDA:4,(anonymous_6)
DA:1,18
DA:3,18
DA:4,18
DA:5,18
DA:6,18
DA:17,18
DA:19,18
DA:20,18
DA:21,18
DA:22,18
DA:26,86
DA:30,105
DA:34,108
DA:38,4
LF:14
LH:14
BRF:0
BRH:0
end_of_record
TN:
SF:src/services/cleanup/cleanup.service.ts
FN:12,(anonymous_4)
FN:20,(anonymous_5)
FNF:2
FNH:2
FNDA:18,(anonymous_4)
FNDA:1,(anonymous_5)
DA:1,18
DA:2,18
DA:3,18
DA:4,18
DA:5,18
DA:7,18
DA:8,18
DA:11,18
DA:14,18
DA:16,18
DA:20,18
DA:21,1
DA:29,1
DA:30,1
DA:31,1
DA:32,1
DA:36,1
DA:37,1
DA:38,1
DA:39,1
DA:40,1
DA:46,1
LF:22
LH:22
BRDA:29,0,0,1
BRDA:31,1,0,1
BRDA:36,2,0,1
BRF:3
BRH:3
end_of_record
TN:
SF:src/services/email/email.service.ts
FN:11,(anonymous_2)
FN:23,(anonymous_3)
FNF:2
FNH:0
FNDA:0,(anonymous_2)
FNDA:0,(anonymous_3)
DA:1,18
DA:2,18
DA:3,18
DA:5,18
DA:8,18
DA:11,0
DA:12,0
DA:24,0
DA:26,0
DA:38,0
LF:10
LH:5
BRF:0
BRH:0
end_of_record
TN:
SF:src/services/farm/farm-get.service.ts
FN:16,(anonymous_2)
FN:21,(anonymous_3)
FNF:2
FNH:2
FNDA:18,(anonymous_2)
FNDA:5,(anonymous_3)
DA:1,18
DA:5,18
DA:6,18
DA:10,18
DA:15,18
DA:17,18
DA:18,18
DA:22,5
DA:23,5
DA:25,4
DA:29,3
DA:30,1
DA:33,2
LF:13
LH:13
BRDA:29,0,0,1
BRF:1
BRH:1
end_of_record
TN:
SF:src/services/farm/farm.service.ts
FN:11,(anonymous_2)
FN:13,(anonymous_3)
FNF:2
FNH:2
FNDA:18,(anonymous_2)
FNDA:5,(anonymous_3)
DA:1,18
DA:3,18
DA:10,18
DA:11,18
DA:14,5
LF:5
LH:5
BRF:0
BRH:0
end_of_record
TN:
SF:src/services/plant/plant-create.service.ts
FN:18,(anonymous_4)
FN:25,(anonymous_5)
FNF:2
FNH:2
FNDA:18,(anonymous_4)
FNDA:75,(anonymous_5)
DA:1,18
DA:2,18
DA:3,18
DA:5,18
DA:7,18
DA:8,18
DA:12,18
DA:17,18
DA:20,18
DA:21,18
DA:22,18
DA:26,75
DA:27,75
DA:29,74
DA:31,74
DA:37,74
DA:39,74
DA:40,74
DA:42,1
DA:44,73
LF:20
LH:20
BRF:0
BRH:0
end_of_record
TN:
SF:src/services/plant/plant-delete.service.ts
FN:19,(anonymous_4)
FN:27,(anonymous_5)
FNF:2
FNH:2
FNDA:18,(anonymous_4)
FNDA:4,(anonymous_5)
DA:1,18
DA:2,18
DA:3,18
DA:5,18
DA:7,18
DA:8,18
DA:9,18
DA:13,18
DA:18,18
DA:21,18
DA:22,18
DA:23,18
DA:24,18
DA:28,4
DA:29,4
DA:31,3
DA:33,3
DA:38,2
DA:39,2
DA:41,1
DA:44,1
LF:21
LH:21
BRF:0
BRH:0
end_of_record
TN:
SF:src/services/plant/plant-get.service.ts
FN:15,(anonymous_2)
FN:21,(anonymous_3)
FNF:2
FNH:2
FNDA:18,(anonymous_2)
FNDA:3,(anonymous_3)
DA:1,18
DA:5,18
DA:6,18
DA:7,18
DA:14,18
DA:16,18
DA:17,18
DA:18,18
DA:22,3
DA:23,3
DA:25,2
DA:27,2
LF:12
LH:12
BRF:0
BRH:0
end_of_record
TN:
SF:src/services/plant/plant-list.service.ts
FN:17,(anonymous_2)
FN:23,(anonymous_3)
FNF:2
FNH:2
FNDA:18,(anonymous_2)
FNDA:3,(anonymous_3)
DA:1,18
DA:5,18
DA:6,18
DA:7,18
DA:16,18
DA:18,18
DA:19,18
DA:20,18
DA:24,3
DA:25,3
DA:27,2
DA:29,2
LF:12
LH:12
BRF:0
BRH:0
end_of_record
TN:
SF:src/services/plant/plant-update.service.ts
FN:19,(anonymous_4)
FN:27,(anonymous_5)
FNF:2
FNH:2
FNDA:18,(anonymous_4)
FNDA:4,(anonymous_5)
DA:1,18
DA:2,18
DA:3,18
DA:5,18
DA:7,18
DA:8,18
DA:9,18
DA:13,18
DA:18,18
DA:21,18
DA:22,18
DA:23,18
DA:24,18
DA:28,4
DA:29,4
DA:31,3
DA:33,3
DA:38,2
DA:43,2
DA:44,2
DA:46,1
DA:48,1
LF:22
LH:22
BRF:0
BRH:0
end_of_record
TN:
SF:src/services/plant/plant.service.ts
FN:15,(anonymous_2)
FN:23,(anonymous_3)
FN:27,(anonymous_4)
FN:31,(anonymous_5)
FN:35,(anonymous_6)
FN:39,(anonymous_7)
FNF:6
FNH:6
FNDA:18,(anonymous_2)
FNDA:75,(anonymous_3)
FNDA:4,(anonymous_4)
FNDA:3,(anonymous_5)
FNDA:4,(anonymous_6)
FNDA:3,(anonymous_7)
DA:1,18
DA:3,18
DA:4,18
DA:5,18
DA:6,18
DA:7,18
DA:14,18
DA:16,18
DA:17,18
DA:18,18
DA:19,18
DA:20,18
DA:24,75
DA:28,4
DA:32,3
DA:36,4
DA:40,3
LF:17
LH:17
BRF:0
BRH:0
end_of_record
TN:
SF:src/services/token/token.service.ts
FN:22,(anonymous_4)
FN:28,(anonymous_5)
FN:32,(anonymous_6)
FN:62,(anonymous_7)
FNF:4
FNH:4
FNDA:90,(anonymous_4)
FNDA:120,(anonymous_5)
FNDA:101,(anonymous_6)
FNDA:4,(anonymous_7)
DA:1,18
DA:2,18
DA:3,18
DA:4,18
DA:5,18
DA:6,18
DA:7,18
DA:9,18
DA:11,18
DA:13,18
DA:21,18
DA:23,90
DA:25,90
DA:29,120
DA:33,101
DA:40,101
DA:44,101
DA:46,101
DA:47,101
DA:49,0
DA:52,101
DA:55,101
DA:59,101
DA:64,4
DA:65,4
DA:67,1
DA:69,3
DA:73,3
DA:74,1
DA:77,2
DA:79,2
DA:80,1
DA:83,1
DA:90,1
LF:34
LH:33
BRDA:73,0,0,1
BRDA:73,1,0,3
BRDA:73,1,1,2
BRDA:79,2,0,1
BRF:4
BRH:4
end_of_record
TN:
SF:src/services/user/user-create.service.ts
FN:18,(anonymous_2)
FN:24,(anonymous_3)
FNF:2
FNH:2
FNDA:18,(anonymous_2)
FNDA:36,(anonymous_3)
DA:1,18
DA:5,18
DA:7,18
DA:8,18
DA:12,18
DA:17,18
DA:19,18
DA:20,18
DA:21,18
DA:25,36
DA:26,36
DA:28,34
DA:30,34
DA:32,31
DA:33,31
DA:35,0
DA:38,31
LF:17
LH:16
BRF:0
BRH:0
end_of_record
TN:
SF:src/services/user/user-delete.service.ts
FN:18,(anonymous_4)
FN:25,(anonymous_5)
FNF:2
FNH:2
FNDA:18,(anonymous_4)
FNDA:7,(anonymous_5)
DA:1,18
DA:2,18
DA:3,18
DA:5,18
DA:7,18
DA:8,18
DA:12,18
DA:17,18
DA:20,18
DA:21,18
DA:22,18
DA:26,7
DA:27,7
DA:29,5
DA:30,1
DA:33,4
DA:35,4
DA:37,3
DA:38,3
DA:40,1
DA:43,2
LF:21
LH:21
BRDA:29,0,0,1
BRF:1
BRH:1
end_of_record
TN:
SF:src/services/user/user-get.service.ts
FN:16,(anonymous_2)
FN:18,(anonymous_3)
FNF:2
FNH:2
FNDA:18,(anonymous_2)
FNDA:6,(anonymous_3)
DA:1,18
DA:4,18
DA:6,18
DA:10,18
DA:15,18
DA:16,18
DA:19,6
DA:20,6
DA:22,5
DA:23,3
DA:24,1
DA:28,4
DA:29,2
DA:32,2
LF:14
LH:14
BRDA:22,0,0,3
BRDA:22,1,0,5
BRDA:22,1,1,3
BRDA:23,2,0,1
BRDA:28,3,0,2
BRDA:28,4,0,4
BRDA:28,4,1,2
BRF:7
BRH:7
end_of_record
TN:
SF:src/services/user/user-list.service.ts
FN:13,(anonymous_2)
FN:15,(anonymous_3)
FNF:2
FNH:2
FNDA:18,(anonymous_2)
FNDA:1,(anonymous_3)
DA:1,18
DA:5,18
DA:12,18
DA:13,18
DA:16,1
DA:17,1
DA:19,1
LF:7
LH:7
BRF:0
BRH:0
end_of_record
TN:
SF:src/services/user/user-set-role.service.ts
FN:18,(anonymous_4)
FN:25,(anonymous_5)
FNF:2
FNH:2
FNDA:18,(anonymous_4)
FNDA:6,(anonymous_5)
DA:1,18
DA:2,18
DA:3,18
DA:5,18
DA:7,18
DA:8,18
DA:12,18
DA:17,18
DA:20,18
DA:21,18
DA:22,18
DA:26,6
DA:27,6
DA:29,4
DA:30,1
DA:33,3
DA:35,3
DA:37,2
DA:39,2
DA:40,2
DA:42,1
DA:44,1
LF:22
LH:22
BRDA:29,0,0,1
BRF:1
BRH:1
end_of_record
TN:
SF:src/services/user/user-update.service.ts
FN:19,(anonymous_4)
FN:26,(anonymous_5)
FNF:2
FNH:2
FNDA:18,(anonymous_4)
FNDA:6,(anonymous_5)
DA:1,18
DA:2,18
DA:3,18
DA:6,18
DA:8,18
DA:9,18
DA:13,18
DA:18,18
DA:21,18
DA:22,18
DA:23,18
DA:27,6
DA:28,6
DA:30,4
DA:32,4
DA:33,3
DA:34,1
DA:38,3
DA:40,3
DA:41,3
DA:44,2
DA:46,1
LF:22
LH:22
BRDA:32,0,0,3
BRDA:33,1,0,1
BRDA:33,2,0,3
BRDA:33,2,1,1
BRF:4
BRH:4
end_of_record
TN:
SF:src/services/user/user.service.ts
FN:16,(anonymous_2)
FN:25,(anonymous_3)
FN:29,(anonymous_4)
FN:33,(anonymous_5)
FN:37,(anonymous_6)
FN:41,(anonymous_7)
FN:45,(anonymous_8)
FNF:7
FNH:7
FNDA:18,(anonymous_2)
FNDA:36,(anonymous_3)
FNDA:6,(anonymous_4)
FNDA:7,(anonymous_5)
FNDA:6,(anonymous_6)
FNDA:6,(anonymous_7)
FNDA:1,(anonymous_8)
DA:1,18
DA:3,18
DA:4,18
DA:5,18
DA:6,18
DA:7,18
DA:8,18
DA:15,18
DA:17,18
DA:18,18
DA:19,18
DA:20,18
DA:21,18
DA:22,18
DA:26,36
DA:30,6
DA:34,7
DA:38,6
DA:42,6
DA:46,1
LF:20
LH:20
BRF:0
BRH:0
end_of_record
TN:
SF:src/strategies/jwt.strategy.ts
FN:10,(anonymous_2)
FN:23,(anonymous_3)
FNF:2
FNH:2
FNDA:72,(anonymous_2)
FNDA:163,(anonymous_3)
DA:1,18
DA:2,18
DA:3,18
DA:4,18
DA:9,18
DA:10,72
DA:11,72
DA:12,72
DA:13,0
DA:16,72
DA:24,163
LF:11
LH:10
BRDA:12,0,0,0
BRF:1
BRH:0
end_of_record
TN:
SF:src/utils/constants.ts
FNF:0
FNH:0
DA:1,18
DA:5,18
LF:2
LH:2
BRF:0
BRH:0
end_of_record
